<?xml version="1.0" encoding="UTF-8"?>
<coverage generated="1789939845870" clover="3.2.0">
  <project timestamp="1789939845870" name="All files">
    <metrics statements="1449" coveredstatements="1220" conditionals="894" coveredconditionals="622" methods="295" coveredmethods="249" elements="2638" coveredelements="2091" complexity="0" loc="1449" ncloc="1449" packages="14" files="56" classes="56"/>
    <package name="application.auth">
      <metrics statements="228" coveredstatements="179" conditionals="81" coveredconditionals="45" methods="42" coveredmethods="35"/>
      <file name="AuthContext.tsx" path="E:\code\client\tngble-app\src\application\auth\AuthContext.tsx">
        <metrics statements="205" coveredstatements="159" conditionals="75" coveredconditionals="40" methods="32" coveredmethods="26"/>
        <line num="72" count="8" type="stmt"/>
        <line num="84" count="77" type="stmt"/>
        <line num="85" count="77" type="stmt"/>
        <line num="86" count="36" type="cond" truecount="2" falsecount="0"/>
        <line num="88" count="77" type="stmt"/>
        <line num="89" count="77" type="stmt"/>
        <line num="90" count="77" type="stmt"/>
        <line num="91" count="77" type="stmt"/>
        <line num="92" count="77" type="stmt"/>
        <line num="95" count="77" type="stmt"/>
        <line num="96" count="77" type="stmt"/>
        <line num="97" count="77" type="stmt"/>
        <line num="99" count="77" type="stmt"/>
        <line num="100" count="26" type="stmt"/>
        <line num="101" count="26" type="stmt"/>
        <line num="102" count="26" type="cond" truecount="1" falsecount="1"/>
        <line num="106" count="77" type="stmt"/>
        <line num="107" count="77" type="stmt"/>
        <line num="108" count="0" type="stmt"/>
        <line num="110" count="77" type="stmt"/>
        <line num="111" count="0" type="stmt"/>
        <line num="114" count="77" type="stmt"/>
        <line num="115" count="30" type="cond" truecount="2" falsecount="0"/>
        <line num="116" count="29" type="stmt"/>
        <line num="117" count="29" type="stmt"/>
        <line num="118" count="29" type="stmt"/>
        <line num="119" count="29" type="stmt"/>
        <line num="122" count="77" type="stmt"/>
        <line num="123" count="29" type="stmt"/>
        <line num="124" count="29" type="stmt"/>
        <line num="127" count="77" type="stmt"/>
        <line num="129" count="11" type="stmt"/>
        <line num="130" count="11" type="stmt"/>
        <line num="131" count="11" type="stmt"/>
        <line num="132" count="11" type="stmt"/>
        <line num="137" count="77" type="stmt"/>
        <line num="139" count="2" type="stmt"/>
        <line num="140" count="2" type="cond" truecount="1" falsecount="1"/>
        <line num="142" count="2" type="cond" truecount="3" falsecount="1"/>
        <line num="146" count="2" type="stmt"/>
        <line num="154" count="2" type="cond" truecount="1" falsecount="1"/>
        <line num="155" count="2" type="stmt"/>
        <line num="156" count="2" type="stmt"/>
        <line num="158" count="0" type="cond" truecount="0" falsecount="2"/>
        <line num="159" count="0" type="stmt"/>
        <line num="160" count="0" type="stmt"/>
        <line num="162" count="0" type="stmt"/>
        <line num="163" count="0" type="stmt"/>
        <line num="168" count="77" type="stmt"/>
        <line num="169" count="5" type="cond" truecount="1" falsecount="1"/>
        <line num="170" count="5" type="stmt"/>
        <line num="171" count="5" type="stmt"/>
        <line num="172" count="5" type="stmt"/>
        <line num="173" count="5" type="cond" truecount="1" falsecount="1"/>
        <line num="174" count="0" type="stmt"/>
        <line num="175" count="0" type="stmt"/>
        <line num="176" count="0" type="stmt"/>
        <line num="178" count="5" type="stmt"/>
        <line num="179" count="5" type="stmt"/>
        <line num="181" count="0" type="stmt"/>
        <line num="182" count="0" type="stmt"/>
        <line num="183" count="0" type="cond" truecount="0" falsecount="2"/>
        <line num="184" count="0" type="stmt"/>
        <line num="186" count="5" type="stmt"/>
        <line num="190" count="77" type="stmt"/>
        <line num="191" count="36" type="cond" truecount="2" falsecount="0"/>
        <line num="194" count="5" type="stmt"/>
        <line num="198" count="77" type="stmt"/>
        <line num="200" count="3" type="cond" truecount="1" falsecount="1"/>
        <line num="201" count="3" type="stmt"/>
        <line num="202" count="3" type="stmt"/>
        <line num="203" count="3" type="cond" truecount="1" falsecount="1"/>
        <line num="206" count="3" type="stmt"/>
        <line num="207" count="3" type="stmt"/>
        <line num="209" count="3" type="stmt"/>
        <line num="211" count="0" type="stmt"/>
        <line num="213" count="3" type="stmt"/>
        <line num="219" count="77" type="stmt"/>
        <line num="221" count="7" type="cond" truecount="2" falsecount="0"/>
        <line num="222" count="6" type="stmt"/>
        <line num="223" count="6" type="stmt"/>
        <line num="224" count="6" type="stmt"/>
        <line num="226" count="0" type="stmt"/>
        <line num="228" count="6" type="stmt"/>
        <line num="234" count="77" type="stmt"/>
        <line num="236" count="2" type="cond" truecount="1" falsecount="1"/>
        <line num="237" count="2" type="stmt"/>
        <line num="238" count="2" type="stmt"/>
        <line num="239" count="0" type="stmt"/>
        <line num="241" count="2" type="stmt"/>
        <line num="243" count="2" type="stmt"/>
        <line num="249" count="77" type="stmt"/>
        <line num="250" count="4" type="cond" truecount="1" falsecount="1"/>
        <line num="251" count="4" type="cond" truecount="2" falsecount="0"/>
        <line num="252" count="1" type="stmt"/>
        <line num="256" count="4" type="stmt"/>
        <line num="257" count="4" type="stmt"/>
        <line num="258" count="4" type="stmt"/>
        <line num="259" count="4" type="stmt"/>
        <line num="260" count="4" type="stmt"/>
        <line num="262" count="0" type="stmt"/>
        <line num="264" count="4" type="stmt"/>
        <line num="268" count="77" type="stmt"/>
        <line num="270" count="2" type="cond" truecount="1" falsecount="1"/>
        <line num="271" count="2" type="stmt"/>
        <line num="272" count="2" type="stmt"/>
        <line num="273" count="1" type="stmt"/>
        <line num="274" count="1" type="stmt"/>
        <line num="276" count="1" type="stmt"/>
        <line num="277" count="1" type="stmt"/>
        <line num="279" count="2" type="stmt"/>
        <line num="285" count="77" type="stmt"/>
        <line num="287" count="1" type="cond" truecount="1" falsecount="1"/>
        <line num="288" count="1" type="stmt"/>
        <line num="289" count="1" type="stmt"/>
        <line num="290" count="1" type="stmt"/>
        <line num="291" count="1" type="stmt"/>
        <line num="293" count="0" type="stmt"/>
        <line num="294" count="0" type="stmt"/>
        <line num="296" count="1" type="stmt"/>
        <line num="302" count="77" type="stmt"/>
        <line num="304" count="1" type="cond" truecount="1" falsecount="1"/>
        <line num="305" count="1" type="stmt"/>
        <line num="306" count="1" type="stmt"/>
        <line num="307" count="1" type="stmt"/>
        <line num="308" count="1" type="stmt"/>
        <line num="310" count="0" type="stmt"/>
        <line num="311" count="0" type="stmt"/>
        <line num="313" count="1" type="stmt"/>
        <line num="319" count="77" type="stmt"/>
        <line num="321" count="5" type="stmt"/>
        <line num="329" count="5" type="stmt"/>
        <line num="330" count="5" type="stmt"/>
        <line num="333" count="77" type="stmt"/>
        <line num="334" count="42" type="cond" truecount="2" falsecount="0"/>
        <line num="335" count="6" type="stmt"/>
        <line num="336" count="0" type="stmt"/>
        <line num="337" count="0" type="cond" truecount="0" falsecount="2"/>
        <line num="339" count="6" type="stmt"/>
        <line num="342" count="77" type="stmt"/>
        <line num="344" count="3" type="stmt"/>
        <line num="345" count="3" type="cond" truecount="2" falsecount="0"/>
        <line num="346" count="1" type="stmt"/>
        <line num="349" count="1" type="stmt"/>
        <line num="351" count="2" type="cond" truecount="1" falsecount="1"/>
        <line num="352" count="2" type="stmt"/>
        <line num="353" count="2" type="cond" truecount="2" falsecount="0"/>
        <line num="354" count="2" type="stmt"/>
        <line num="355" count="2" type="stmt"/>
        <line num="356" count="2" type="stmt"/>
        <line num="357" count="2" type="stmt"/>
        <line num="359" count="0" type="stmt"/>
        <line num="360" count="0" type="stmt"/>
        <line num="362" count="2" type="stmt"/>
        <line num="368" count="77" type="stmt"/>
        <line num="370" count="2" type="cond" truecount="1" falsecount="1"/>
        <line num="371" count="2" type="stmt"/>
        <line num="372" count="2" type="stmt"/>
        <line num="373" count="2" type="stmt"/>
        <line num="375" count="2" type="cond" truecount="1" falsecount="1"/>
        <line num="376" count="2" type="stmt"/>
        <line num="378" count="2" type="stmt"/>
        <line num="380" count="0" type="stmt"/>
        <line num="381" count="0" type="stmt"/>
        <line num="383" count="2" type="stmt"/>
        <line num="389" count="77" type="stmt"/>
        <line num="390" count="1" type="cond" truecount="1" falsecount="1"/>
        <line num="391" count="1" type="stmt"/>
        <line num="392" count="1" type="stmt"/>
        <line num="393" count="1" type="cond" truecount="1" falsecount="1"/>
        <line num="395" count="0" type="cond" truecount="0" falsecount="4"/>
        <line num="396" count="0" type="stmt"/>
        <line num="398" count="0" type="stmt"/>
        <line num="399" count="0" type="stmt"/>
        <line num="400" count="0" type="stmt"/>
        <line num="401" count="0" type="stmt"/>
        <line num="404" count="1" type="cond" truecount="1" falsecount="1"/>
        <line num="405" count="1" type="stmt"/>
        <line num="406" count="1" type="stmt"/>
        <line num="407" count="1" type="cond" truecount="1" falsecount="1"/>
        <line num="408" count="1" type="stmt"/>
        <line num="410" count="1" type="stmt"/>
        <line num="411" count="1" type="stmt"/>
        <line num="412" count="1" type="stmt"/>
        <line num="414" count="0" type="stmt"/>
        <line num="420" count="0" type="stmt"/>
        <line num="422" count="0" type="stmt"/>
        <line num="423" count="0" type="stmt"/>
        <line num="425" count="1" type="stmt"/>
        <line num="429" count="77" type="stmt"/>
        <line num="430" count="0" type="cond" truecount="0" falsecount="2"/>
        <line num="431" count="0" type="stmt"/>
        <line num="432" count="0" type="stmt"/>
        <line num="435" count="77" type="stmt"/>
        <line num="436" count="0" type="stmt"/>
        <line num="437" count="0" type="stmt"/>
        <line num="439" count="0" type="stmt"/>
        <line num="440" count="0" type="stmt"/>
        <line num="444" count="77" type="stmt"/>
        <line num="445" count="75" type="stmt"/>
        <line num="501" count="77" type="stmt"/>
        <line num="509" count="185" type="stmt"/>
        <line num="510" count="185" type="cond" truecount="1" falsecount="1"/>
        <line num="511" count="0" type="stmt"/>
        <line num="513" count="185" type="stmt"/>
      </file>
      <file name="AuthServiceProvider.tsx" path="E:\code\client\tngble-app\src\application\auth\AuthServiceProvider.tsx">
        <metrics statements="6" coveredstatements="5" conditionals="2" coveredconditionals="1" methods="2" coveredmethods="2"/>
        <line num="5" count="8" type="stmt"/>
        <line num="14" count="36" type="stmt"/>
        <line num="20" count="77" type="stmt"/>
        <line num="21" count="77" type="cond" truecount="1" falsecount="1"/>
        <line num="22" count="0" type="stmt"/>
        <line num="24" count="77" type="stmt"/>
      </file>
      <file name="createAuthService.ts" path="E:\code\client\tngble-app\src\application\auth\createAuthService.ts">
        <metrics statements="7" coveredstatements="7" conditionals="4" coveredconditionals="4" methods="3" coveredmethods="3"/>
        <line num="8" count="1" type="stmt"/>
        <line num="13" count="2" type="stmt"/>
        <line num="22" count="2" type="stmt"/>
        <line num="23" count="2" type="stmt"/>
        <line num="24" count="2" type="cond" truecount="4" falsecount="0"/>
        <line num="25" count="1" type="stmt"/>
        <line num="27" count="1" type="stmt"/>
      </file>
      <file name="useConfirmEmailOtp.ts" path="E:\code\client\tngble-app\src\application\auth\useConfirmEmailOtp.ts">
        <metrics statements="2" coveredstatements="0" conditionals="0" coveredconditionals="0" methods="1" coveredmethods="0"/>
        <line num="5" count="0" type="stmt"/>
        <line num="6" count="0" type="stmt"/>
      </file>
      <file name="usePasswordReset.ts" path="E:\code\client\tngble-app\src\application\auth\usePasswordReset.ts">
        <metrics statements="2" coveredstatements="2" conditionals="0" coveredconditionals="0" methods="1" coveredmethods="1"/>
        <line num="11" count="18" type="stmt"/>
        <line num="12" count="18" type="stmt"/>
      </file>
      <file name="useSignIn.ts" path="E:\code\client\tngble-app\src\application\auth\useSignIn.ts">
        <metrics statements="2" coveredstatements="2" conditionals="0" coveredconditionals="0" methods="1" coveredmethods="1"/>
        <line num="4" count="41" type="stmt"/>
        <line num="5" count="41" type="stmt"/>
      </file>
      <file name="useSignUp.ts" path="E:\code\client\tngble-app\src\application\auth\useSignUp.ts">
        <metrics statements="2" coveredstatements="2" conditionals="0" coveredconditionals="0" methods="1" coveredmethods="1"/>
        <line num="4" count="24" type="stmt"/>
        <line num="5" count="24" type="stmt"/>
      </file>
      <file name="useSocialSignIn.ts" path="E:\code\client\tngble-app\src\application\auth\useSocialSignIn.ts">
        <metrics statements="2" coveredstatements="2" conditionals="0" coveredconditionals="0" methods="1" coveredmethods="1"/>
        <line num="4" count="41" type="stmt"/>
        <line num="5" count="41" type="stmt"/>
      </file>
    </package>
    <package name="application.consent">
      <metrics statements="1" coveredstatements="1" conditionals="1" coveredconditionals="1" methods="1" coveredmethods="1"/>
      <file name="useConsentGate.ts" path="E:\code\client\tngble-app\src\application\consent\useConsentGate.ts">
        <metrics statements="1" coveredstatements="1" conditionals="1" coveredconditionals="1" methods="1" coveredmethods="1"/>
        <line num="14" count="56" type="stmt"/>
      </file>
    </package>
    <package name="domain.auth">
      <metrics statements="86" coveredstatements="82" conditionals="97" coveredconditionals="87" methods="27" coveredmethods="27"/>
      <file name="AuthError.ts" path="E:\code\client\tngble-app\src\domain\auth\AuthError.ts">
        <metrics statements="2" coveredstatements="2" conditionals="4" coveredconditionals="3" methods="1" coveredmethods="1"/>
        <line num="18" count="14" type="stmt"/>
        <line num="33" count="43" type="stmt"/>
      </file>
      <file name="AuthState.ts" path="E:\code\client\tngble-app\src\domain\auth\AuthState.ts">
        <metrics statements="5" coveredstatements="5" conditionals="2" coveredconditionals="2" methods="5" coveredmethods="5"/>
        <line num="13" count="8" type="stmt"/>
        <line num="17" count="2" type="stmt"/>
        <line num="21" count="2" type="stmt"/>
        <line num="25" count="3" type="cond" truecount="2" falsecount="0"/>
        <line num="29" count="2" type="stmt"/>
      </file>
      <file name="AuthStateMachine.ts" path="E:\code\client\tngble-app\src\domain\auth\AuthStateMachine.ts">
        <metrics statements="15" coveredstatements="13" conditionals="13" coveredconditionals="12" methods="4" coveredmethods="4"/>
        <line num="21" count="22" type="cond" truecount="2" falsecount="0"/>
        <line num="24" count="14" type="stmt"/>
        <line num="61" count="37" type="cond" truecount="8" falsecount="1"/>
        <line num="63" count="6" type="stmt"/>
        <line num="65" count="1" type="stmt"/>
        <line num="68" count="22" type="stmt"/>
        <line num="70" count="2" type="stmt"/>
        <line num="72" count="1" type="stmt"/>
        <line num="75" count="5" type="stmt"/>
        <line num="77" count="0" type="stmt"/>
        <line num="78" count="0" type="stmt"/>
        <line num="87" count="41" type="cond" truecount="2" falsecount="0"/>
        <line num="88" count="4" type="stmt"/>
        <line num="92" count="37" type="stmt"/>
        <line num="99" count="1" type="stmt"/>
      </file>
      <file name="errorMapping.ts" path="E:\code\client\tngble-app\src\domain\auth\errorMapping.ts">
        <metrics statements="64" coveredstatements="62" conditionals="78" coveredconditionals="70" methods="17" coveredmethods="17"/>
        <line num="26" count="14" type="stmt"/>
        <line num="28" count="14" type="stmt"/>
        <line num="32" count="15" type="stmt"/>
        <line num="37" count="13" type="stmt"/>
        <line num="42" count="11" type="cond" truecount="2" falsecount="0"/>
        <line num="47" count="10" type="stmt"/>
        <line num="52" count="10" type="stmt"/>
        <line num="57" count="8" type="stmt"/>
        <line num="61" count="5" type="stmt"/>
        <line num="66" count="33" type="cond" truecount="4" falsecount="0"/>
        <line num="67" count="31" type="stmt"/>
        <line num="69" count="2" type="stmt"/>
        <line num="70" count="2" type="stmt"/>
        <line num="79" count="14" type="cond" truecount="2" falsecount="0"/>
        <line num="84" count="33" type="stmt"/>
        <line num="101" count="25" type="cond" truecount="4" falsecount="0"/>
        <line num="103" count="25" type="cond" truecount="2" falsecount="0"/>
        <line num="104" count="95" type="cond" truecount="2" falsecount="0"/>
        <line num="107" count="25" type="cond" truecount="1" falsecount="1"/>
        <line num="115" count="100" type="cond" truecount="2" falsecount="0"/>
        <line num="117" count="50" type="cond" truecount="2" falsecount="0"/>
        <line num="118" count="25" type="cond" truecount="1" falsecount="1"/>
        <line num="119" count="25" type="cond" truecount="1" falsecount="1"/>
        <line num="120" count="25" type="stmt"/>
        <line num="129" count="33" type="cond" truecount="4" falsecount="0"/>
        <line num="130" count="25" type="stmt"/>
        <line num="131" count="25" type="cond" truecount="1" falsecount="1"/>
        <line num="140" count="39" type="cond" truecount="2" falsecount="0"/>
        <line num="141" count="2" type="stmt"/>
        <line num="146" count="37" type="cond" truecount="2" falsecount="0"/>
        <line num="147" count="35" type="stmt"/>
        <line num="148" count="35" type="cond" truecount="2" falsecount="0"/>
        <line num="153" count="4" type="stmt"/>
        <line num="158" count="33" type="cond" truecount="2" falsecount="0"/>
        <line num="164" count="33" type="stmt"/>
        <line num="166" count="33" type="cond" truecount="2" falsecount="0"/>
        <line num="167" count="7" type="stmt"/>
        <line num="175" count="26" type="cond" truecount="2" falsecount="0"/>
        <line num="176" count="2" type="stmt"/>
        <line num="186" count="24" type="cond" truecount="2" falsecount="0"/>
        <line num="187" count="1" type="stmt"/>
        <line num="197" count="23" type="cond" truecount="2" falsecount="0"/>
        <line num="198" count="1" type="stmt"/>
        <line num="208" count="22" type="cond" truecount="2" falsecount="0"/>
        <line num="214" count="2" type="stmt"/>
        <line num="224" count="20" type="cond" truecount="2" falsecount="0"/>
        <line num="225" count="1" type="stmt"/>
        <line num="235" count="19" type="cond" truecount="2" falsecount="0"/>
        <line num="240" count="1" type="stmt"/>
        <line num="250" count="18" type="cond" truecount="2" falsecount="0"/>
        <line num="251" count="1" type="stmt"/>
        <line num="262" count="17" type="cond" truecount="2" falsecount="0"/>
        <line num="263" count="1" type="stmt"/>
        <line num="273" count="16" type="cond" truecount="1" falsecount="1"/>
        <line num="278" count="0" type="stmt"/>
        <line num="288" count="16" type="cond" truecount="2" falsecount="2"/>
        <line num="289" count="0" type="stmt"/>
        <line num="299" count="16" type="cond" truecount="4" falsecount="0"/>
        <line num="300" count="1" type="stmt"/>
        <line num="310" count="15" type="stmt"/>
        <line num="311" count="72" type="cond" truecount="2" falsecount="0"/>
        <line num="312" count="12" type="stmt"/>
        <line num="316" count="3" type="stmt"/>
        <line num="321" count="8" type="stmt"/>
      </file>
    </package>
    <package name="domain.consent">
      <metrics statements="12" coveredstatements="12" conditionals="9" coveredconditionals="8" methods="4" coveredmethods="4"/>
      <file name="Consent.ts" path="E:\code\client\tngble-app\src\domain\consent\Consent.ts">
        <metrics statements="3" coveredstatements="3" conditionals="3" coveredconditionals="2" methods="2" coveredmethods="2"/>
        <line num="7" count="9" type="stmt"/>
        <line num="17" count="13" type="cond" truecount="1" falsecount="1"/>
        <line num="18" count="13" type="stmt"/>
      </file>
      <file name="ConsentGate.ts" path="E:\code\client\tngble-app\src\domain\consent\ConsentGate.ts">
        <metrics statements="9" coveredstatements="9" conditionals="6" coveredconditionals="6" methods="2" coveredmethods="2"/>
        <line num="17" count="131" type="stmt"/>
        <line num="18" count="131" type="cond" truecount="2" falsecount="0"/>
        <line num="19" count="1" type="stmt"/>
        <line num="21" count="130" type="cond" truecount="2" falsecount="0"/>
        <line num="22" count="118" type="stmt"/>
        <line num="24" count="12" type="cond" truecount="2" falsecount="0"/>
        <line num="25" count="2" type="stmt"/>
        <line num="27" count="10" type="stmt"/>
        <line num="34" count="65" type="stmt"/>
      </file>
    </package>
    <package name="domain.sanitization">
      <metrics statements="79" coveredstatements="73" conditionals="52" coveredconditionals="46" methods="10" coveredmethods="10"/>
      <file name="constants.ts" path="E:\code\client\tngble-app\src\domain\sanitization\constants.ts">
        <metrics statements="8" coveredstatements="8" conditionals="0" coveredconditionals="0" methods="0" coveredmethods="0"/>
        <line num="1" count="15" type="stmt"/>
        <line num="2" count="15" type="stmt"/>
        <line num="3" count="15" type="stmt"/>
        <line num="4" count="15" type="stmt"/>
        <line num="5" count="15" type="stmt"/>
        <line num="8" count="15" type="stmt"/>
        <line num="11" count="15" type="stmt"/>
        <line num="14" count="15" type="stmt"/>
      </file>
      <file name="normalizeEmail.ts" path="E:\code\client\tngble-app\src\domain\sanitization\normalizeEmail.ts">
        <metrics statements="10" coveredstatements="9" conditionals="6" coveredconditionals="5" methods="2" coveredmethods="2"/>
        <line num="9" count="136" type="stmt"/>
        <line num="23" count="136" type="cond" truecount="1" falsecount="1"/>
        <line num="24" count="0" type="stmt"/>
        <line num="27" count="136" type="stmt"/>
        <line num="29" count="136" type="stmt"/>
        <line num="30" count="136" type="cond" truecount="4" falsecount="0"/>
        <line num="31" count="107" type="stmt"/>
        <line num="34" count="29" type="stmt"/>
        <line num="35" count="29" type="stmt"/>
        <line num="36" count="29" type="stmt"/>
      </file>
      <file name="normalizeName.ts" path="E:\code\client\tngble-app\src\domain\sanitization\normalizeName.ts">
        <metrics statements="7" coveredstatements="6" conditionals="4" coveredconditionals="3" methods="1" coveredmethods="1"/>
        <line num="13" count="125" type="stmt"/>
        <line num="14" count="125" type="cond" truecount="2" falsecount="0"/>
        <line num="15" count="1" type="stmt"/>
        <line num="18" count="125" type="stmt"/>
        <line num="26" count="125" type="cond" truecount="1" falsecount="1"/>
        <line num="27" count="0" type="stmt"/>
        <line num="30" count="125" type="stmt"/>
      </file>
      <file name="normalizePassword.ts" path="E:\code\client\tngble-app\src\domain\sanitization\normalizePassword.ts">
        <metrics statements="1" coveredstatements="1" conditionals="0" coveredconditionals="0" methods="1" coveredmethods="1"/>
        <line num="5" count="18" type="stmt"/>
      </file>
      <file name="normalizeVerificationCode.ts" path="E:\code\client\tngble-app\src\domain\sanitization\normalizeVerificationCode.ts">
        <metrics statements="2" coveredstatements="2" conditionals="0" coveredconditionals="0" methods="1" coveredmethods="1"/>
        <line num="7" count="62" type="stmt"/>
        <line num="8" count="62" type="stmt"/>
      </file>
      <file name="validateEmail.ts" path="E:\code\client\tngble-app\src\domain\sanitization\validateEmail.ts">
        <metrics statements="30" coveredstatements="28" conditionals="26" coveredconditionals="24" methods="2" coveredmethods="2"/>
        <line num="5" count="15" type="stmt"/>
        <line num="6" count="15" type="stmt"/>
        <line num="7" count="15" type="stmt"/>
        <line num="13" count="25" type="stmt"/>
        <line num="14" count="25" type="stmt"/>
        <line num="15" count="49" type="stmt"/>
        <line num="16" count="49" type="stmt"/>
        <line num="17" count="49" type="stmt"/>
        <line num="18" count="49" type="stmt"/>
        <line num="19" count="49" type="cond" truecount="2" falsecount="0"/>
        <line num="21" count="24" type="stmt"/>
        <line num="34" count="36" type="cond" truecount="2" falsecount="0"/>
        <line num="35" count="1" type="stmt"/>
        <line num="38" count="35" type="stmt"/>
        <line num="40" count="35" type="cond" truecount="2" falsecount="0"/>
        <line num="41" count="5" type="stmt"/>
        <line num="44" count="30" type="cond" truecount="4" falsecount="0"/>
        <line num="45" count="1" type="stmt"/>
        <line num="48" count="29" type="stmt"/>
        <line num="49" count="29" type="cond" truecount="4" falsecount="0"/>
        <line num="50" count="4" type="stmt"/>
        <line num="53" count="25" type="stmt"/>
        <line num="54" count="25" type="stmt"/>
        <line num="56" count="25" type="cond" truecount="3" falsecount="1"/>
        <line num="57" count="0" type="stmt"/>
        <line num="60" count="25" type="cond" truecount="5" falsecount="1"/>
        <line num="61" count="0" type="stmt"/>
        <line num="64" count="25" type="cond" truecount="2" falsecount="0"/>
        <line num="65" count="1" type="stmt"/>
        <line num="68" count="24" type="stmt"/>
      </file>
      <file name="validateName.ts" path="E:\code\client\tngble-app\src\domain\sanitization\validateName.ts">
        <metrics statements="8" coveredstatements="6" conditionals="6" coveredconditionals="4" methods="1" coveredmethods="1"/>
        <line num="8" count="23" type="cond" truecount="1" falsecount="1"/>
        <line num="10" count="0" type="stmt"/>
        <line num="13" count="23" type="stmt"/>
        <line num="14" count="23" type="cond" truecount="2" falsecount="0"/>
        <line num="15" count="3" type="stmt"/>
        <line num="17" count="20" type="cond" truecount="1" falsecount="1"/>
        <line num="18" count="0" type="stmt"/>
        <line num="20" count="20" type="stmt"/>
      </file>
      <file name="validatePassword.ts" path="E:\code\client\tngble-app\src\domain\sanitization\validatePassword.ts">
        <metrics statements="6" coveredstatements="6" conditionals="4" coveredconditionals="4" methods="1" coveredmethods="1"/>
        <line num="12" count="17" type="stmt"/>
        <line num="13" count="17" type="cond" truecount="2" falsecount="0"/>
        <line num="14" count="3" type="stmt"/>
        <line num="16" count="14" type="cond" truecount="2" falsecount="0"/>
        <line num="17" count="2" type="stmt"/>
        <line num="19" count="12" type="stmt"/>
      </file>
      <file name="validateVerificationCode.ts" path="E:\code\client\tngble-app\src\domain\sanitization\validateVerificationCode.ts">
        <metrics statements="7" coveredstatements="7" conditionals="6" coveredconditionals="6" methods="1" coveredmethods="1"/>
        <line num="10" count="12" type="stmt"/>
        <line num="11" count="12" type="cond" truecount="4" falsecount="0"/>
        <line num="12" count="1" type="stmt"/>
        <line num="15" count="11" type="stmt"/>
        <line num="16" count="11" type="cond" truecount="2" falsecount="0"/>
        <line num="17" count="1" type="stmt"/>
        <line num="19" count="10" type="stmt"/>
      </file>
    </package>
    <package name="domain.shared">
      <metrics statements="4" coveredstatements="2" conditionals="0" coveredconditionals="0" methods="4" coveredmethods="2"/>
      <file name="Result.ts" path="E:\code\client\tngble-app\src\domain\shared\Result.ts">
        <metrics statements="4" coveredstatements="2" conditionals="0" coveredconditionals="0" methods="4" coveredmethods="2"/>
        <line num="6" count="66" type="stmt"/>
        <line num="10" count="22" type="stmt"/>
        <line num="14" count="0" type="stmt"/>
        <line num="18" count="0" type="stmt"/>
      </file>
    </package>
    <package name="infrastructure.auth">
      <metrics statements="401" coveredstatements="303" conditionals="276" coveredconditionals="157" methods="60" coveredmethods="50"/>
      <file name="Auth0Adapter.ts" path="E:\code\client\tngble-app\src\infrastructure\auth\Auth0Adapter.ts">
        <metrics statements="257" coveredstatements="181" conditionals="175" coveredconditionals="89" methods="32" coveredmethods="23"/>
        <line num="43" count="10" type="stmt"/>
        <line num="44" count="10" type="stmt"/>
        <line num="46" count="10" type="stmt"/>
        <line num="48" count="10" type="stmt"/>
        <line num="150" count="1" type="stmt"/>
        <line num="157" count="0" type="cond" truecount="0" falsecount="4"/>
        <line num="159" count="0" type="stmt"/>
        <line num="166" count="0" type="stmt"/>
        <line num="175" count="0" type="stmt"/>
        <line num="179" count="23" type="stmt"/>
        <line num="182" count="94" type="stmt"/>
        <line num="186" count="23" type="stmt"/>
        <line num="187" count="23" type="stmt"/>
        <line num="188" count="23" type="stmt"/>
        <line num="190" count="23" type="stmt"/>
        <line num="202" count="20" type="stmt"/>
        <line num="203" count="20" type="stmt"/>
        <line num="204" count="20" type="stmt"/>
        <line num="207" count="20" type="cond" truecount="2" falsecount="0"/>
        <line num="208" count="20" type="cond" truecount="2" falsecount="0"/>
        <line num="209" count="20" type="stmt"/>
        <line num="210" count="20" type="cond" truecount="2" falsecount="0"/>
        <line num="211" count="20" type="stmt"/>
        <line num="212" count="20" type="stmt"/>
        <line num="215" count="20" type="cond" truecount="2" falsecount="0"/>
        <line num="216" count="20" type="stmt"/>
        <line num="226" count="4" type="cond" truecount="1" falsecount="1"/>
        <line num="227" count="0" type="stmt"/>
        <line num="230" count="4" type="stmt"/>
        <line num="231" count="4" type="stmt"/>
        <line num="232" count="4" type="cond" truecount="1" falsecount="1"/>
        <line num="233" count="4" type="cond" truecount="1" falsecount="1"/>
        <line num="235" count="4" type="cond" truecount="2" falsecount="0"/>
        <line num="241" count="1" type="stmt"/>
        <line num="244" count="3" type="stmt"/>
        <line num="245" count="3" type="stmt"/>
        <line num="246" count="3" type="stmt"/>
        <line num="247" count="3" type="stmt"/>
        <line num="248" count="3" type="stmt"/>
        <line num="249" count="3" type="stmt"/>
        <line num="251" count="3" type="stmt"/>
        <line num="252" count="3" type="stmt"/>
        <line num="265" count="0" type="cond" truecount="0" falsecount="2"/>
        <line num="266" count="0" type="stmt"/>
        <line num="267" count="0" type="stmt"/>
        <line num="270" count="0" type="stmt"/>
        <line num="275" count="3" type="stmt"/>
        <line num="283" count="3" type="stmt"/>
        <line num="284" count="3" type="stmt"/>
        <line num="286" count="3" type="stmt"/>
        <line num="292" count="3" type="stmt"/>
        <line num="294" count="0" type="stmt"/>
        <line num="295" count="0" type="stmt"/>
        <line num="296" count="0" type="stmt"/>
        <line num="306" count="1" type="stmt"/>
        <line num="307" count="1" type="cond" truecount="1" falsecount="1"/>
        <line num="308" count="0" type="stmt"/>
        <line num="311" count="1" type="stmt"/>
        <line num="312" count="1" type="cond" truecount="1" falsecount="1"/>
        <line num="313" count="0" type="stmt"/>
        <line num="316" count="1" type="stmt"/>
        <line num="319" count="1" type="stmt"/>
        <line num="324" count="1" type="cond" truecount="1" falsecount="1"/>
        <line num="325" count="0" type="stmt"/>
        <line num="332" count="1" type="cond" truecount="1" falsecount="1"/>
        <line num="333" count="0" type="stmt"/>
        <line num="337" count="0" type="cond" truecount="0" falsecount="2"/>
        <line num="341" count="0" type="stmt"/>
        <line num="346" count="1" type="stmt"/>
        <line num="351" count="1" type="stmt"/>
        <line num="352" count="1" type="stmt"/>
        <line num="354" count="1" type="stmt"/>
        <line num="359" count="1" type="stmt"/>
        <line num="361" count="1" type="stmt"/>
        <line num="362" count="1" type="stmt"/>
        <line num="364" count="0" type="stmt"/>
        <line num="365" count="0" type="stmt"/>
        <line num="373" count="1" type="cond" truecount="1" falsecount="2"/>
        <line num="374" count="1" type="stmt"/>
        <line num="376" count="1" type="cond" truecount="1" falsecount="1"/>
        <line num="377" count="0" type="stmt"/>
        <line num="382" count="1" type="stmt"/>
        <line num="383" count="1" type="stmt"/>
        <line num="385" count="0" type="stmt"/>
        <line num="394" count="5" type="stmt"/>
        <line num="395" count="5" type="stmt"/>
        <line num="397" count="5" type="cond" truecount="2" falsecount="0"/>
        <line num="398" count="4" type="stmt"/>
        <line num="399" count="4" type="cond" truecount="1" falsecount="1"/>
        <line num="400" count="0" type="stmt"/>
        <line num="404" count="5" type="cond" truecount="4" falsecount="0"/>
        <line num="405" count="2" type="cond" truecount="1" falsecount="1"/>
        <line num="406" count="0" type="stmt"/>
        <line num="409" count="2" type="stmt"/>
        <line num="410" count="2" type="cond" truecount="1" falsecount="1"/>
        <line num="411" count="0" type="stmt"/>
        <line num="414" count="2" type="stmt"/>
        <line num="415" count="2" type="stmt"/>
        <line num="416" count="2" type="stmt"/>
        <line num="417" count="2" type="stmt"/>
        <line num="418" count="2" type="stmt"/>
        <line num="419" count="2" type="stmt"/>
        <line num="421" count="0" type="stmt"/>
        <line num="425" count="3" type="stmt"/>
        <line num="432" count="3" type="stmt"/>
        <line num="433" count="3" type="stmt"/>
        <line num="437" count="2" type="stmt"/>
        <line num="438" count="2" type="stmt"/>
        <line num="439" count="2" type="stmt"/>
        <line num="440" count="2" type="stmt"/>
        <line num="442" count="1" type="stmt"/>
        <line num="449" count="2" type="stmt"/>
        <line num="453" count="3" type="stmt"/>
        <line num="454" count="3" type="stmt"/>
        <line num="457" count="3" type="stmt"/>
        <line num="458" count="3" type="stmt"/>
        <line num="460" count="0" type="stmt"/>
        <line num="464" count="3" type="stmt"/>
        <line num="465" count="3" type="stmt"/>
        <line num="469" count="3" type="stmt"/>
        <line num="470" count="3" type="stmt"/>
        <line num="475" count="0" type="stmt"/>
        <line num="482" count="4" type="cond" truecount="1" falsecount="1"/>
        <line num="483" count="4" type="cond" truecount="1" falsecount="1"/>
        <line num="484" count="0" type="stmt"/>
        <line num="489" count="4" type="stmt"/>
        <line num="490" count="4" type="stmt"/>
        <line num="491" count="3" type="stmt"/>
        <line num="493" count="1" type="stmt"/>
        <line num="495" count="1" type="cond" truecount="2" falsecount="2"/>
        <line num="496" count="1" type="stmt"/>
        <line num="500" count="0" type="stmt"/>
        <line num="505" count="2" type="stmt"/>
        <line num="506" count="2" type="cond" truecount="1" falsecount="1"/>
        <line num="507" count="0" type="stmt"/>
        <line num="510" count="2" type="stmt"/>
        <line num="511" count="2" type="cond" truecount="1" falsecount="1"/>
        <line num="512" count="0" type="stmt"/>
        <line num="515" count="2" type="stmt"/>
        <line num="520" count="2" type="stmt"/>
        <line num="521" count="2" type="stmt"/>
        <line num="526" count="1" type="stmt"/>
        <line num="529" count="1" type="stmt"/>
        <line num="531" count="2" type="cond" truecount="3" falsecount="1"/>
        <line num="532" count="0" type="stmt"/>
        <line num="537" count="2" type="stmt"/>
        <line num="543" count="0" type="stmt"/>
        <line num="548" count="1" type="stmt"/>
        <line num="549" count="1" type="cond" truecount="1" falsecount="1"/>
        <line num="550" count="0" type="stmt"/>
        <line num="553" count="1" type="stmt"/>
        <line num="554" count="1" type="cond" truecount="3" falsecount="1"/>
        <line num="555" count="0" type="stmt"/>
        <line num="558" count="1" type="stmt"/>
        <line num="561" count="1" type="stmt"/>
        <line num="562" count="1" type="stmt"/>
        <line num="571" count="0" type="stmt"/>
        <line num="574" count="1" type="stmt"/>
        <line num="582" count="1" type="cond" truecount="1" falsecount="1"/>
        <line num="583" count="0" type="stmt"/>
        <line num="584" count="0" type="stmt"/>
        <line num="591" count="1" type="stmt"/>
        <line num="592" count="1" type="stmt"/>
        <line num="593" count="1" type="cond" truecount="3" falsecount="1"/>
        <line num="594" count="0" type="stmt"/>
        <line num="601" count="1" type="stmt"/>
        <line num="602" count="1" type="stmt"/>
        <line num="614" count="0" type="stmt"/>
        <line num="617" count="1" type="cond" truecount="1" falsecount="1"/>
        <line num="618" count="0" type="stmt"/>
        <line num="623" count="0" type="stmt"/>
        <line num="635" count="1" type="stmt"/>
        <line num="639" count="2" type="stmt"/>
        <line num="640" count="2" type="stmt"/>
        <line num="641" count="2" type="cond" truecount="2" falsecount="0"/>
        <line num="643" count="1" type="stmt"/>
        <line num="644" count="0" type="stmt"/>
        <line num="646" count="1" type="stmt"/>
        <line num="649" count="1" type="stmt"/>
        <line num="650" count="1" type="stmt"/>
        <line num="655" count="1" type="stmt"/>
        <line num="656" count="1" type="stmt"/>
        <line num="657" count="1" type="cond" truecount="1" falsecount="1"/>
        <line num="659" count="1" type="stmt"/>
        <line num="666" count="1" type="stmt"/>
        <line num="667" count="1" type="stmt"/>
        <line num="669" count="0" type="stmt"/>
        <line num="672" count="0" type="stmt"/>
        <line num="673" count="0" type="stmt"/>
        <line num="678" count="0" type="stmt"/>
        <line num="679" count="0" type="stmt"/>
        <line num="680" count="0" type="cond" truecount="0" falsecount="2"/>
        <line num="682" count="0" type="stmt"/>
        <line num="683" count="0" type="cond" truecount="0" falsecount="2"/>
        <line num="685" count="0" type="stmt"/>
        <line num="686" count="0" type="stmt"/>
        <line num="694" count="12" type="stmt"/>
        <line num="701" count="3" type="stmt"/>
        <line num="713" count="8" type="stmt"/>
        <line num="714" count="8" type="stmt"/>
        <line num="728" count="1" type="stmt"/>
        <line num="731" count="7" type="stmt"/>
        <line num="733" count="7" type="cond" truecount="1" falsecount="1"/>
        <line num="734" count="0" type="stmt"/>
        <line num="751" count="4" type="stmt"/>
        <line num="763" count="4" type="cond" truecount="2" falsecount="0"/>
        <line num="764" count="4" type="cond" truecount="1" falsecount="1"/>
        <line num="765" count="4" type="stmt"/>
        <line num="770" count="4" type="stmt"/>
        <line num="771" count="4" type="stmt"/>
        <line num="777" count="0" type="stmt"/>
        <line num="780" count="4" type="stmt"/>
        <line num="782" count="4" type="cond" truecount="2" falsecount="0"/>
        <line num="783" count="1" type="stmt"/>
        <line num="794" count="3" type="cond" truecount="3" falsecount="1"/>
        <line num="795" count="0" type="stmt"/>
        <line num="802" count="3" type="cond" truecount="1" falsecount="1"/>
        <line num="804" count="3" type="stmt"/>
        <line num="817" count="0" type="cond" truecount="0" falsecount="2"/>
        <line num="818" count="0" type="stmt"/>
        <line num="823" count="0" type="stmt"/>
        <line num="824" count="0" type="stmt"/>
        <line num="833" count="0" type="stmt"/>
        <line num="836" count="0" type="stmt"/>
        <line num="840" count="0" type="cond" truecount="0" falsecount="2"/>
        <line num="841" count="0" type="stmt"/>
        <line num="842" count="0" type="stmt"/>
        <line num="852" count="0" type="stmt"/>
        <line num="853" count="0" type="cond" truecount="0" falsecount="5"/>
        <line num="854" count="0" type="stmt"/>
        <line num="860" count="0" type="stmt"/>
        <line num="864" count="2" type="stmt"/>
        <line num="870" count="2" type="stmt"/>
        <line num="871" count="2" type="stmt"/>
        <line num="875" count="2" type="stmt"/>
        <line num="876" count="2" type="stmt"/>
        <line num="877" count="2" type="stmt"/>
        <line num="878" count="2" type="stmt"/>
        <line num="880" count="0" type="stmt"/>
        <line num="889" count="8" type="stmt"/>
        <line num="891" count="8" type="cond" truecount="4" falsecount="0"/>
        <line num="892" count="1" type="stmt"/>
        <line num="897" count="8" type="stmt"/>
        <line num="898" count="8" type="cond" truecount="2" falsecount="0"/>
        <line num="899" count="1" type="stmt"/>
        <line num="902" count="8" type="stmt"/>
        <line num="906" count="7" type="stmt"/>
        <line num="907" count="7" type="stmt"/>
        <line num="908" count="7" type="stmt"/>
        <line num="915" count="0" type="cond" truecount="0" falsecount="2"/>
        <line num="916" count="0" type="stmt"/>
        <line num="917" count="0" type="stmt"/>
        <line num="918" count="0" type="cond" truecount="0" falsecount="4"/>
        <line num="920" count="0" type="stmt"/>
        <line num="925" count="3" type="stmt"/>
        <line num="926" count="3" type="stmt"/>
        <line num="927" count="3" type="stmt"/>
      </file>
      <file name="Auth0Config.ts" path="E:\code\client\tngble-app\src\infrastructure\auth\Auth0Config.ts">
        <metrics statements="5" coveredstatements="5" conditionals="1" coveredconditionals="0" methods="2" coveredmethods="2"/>
        <line num="7" count="12" type="stmt"/>
        <line num="9" count="12" type="stmt"/>
        <line num="17" count="2" type="stmt"/>
        <line num="18" count="2" type="stmt"/>
        <line num="30" count="21" type="stmt"/>
      </file>
      <file name="FakeAuthAdapter.ts" path="E:\code\client\tngble-app\src\infrastructure\auth\FakeAuthAdapter.ts">
        <metrics statements="126" coveredstatements="107" conditionals="86" coveredconditionals="60" methods="20" coveredmethods="20"/>
        <line num="32" count="11" type="stmt"/>
        <line num="35" count="19" type="stmt"/>
        <line num="50" count="47" type="stmt"/>
        <line num="51" count="47" type="stmt"/>
        <line num="52" count="47" type="stmt"/>
        <line num="53" count="47" type="stmt"/>
        <line num="54" count="47" type="stmt"/>
        <line num="56" count="47" type="stmt"/>
        <line num="57" count="47" type="stmt"/>
        <line num="58" count="47" type="stmt"/>
        <line num="59" count="47" type="stmt"/>
        <line num="60" count="47" type="stmt"/>
        <line num="63" count="47" type="cond" truecount="2" falsecount="0"/>
        <line num="64" count="47" type="cond" truecount="2" falsecount="0"/>
        <line num="68" count="1" type="stmt"/>
        <line num="73" count="1" type="stmt"/>
        <line num="77" count="6" type="stmt"/>
        <line num="78" count="6" type="cond" truecount="1" falsecount="1"/>
        <line num="79" count="0" type="stmt"/>
        <line num="81" count="6" type="stmt"/>
        <line num="82" count="6" type="stmt"/>
        <line num="83" count="6" type="stmt"/>
        <line num="84" count="6" type="stmt"/>
        <line num="85" count="6" type="stmt"/>
        <line num="95" count="6" type="stmt"/>
        <line num="99" count="7" type="stmt"/>
        <line num="100" count="7" type="stmt"/>
        <line num="101" count="7" type="stmt"/>
        <line num="112" count="6" type="cond" truecount="4" falsecount="0"/>
        <line num="113" count="3" type="stmt"/>
        <line num="115" count="3" type="stmt"/>
        <line num="116" count="3" type="stmt"/>
        <line num="119" count="3" type="cond" truecount="2" falsecount="0"/>
        <line num="125" count="3" type="stmt"/>
        <line num="136" count="3" type="stmt"/>
        <line num="137" count="3" type="stmt"/>
        <line num="138" count="3" type="stmt"/>
        <line num="139" count="3" type="stmt"/>
        <line num="140" count="3" type="stmt"/>
        <line num="141" count="3" type="stmt"/>
        <line num="145" count="4" type="stmt"/>
        <line num="146" count="3" type="stmt"/>
        <line num="147" count="3" type="cond" truecount="1" falsecount="1"/>
        <line num="148" count="0" type="stmt"/>
        <line num="150" count="3" type="stmt"/>
        <line num="151" count="3" type="stmt"/>
        <line num="152" count="3" type="stmt"/>
        <line num="156" count="2" type="stmt"/>
        <line num="157" count="2" type="stmt"/>
        <line num="158" count="2" type="cond" truecount="1" falsecount="1"/>
        <line num="159" count="0" type="stmt"/>
        <line num="161" count="2" type="cond" truecount="1" falsecount="1"/>
        <line num="162" count="0" type="stmt"/>
        <line num="164" count="2" type="cond" truecount="1" falsecount="1"/>
        <line num="165" count="0" type="stmt"/>
        <line num="167" count="2" type="stmt"/>
        <line num="168" count="2" type="stmt"/>
        <line num="172" count="1" type="stmt"/>
        <line num="173" count="1" type="stmt"/>
        <line num="174" count="1" type="cond" truecount="1" falsecount="1"/>
        <line num="175" count="0" type="stmt"/>
        <line num="177" count="1" type="cond" truecount="3" falsecount="1"/>
        <line num="178" count="0" type="stmt"/>
        <line num="180" count="1" type="stmt"/>
        <line num="181" count="1" type="stmt"/>
        <line num="182" count="1" type="stmt"/>
        <line num="186" count="3" type="stmt"/>
        <line num="187" count="3" type="cond" truecount="2" falsecount="1"/>
        <line num="188" count="3" type="cond" truecount="1" falsecount="1"/>
        <line num="189" count="0" type="stmt"/>
        <line num="191" count="3" type="stmt"/>
        <line num="192" count="3" type="stmt"/>
        <line num="196" count="4" type="stmt"/>
        <line num="197" count="4" type="stmt"/>
        <line num="198" count="4" type="cond" truecount="1" falsecount="1"/>
        <line num="199" count="0" type="stmt"/>
        <line num="201" count="4" type="cond" truecount="2" falsecount="2"/>
        <line num="202" count="0" type="stmt"/>
        <line num="204" count="4" type="cond" truecount="2" falsecount="0"/>
        <line num="205" count="1" type="stmt"/>
        <line num="207" count="3" type="stmt"/>
        <line num="208" count="3" type="cond" truecount="1" falsecount="1"/>
        <line num="209" count="3" type="stmt"/>
        <line num="210" count="3" type="stmt"/>
        <line num="211" count="3" type="stmt"/>
        <line num="223" count="6" type="cond" truecount="4" falsecount="0"/>
        <line num="224" count="1" type="stmt"/>
        <line num="225" count="1" type="stmt"/>
        <line num="226" count="1" type="stmt"/>
        <line num="228" count="5" type="cond" truecount="1" falsecount="1"/>
        <line num="229" count="0" type="stmt"/>
        <line num="231" count="5" type="stmt"/>
        <line num="235" count="1" type="cond" truecount="3" falsecount="1"/>
        <line num="236" count="0" type="stmt"/>
        <line num="237" count="0" type="stmt"/>
        <line num="238" count="0" type="stmt"/>
        <line num="240" count="1" type="cond" truecount="3" falsecount="1"/>
        <line num="241" count="1" type="cond" truecount="1" falsecount="1"/>
        <line num="242" count="1" type="stmt"/>
        <line num="243" count="1" type="stmt"/>
        <line num="247" count="1" type="stmt"/>
        <line num="251" count="4" type="cond" truecount="2" falsecount="0"/>
        <line num="252" count="1" type="stmt"/>
        <line num="253" count="1" type="stmt"/>
        <line num="254" count="1" type="stmt"/>
        <line num="256" count="3" type="stmt"/>
        <line num="260" count="5" type="stmt"/>
        <line num="261" count="5" type="stmt"/>
        <line num="262" count="5" type="cond" truecount="2" falsecount="0"/>
        <line num="263" count="3" type="stmt"/>
        <line num="265" count="2" type="stmt"/>
        <line num="270" count="10" type="cond" truecount="1" falsecount="1"/>
        <line num="271" count="0" type="stmt"/>
        <line num="273" count="10" type="cond" truecount="2" falsecount="0"/>
        <line num="274" count="3" type="stmt"/>
        <line num="276" count="7" type="stmt"/>
        <line num="280" count="13" type="stmt"/>
        <line num="281" count="13" type="stmt"/>
        <line num="282" count="13" type="stmt"/>
        <line num="286" count="30" type="cond" truecount="2" falsecount="6"/>
        <line num="288" count="1" type="stmt"/>
        <line num="291" count="0" type="stmt"/>
        <line num="293" count="0" type="stmt"/>
        <line num="295" count="0" type="stmt"/>
        <line num="298" count="0" type="stmt"/>
        <line num="300" count="29" type="stmt"/>
      </file>
      <file name="auth0Errors.ts" path="E:\code\client\tngble-app\src\infrastructure\auth\auth0Errors.ts">
        <metrics statements="2" coveredstatements="1" conditionals="0" coveredconditionals="0" methods="2" coveredmethods="1"/>
        <line num="7" count="6" type="stmt"/>
        <line num="11" count="0" type="stmt"/>
      </file>
      <file name="mappers.ts" path="E:\code\client\tngble-app\src\infrastructure\auth\mappers.ts">
        <metrics statements="11" coveredstatements="9" conditionals="14" coveredconditionals="8" methods="4" coveredmethods="4"/>
        <line num="6" count="2" type="cond" truecount="2" falsecount="0"/>
        <line num="13" count="8" type="stmt"/>
        <line num="26" count="8" type="cond" truecount="1" falsecount="1"/>
        <line num="27" count="0" type="stmt"/>
        <line num="29" count="8" type="stmt"/>
        <line num="30" count="8" type="stmt"/>
        <line num="36" count="1" type="cond" truecount="1" falsecount="1"/>
        <line num="37" count="1" type="cond" truecount="1" falsecount="1"/>
        <line num="38" count="1" type="cond" truecount="1" falsecount="1"/>
        <line num="39" count="1" type="cond" truecount="1" falsecount="1"/>
        <line num="40" count="0" type="stmt"/>
      </file>
    </package>
    <package name="infrastructure.config">
      <metrics statements="16" coveredstatements="16" conditionals="14" coveredconditionals="13" methods="4" coveredmethods="4"/>
      <file name="env.ts" path="E:\code\client\tngble-app\src\infrastructure\config\env.ts">
        <metrics statements="16" coveredstatements="16" conditionals="14" coveredconditionals="13" methods="4" coveredmethods="4"/>
        <line num="23" count="40" type="cond" truecount="2" falsecount="0"/>
        <line num="24" count="14" type="stmt"/>
        <line num="25" count="14" type="cond" truecount="1" falsecount="1"/>
        <line num="32" count="12" type="stmt"/>
        <line num="33" count="12" type="stmt"/>
        <line num="34" count="12" type="stmt"/>
        <line num="36" count="12" type="stmt"/>
        <line num="37" count="12" type="cond" truecount="2" falsecount="0"/>
        <line num="38" count="12" type="cond" truecount="2" falsecount="0"/>
        <line num="40" count="12" type="cond" truecount="2" falsecount="0"/>
        <line num="41" count="6" type="stmt"/>
        <line num="46" count="6" type="stmt"/>
        <line num="55" count="7" type="stmt"/>
        <line num="56" count="7" type="stmt"/>
        <line num="58" count="5" type="stmt"/>
        <line num="63" count="4" type="stmt"/>
      </file>
    </package>
    <package name="infrastructure.logging">
      <metrics statements="37" coveredstatements="28" conditionals="28" coveredconditionals="18" methods="13" coveredmethods="9"/>
      <file name="logger.ts" path="E:\code\client\tngble-app\src\infrastructure\logging\logger.ts">
        <metrics statements="20" coveredstatements="12" conditionals="12" coveredconditionals="5" methods="8" coveredmethods="4"/>
        <line num="7" count="10" type="stmt"/>
        <line num="8" count="2" type="cond" truecount="1" falsecount="1"/>
        <line num="9" count="2" type="cond" truecount="2" falsecount="2"/>
        <line num="11" count="0" type="cond" truecount="0" falsecount="2"/>
        <line num="12" count="0" type="stmt"/>
        <line num="14" count="1" type="cond" truecount="1" falsecount="1"/>
        <line num="15" count="1" type="stmt"/>
        <line num="17" count="1" type="stmt"/>
        <line num="18" count="1" type="stmt"/>
        <line num="20" count="0" type="stmt"/>
        <line num="21" count="0" type="stmt"/>
        <line num="25" count="10" type="stmt"/>
        <line num="29" count="0" type="stmt"/>
        <line num="33" count="0" type="stmt"/>
        <line num="37" count="2" type="cond" truecount="1" falsecount="1"/>
        <line num="40" count="10" type="stmt"/>
        <line num="41" count="0" type="stmt"/>
        <line num="42" count="1" type="stmt"/>
        <line num="43" count="1" type="stmt"/>
        <line num="44" count="0" type="stmt"/>
      </file>
      <file name="redaction.ts" path="E:\code\client\tngble-app\src\infrastructure\logging\redaction.ts">
        <metrics statements="17" coveredstatements="16" conditionals="16" coveredconditionals="13" methods="5" coveredmethods="5"/>
        <line num="1" count="11" type="stmt"/>
        <line num="19" count="11" type="stmt"/>
        <line num="21" count="11" type="stmt"/>
        <line num="24" count="8" type="stmt"/>
        <line num="25" count="81" type="cond" truecount="2" falsecount="0"/>
        <line num="29" count="6" type="stmt"/>
        <line num="37" count="7" type="cond" truecount="1" falsecount="1"/>
        <line num="38" count="7" type="cond" truecount="2" falsecount="0"/>
        <line num="39" count="5" type="cond" truecount="4" falsecount="0"/>
        <line num="40" count="4" type="cond" truecount="1" falsecount="1"/>
        <line num="41" count="4" type="cond" truecount="1" falsecount="1"/>
        <line num="42" count="4" type="stmt"/>
        <line num="43" count="4" type="stmt"/>
        <line num="44" count="8" type="cond" truecount="2" falsecount="0"/>
        <line num="46" count="4" type="stmt"/>
        <line num="48" count="0" type="stmt"/>
        <line num="52" count="4" type="stmt"/>
      </file>
    </package>
    <package name="infrastructure.storage">
      <metrics statements="7" coveredstatements="7" conditionals="0" coveredconditionals="0" methods="6" coveredmethods="6"/>
      <file name="CredentialsManager.ts" path="E:\code\client\tngble-app\src\infrastructure\storage\CredentialsManager.ts">
        <metrics statements="4" coveredstatements="4" conditionals="0" coveredconditionals="0" methods="5" coveredmethods="5"/>
        <line num="35" count="8" type="stmt"/>
        <line num="44" count="2" type="stmt"/>
        <line num="48" count="4" type="stmt"/>
        <line num="52" count="3" type="stmt"/>
      </file>
      <file name="clearLegacySession.ts" path="E:\code\client\tngble-app\src\infrastructure\storage\clearLegacySession.ts">
        <metrics statements="3" coveredstatements="3" conditionals="0" coveredconditionals="0" methods="1" coveredmethods="1"/>
        <line num="7" count="11" type="stmt"/>
        <line num="14" count="6" type="stmt"/>
        <line num="15" count="6" type="stmt"/>
      </file>
    </package>
    <package name="presentation.components">
      <metrics statements="53" coveredstatements="49" conditionals="51" coveredconditionals="33" methods="21" coveredmethods="17"/>
      <file name="ConsentCheckbox.tsx" path="E:\code\client\tngble-app\src\presentation\components\ConsentCheckbox.tsx">
        <metrics statements="3" coveredstatements="3" conditionals="14" coveredconditionals="7" methods="2" coveredmethods="2"/>
        <line num="25" count="11" type="stmt"/>
        <line num="33" count="1" type="stmt"/>
        <line num="65" count="3" type="stmt"/>
      </file>
      <file name="ErrorBanner.tsx" path="E:\code\client\tngble-app\src\presentation\components\ErrorBanner.tsx">
        <metrics statements="2" coveredstatements="2" conditionals="0" coveredconditionals="0" methods="1" coveredmethods="1"/>
        <line num="18" count="15" type="stmt"/>
        <line num="25" count="6" type="stmt"/>
      </file>
      <file name="PasswordStrengthMeter.tsx" path="E:\code\client\tngble-app\src\presentation\components\PasswordStrengthMeter.tsx">
        <metrics statements="12" coveredstatements="12" conditionals="16" coveredconditionals="13" methods="3" coveredmethods="3"/>
        <line num="17" count="36" type="cond" truecount="2" falsecount="0"/>
        <line num="18" count="21" type="cond" truecount="2" falsecount="0"/>
        <line num="19" count="16" type="cond" truecount="1" falsecount="1"/>
        <line num="20" count="16" type="stmt"/>
        <line num="24" count="24" type="stmt"/>
        <line num="25" count="24" type="stmt"/>
        <line num="26" count="24" type="stmt"/>
        <line num="28" count="24" type="cond" truecount="2" falsecount="0"/>
        <line num="29" count="15" type="stmt"/>
        <line num="32" count="9" type="stmt"/>
        <line num="36" count="36" type="stmt"/>
        <line num="57" count="1" type="stmt"/>
      </file>
      <file name="PhoneNumberField.tsx" path="E:\code\client\tngble-app\src\presentation\components\PhoneNumberField.tsx">
        <metrics statements="6" coveredstatements="6" conditionals="2" coveredconditionals="2" methods="3" coveredmethods="3"/>
        <line num="19" count="1" type="stmt"/>
        <line num="21" count="3" type="stmt"/>
        <line num="32" count="1" type="stmt"/>
        <line num="40" count="4" type="stmt"/>
        <line num="68" count="1" type="stmt"/>
        <line num="70" count="1" type="stmt"/>
      </file>
      <file name="SocialAuthButtons.tsx" path="E:\code\client\tngble-app\src\presentation\components\SocialAuthButtons.tsx">
        <metrics statements="4" coveredstatements="4" conditionals="2" coveredconditionals="2" methods="3" coveredmethods="3"/>
        <line num="19" count="37" type="stmt"/>
        <line num="24" count="3" type="stmt"/>
        <line num="31" count="2" type="stmt"/>
        <line num="39" count="3" type="stmt"/>
      </file>
      <file name="VerificationCodeInput.tsx" path="E:\code\client\tngble-app\src\presentation\components\VerificationCodeInput.tsx">
        <metrics statements="26" coveredstatements="22" conditionals="17" coveredconditionals="9" methods="9" coveredmethods="5"/>
        <line num="32" count="20" type="stmt"/>
        <line num="33" count="20" type="stmt"/>
        <line num="34" count="20" type="stmt"/>
        <line num="35" count="20" type="stmt"/>
        <line num="36" count="20" type="stmt"/>
        <line num="37" count="20" type="stmt"/>
        <line num="39" count="20" type="stmt"/>
        <line num="40" count="20" type="stmt"/>
        <line num="43" count="20" type="stmt"/>
        <line num="44" count="8" type="cond" truecount="2" falsecount="0"/>
        <line num="45" count="2" type="cond" truecount="1" falsecount="1"/>
        <line num="46" count="2" type="stmt"/>
        <line num="47" count="2" type="stmt"/>
        <line num="48" count="2" type="stmt"/>
        <line num="50" count="6" type="stmt"/>
        <line num="53" count="20" type="stmt"/>
        <line num="58" count="0" type="stmt"/>
        <line num="62" count="120" type="stmt"/>
        <line num="63" count="120" type="cond" truecount="1" falsecount="1"/>
        <line num="64" count="120" type="stmt"/>
        <line num="84" count="0" type="stmt"/>
        <line num="86" count="2" type="stmt"/>
        <line num="87" count="2" type="stmt"/>
        <line num="89" count="0" type="stmt"/>
        <line num="91" count="0" type="cond" truecount="0" falsecount="4"/>
        <line num="104" count="2" type="stmt"/>
      </file>
    </package>
    <package name="presentation.screens">
      <metrics statements="444" coveredstatements="395" conditionals="229" coveredconditionals="169" methods="85" coveredmethods="67"/>
      <file name="ForgotPasswordCodeScreen.tsx" path="E:\code\client\tngble-app\src\presentation\screens\ForgotPasswordCodeScreen.tsx">
        <metrics statements="63" coveredstatements="49" conditionals="41" coveredconditionals="23" methods="11" coveredmethods="8"/>
        <line num="24" count="1" type="stmt"/>
        <line num="25" count="1" type="stmt"/>
        <line num="27" count="1" type="stmt"/>
        <line num="40" count="6" type="stmt"/>
        <line num="41" count="6" type="stmt"/>
        <line num="42" count="6" type="stmt"/>
        <line num="43" count="6" type="stmt"/>
        <line num="44" count="6" type="stmt"/>
        <line num="45" count="6" type="cond" truecount="1" falsecount="1"/>
        <line num="47" count="6" type="stmt"/>
        <line num="48" count="6" type="stmt"/>
        <line num="49" count="6" type="stmt"/>
        <line num="50" count="6" type="stmt"/>
        <line num="51" count="6" type="stmt"/>
        <line num="52" count="6" type="stmt"/>
        <line num="54" count="6" type="stmt"/>
        <line num="55" count="3" type="stmt"/>
        <line num="58" count="6" type="stmt"/>
        <line num="59" count="3" type="stmt"/>
        <line num="60" count="3" type="stmt"/>
        <line num="61" count="3" type="stmt"/>
        <line num="62" count="3" type="stmt"/>
        <line num="64" count="3" type="stmt"/>
        <line num="65" count="3" type="stmt"/>
        <line num="66" count="3" type="stmt"/>
        <line num="69" count="6" type="stmt"/>
        <line num="70" count="0" type="stmt"/>
        <line num="71" count="0" type="stmt"/>
        <line num="74" count="6" type="stmt"/>
        <line num="75" count="0" type="cond" truecount="0" falsecount="5"/>
        <line num="76" count="0" type="stmt"/>
        <line num="77" count="0" type="stmt"/>
        <line num="78" count="0" type="stmt"/>
        <line num="79" count="0" type="cond" truecount="0" falsecount="2"/>
        <line num="80" count="0" type="stmt"/>
        <line num="81" count="0" type="stmt"/>
        <line num="82" count="0" type="stmt"/>
        <line num="93" count="6" type="stmt"/>
        <line num="95" count="1" type="cond" truecount="4" falsecount="1"/>
        <line num="96" count="1" type="stmt"/>
        <line num="97" count="1" type="stmt"/>
        <line num="98" count="1" type="stmt"/>
        <line num="99" count="1" type="stmt"/>
        <line num="100" count="1" type="stmt"/>
        <line num="101" count="1" type="stmt"/>
        <line num="102" count="1" type="cond" truecount="1" falsecount="1"/>
        <line num="103" count="0" type="stmt"/>
        <line num="104" count="0" type="stmt"/>
        <line num="107" count="1" type="stmt"/>
        <line num="112" count="1" type="stmt"/>
        <line num="113" count="1" type="stmt"/>
        <line num="119" count="6" type="stmt"/>
        <line num="120" count="1" type="cond" truecount="1" falsecount="1"/>
        <line num="121" count="1" type="stmt"/>
        <line num="123" count="0" type="stmt"/>
        <line num="127" count="6" type="stmt"/>
        <line num="128" count="6" type="cond" truecount="3" falsecount="1"/>
        <line num="130" count="6" type="cond" truecount="4" falsecount="0"/>
        <line num="133" count="6" type="cond" truecount="2" falsecount="1"/>
        <line num="135" count="6" type="stmt"/>
        <line num="181" count="1" type="stmt"/>
        <line num="206" count="0" type="stmt"/>
        <line num="218" count="1" type="stmt"/>
      </file>
      <file name="ForgotPasswordNewScreen.tsx" path="E:\code\client\tngble-app\src\presentation\screens\ForgotPasswordNewScreen.tsx">
        <metrics statements="50" coveredstatements="43" conditionals="33" coveredconditionals="20" methods="9" coveredmethods="6"/>
        <line num="27" count="1" type="stmt"/>
        <line num="28" count="1" type="stmt"/>
        <line num="30" count="1" type="stmt"/>
        <line num="32" count="1" type="stmt"/>
        <line num="34" count="1" type="stmt"/>
        <line num="45" count="5" type="stmt"/>
        <line num="46" count="5" type="stmt"/>
        <line num="47" count="5" type="stmt"/>
        <line num="48" count="5" type="stmt"/>
        <line num="52" count="5" type="stmt"/>
        <line num="53" count="5" type="cond" truecount="1" falsecount="1"/>
        <line num="55" count="5" type="stmt"/>
        <line num="56" count="5" type="stmt"/>
        <line num="57" count="5" type="stmt"/>
        <line num="58" count="5" type="stmt"/>
        <line num="59" count="5" type="stmt"/>
        <line num="61" count="5" type="stmt"/>
        <line num="62" count="2" type="stmt"/>
        <line num="65" count="5" type="stmt"/>
        <line num="66" count="0" type="cond" truecount="0" falsecount="2"/>
        <line num="67" count="0" type="stmt"/>
        <line num="69" count="0" type="stmt"/>
        <line num="76" count="5" type="stmt"/>
        <line num="77" count="2" type="cond" truecount="3" falsecount="1"/>
        <line num="78" count="2" type="stmt"/>
        <line num="79" count="2" type="stmt"/>
        <line num="81" count="2" type="stmt"/>
        <line num="82" count="2" type="cond" truecount="2" falsecount="0"/>
        <line num="83" count="1" type="stmt"/>
        <line num="88" count="1" type="stmt"/>
        <line num="90" count="1" type="cond" truecount="1" falsecount="1"/>
        <line num="91" count="0" type="stmt"/>
        <line num="92" count="0" type="stmt"/>
        <line num="95" count="1" type="stmt"/>
        <line num="96" count="1" type="stmt"/>
        <line num="97" count="1" type="stmt"/>
        <line num="98" count="1" type="cond" truecount="1" falsecount="1"/>
        <line num="99" count="1" type="stmt"/>
        <line num="105" count="1" type="stmt"/>
        <line num="117" count="5" type="cond" truecount="3" falsecount="0"/>
        <line num="118" count="5" type="cond" truecount="2" falsecount="0"/>
        <line num="120" count="5" type="stmt"/>
        <line num="168" count="1" type="stmt"/>
        <line num="169" count="1" type="cond" truecount="1" falsecount="1"/>
        <line num="171" count="0" type="stmt"/>
        <line num="184" count="1" type="stmt"/>
        <line num="185" count="1" type="cond" truecount="1" falsecount="1"/>
        <line num="188" count="0" type="stmt"/>
        <line num="213" count="2" type="stmt"/>
        <line num="225" count="1" type="stmt"/>
      </file>
      <file name="ForgotPasswordScreen.tsx" path="E:\code\client\tngble-app\src\presentation\screens\ForgotPasswordScreen.tsx">
        <metrics statements="47" coveredstatements="45" conditionals="14" coveredconditionals="12" methods="7" coveredmethods="5"/>
        <line num="33" count="1" type="stmt"/>
        <line num="36" count="1" type="stmt"/>
        <line num="37" count="1" type="stmt"/>
        <line num="38" count="1" type="stmt"/>
        <line num="39" count="1" type="stmt"/>
        <line num="40" count="1" type="stmt"/>
        <line num="47" count="7" type="stmt"/>
        <line num="48" count="7" type="stmt"/>
        <line num="49" count="7" type="stmt"/>
        <line num="50" count="7" type="stmt"/>
        <line num="51" count="7" type="stmt"/>
        <line num="52" count="7" type="stmt"/>
        <line num="53" count="7" type="stmt"/>
        <line num="55" count="7" type="stmt"/>
        <line num="56" count="7" type="stmt"/>
        <line num="57" count="7" type="stmt"/>
        <line num="59" count="7" type="stmt"/>
        <line num="60" count="2" type="stmt"/>
        <line num="63" count="7" type="stmt"/>
        <line num="64" count="7" type="stmt"/>
        <line num="65" count="7" type="stmt"/>
        <line num="66" count="7" type="stmt"/>
        <line num="67" count="7" type="stmt"/>
        <line num="68" count="7" type="stmt"/>
        <line num="70" count="7" type="stmt"/>
        <line num="71" count="7" type="stmt"/>
        <line num="73" count="7" type="stmt"/>
        <line num="74" count="3" type="cond" truecount="3" falsecount="1"/>
        <line num="75" count="3" type="stmt"/>
        <line num="77" count="3" type="stmt"/>
        <line num="78" count="3" type="cond" truecount="2" falsecount="0"/>
        <line num="79" count="1" type="stmt"/>
        <line num="80" count="1" type="stmt"/>
        <line num="82" count="2" type="stmt"/>
        <line num="84" count="2" type="stmt"/>
        <line num="85" count="2" type="stmt"/>
        <line num="86" count="2" type="stmt"/>
        <line num="89" count="2" type="cond" truecount="2" falsecount="0"/>
        <line num="90" count="1" type="stmt"/>
        <line num="96" count="2" type="stmt"/>
        <line num="100" count="7" type="stmt"/>
        <line num="149" count="2" type="stmt"/>
        <line num="150" count="2" type="cond" truecount="2" falsecount="0"/>
        <line num="153" count="0" type="stmt"/>
        <line num="176" count="3" type="stmt"/>
        <line num="185" count="0" type="stmt"/>
        <line num="201" count="1" type="stmt"/>
      </file>
      <file name="ForgotPasswordSuccessScreen.tsx" path="E:\code\client\tngble-app\src\presentation\screens\ForgotPasswordSuccessScreen.tsx">
        <metrics statements="15" coveredstatements="12" conditionals="2" coveredconditionals="0" methods="4" coveredmethods="3"/>
        <line num="15" count="1" type="stmt"/>
        <line num="16" count="1" type="stmt"/>
        <line num="17" count="1" type="stmt"/>
        <line num="23" count="2" type="stmt"/>
        <line num="24" count="2" type="stmt"/>
        <line num="26" count="2" type="stmt"/>
        <line num="27" count="2" type="stmt"/>
        <line num="30" count="2" type="stmt"/>
        <line num="31" count="0" type="cond" truecount="0" falsecount="2"/>
        <line num="32" count="0" type="stmt"/>
        <line num="34" count="0" type="stmt"/>
        <line num="38" count="2" type="stmt"/>
        <line num="39" count="1" type="stmt"/>
        <line num="42" count="2" type="stmt"/>
        <line num="98" count="1" type="stmt"/>
      </file>
      <file name="HomeScreen.tsx" path="E:\code\client\tngble-app\src\presentation\screens\HomeScreen.tsx">
        <metrics statements="4" coveredstatements="4" conditionals="2" coveredconditionals="1" methods="2" coveredmethods="2"/>
        <line num="10" count="5" type="stmt"/>
        <line num="12" count="5" type="stmt"/>
        <line num="25" count="1" type="stmt"/>
        <line num="36" count="1" type="stmt"/>
      </file>
      <file name="SignInScreen.tsx" path="E:\code\client\tngble-app\src\presentation\screens\SignInScreen.tsx">
        <metrics statements="75" coveredstatements="72" conditionals="38" coveredconditionals="33" methods="15" coveredmethods="12"/>
        <line num="42" count="3" type="stmt"/>
        <line num="50" count="39" type="stmt"/>
        <line num="56" count="39" type="stmt"/>
        <line num="57" count="39" type="stmt"/>
        <line num="58" count="39" type="stmt"/>
        <line num="59" count="39" type="stmt"/>
        <line num="60" count="39" type="stmt"/>
        <line num="61" count="39" type="stmt"/>
        <line num="62" count="39" type="stmt"/>
        <line num="63" count="39" type="stmt"/>
        <line num="65" count="39" type="stmt"/>
        <line num="66" count="39" type="stmt"/>
        <line num="67" count="39" type="stmt"/>
        <line num="68" count="39" type="stmt"/>
        <line num="69" count="39" type="stmt"/>
        <line num="70" count="39" type="stmt"/>
        <line num="71" count="39" type="stmt"/>
        <line num="72" count="39" type="stmt"/>
        <line num="74" count="39" type="cond" truecount="2" falsecount="0"/>
        <line num="75" count="39" type="cond" truecount="4" falsecount="0"/>
        <line num="76" count="39" type="cond" truecount="3" falsecount="1"/>
        <line num="77" count="39" type="cond" truecount="2" falsecount="0"/>
        <line num="79" count="39" type="stmt"/>
        <line num="80" count="17" type="stmt"/>
        <line num="83" count="39" type="stmt"/>
        <line num="84" count="39" type="stmt"/>
        <line num="85" count="39" type="stmt"/>
        <line num="86" count="39" type="stmt"/>
        <line num="87" count="39" type="stmt"/>
        <line num="88" count="39" type="stmt"/>
        <line num="89" count="39" type="stmt"/>
        <line num="91" count="39" type="stmt"/>
        <line num="92" count="12" type="stmt"/>
        <line num="93" count="12" type="stmt"/>
        <line num="94" count="12" type="stmt"/>
        <line num="95" count="12" type="stmt"/>
        <line num="98" count="39" type="stmt"/>
        <line num="99" count="8" type="cond" truecount="4" falsecount="0"/>
        <line num="100" count="7" type="stmt"/>
        <line num="102" count="7" type="stmt"/>
        <line num="103" count="7" type="stmt"/>
        <line num="105" count="7" type="cond" truecount="2" falsecount="0"/>
        <line num="106" count="3" type="stmt"/>
        <line num="108" count="4" type="stmt"/>
        <line num="111" count="7" type="cond" truecount="2" falsecount="0"/>
        <line num="112" count="4" type="stmt"/>
        <line num="114" count="3" type="stmt"/>
        <line num="117" count="7" type="cond" truecount="4" falsecount="0"/>
        <line num="118" count="4" type="stmt"/>
        <line num="121" count="3" type="stmt"/>
        <line num="122" count="3" type="stmt"/>
        <line num="123" count="3" type="stmt"/>
        <line num="125" count="3" type="stmt"/>
        <line num="129" count="39" type="stmt"/>
        <line num="131" count="5" type="cond" truecount="1" falsecount="1"/>
        <line num="132" count="5" type="stmt"/>
        <line num="134" count="5" type="cond" truecount="2" falsecount="0"/>
        <line num="135" count="2" type="stmt"/>
        <line num="136" count="2" type="stmt"/>
        <line num="139" count="3" type="stmt"/>
        <line num="144" count="39" type="stmt"/>
        <line num="194" count="6" type="stmt"/>
        <line num="195" count="6" type="cond" truecount="1" falsecount="1"/>
        <line num="197" count="0" type="stmt"/>
        <line num="211" count="3" type="stmt"/>
        <line num="212" count="3" type="cond" truecount="1" falsecount="1"/>
        <line num="215" count="0" type="stmt"/>
        <line num="240" count="1" type="stmt"/>
        <line num="254" count="1" type="stmt"/>
        <line num="255" count="1" type="stmt"/>
        <line num="257" count="0" type="stmt"/>
        <line num="280" count="8" type="stmt"/>
        <line num="286" count="5" type="stmt"/>
        <line num="292" count="1" type="stmt"/>
        <line num="308" count="3" type="stmt"/>
      </file>
      <file name="SignUpScreen.tsx" path="E:\code\client\tngble-app\src\presentation\screens\SignUpScreen.tsx">
        <metrics statements="58" coveredstatements="57" conditionals="33" coveredconditionals="29" methods="8" coveredmethods="8"/>
        <line num="27" count="1" type="stmt"/>
        <line num="28" count="1" type="stmt"/>
        <line num="29" count="1" type="stmt"/>
        <line num="37" count="24" type="stmt"/>
        <line num="38" count="24" type="stmt"/>
        <line num="39" count="24" type="stmt"/>
        <line num="40" count="24" type="stmt"/>
        <line num="42" count="24" type="stmt"/>
        <line num="43" count="24" type="stmt"/>
        <line num="44" count="24" type="stmt"/>
        <line num="45" count="24" type="stmt"/>
        <line num="46" count="24" type="stmt"/>
        <line num="47" count="24" type="stmt"/>
        <line num="48" count="24" type="stmt"/>
        <line num="50" count="24" type="cond" truecount="3" falsecount="0"/>
        <line num="51" count="24" type="cond" truecount="2" falsecount="0"/>
        <line num="53" count="24" type="stmt"/>
        <line num="54" count="5" type="stmt"/>
        <line num="57" count="24" type="stmt"/>
        <line num="58" count="7" type="stmt"/>
        <line num="59" count="7" type="stmt"/>
        <line num="62" count="24" type="stmt"/>
        <line num="63" count="7" type="cond" truecount="3" falsecount="1"/>
        <line num="64" count="7" type="stmt"/>
        <line num="66" count="7" type="stmt"/>
        <line num="67" count="7" type="cond" truecount="2" falsecount="0"/>
        <line num="68" count="1" type="stmt"/>
        <line num="69" count="1" type="stmt"/>
        <line num="71" count="6" type="stmt"/>
        <line num="72" count="6" type="cond" truecount="2" falsecount="0"/>
        <line num="73" count="1" type="stmt"/>
        <line num="74" count="1" type="stmt"/>
        <line num="76" count="5" type="stmt"/>
        <line num="77" count="5" type="cond" truecount="2" falsecount="0"/>
        <line num="78" count="1" type="stmt"/>
        <line num="79" count="1" type="stmt"/>
        <line num="81" count="4" type="stmt"/>
        <line num="82" count="4" type="cond" truecount="2" falsecount="0"/>
        <line num="83" count="2" type="stmt"/>
        <line num="88" count="2" type="stmt"/>
        <line num="90" count="2" type="cond" truecount="2" falsecount="0"/>
        <line num="91" count="1" type="stmt"/>
        <line num="92" count="1" type="stmt"/>
        <line num="95" count="1" type="stmt"/>
        <line num="96" count="1" type="stmt"/>
        <line num="97" count="1" type="stmt"/>
        <line num="104" count="1" type="cond" truecount="3" falsecount="1"/>
        <line num="105" count="1" type="stmt"/>
        <line num="108" count="1" type="stmt"/>
        <line num="122" count="24" type="stmt"/>
        <line num="149" count="1" type="cond" truecount="1" falsecount="1"/>
        <line num="150" count="0" type="stmt"/>
        <line num="152" count="1" type="stmt"/>
        <line num="165" count="96" type="stmt"/>
        <line num="253" count="7" type="stmt"/>
        <line num="262" count="1" type="stmt"/>
        <line num="279" count="1" type="stmt"/>
        <line num="281" count="1" type="stmt"/>
      </file>
      <file name="TermsAndConditionsScreen.tsx" path="E:\code\client\tngble-app\src\presentation\screens\TermsAndConditionsScreen.tsx">
        <metrics statements="47" coveredstatements="33" conditionals="22" coveredconditionals="14" methods="12" coveredmethods="8"/>
        <line num="17" count="1" type="stmt"/>
        <line num="18" count="1" type="stmt"/>
        <line num="20" count="1" type="stmt"/>
        <line num="27" count="13" type="stmt"/>
        <line num="28" count="13" type="stmt"/>
        <line num="29" count="13" type="stmt"/>
        <line num="30" count="13" type="stmt"/>
        <line num="31" count="13" type="stmt"/>
        <line num="32" count="13" type="cond" truecount="2" falsecount="0"/>
        <line num="33" count="13" type="stmt"/>
        <line num="35" count="13" type="stmt"/>
        <line num="36" count="4" type="stmt"/>
        <line num="39" count="13" type="stmt"/>
        <line num="40" count="0" type="cond" truecount="0" falsecount="2"/>
        <line num="41" count="0" type="stmt"/>
        <line num="42" count="0" type="stmt"/>
        <line num="44" count="0" type="cond" truecount="0" falsecount="2"/>
        <line num="45" count="0" type="stmt"/>
        <line num="47" count="0" type="stmt"/>
        <line num="51" count="13" type="stmt"/>
        <line num="52" count="0" type="stmt"/>
        <line num="53" count="0" type="cond" truecount="0" falsecount="2"/>
        <line num="54" count="0" type="stmt"/>
        <line num="58" count="13" type="stmt"/>
        <line num="59" count="1" type="cond" truecount="1" falsecount="1"/>
        <line num="60" count="0" type="stmt"/>
        <line num="61" count="0" type="stmt"/>
        <line num="63" count="1" type="stmt"/>
        <line num="66" count="13" type="stmt"/>
        <line num="67" count="2" type="cond" truecount="2" falsecount="0"/>
        <line num="68" count="1" type="stmt"/>
        <line num="69" count="1" type="stmt"/>
        <line num="71" count="1" type="stmt"/>
        <line num="72" count="1" type="stmt"/>
        <line num="73" count="1" type="stmt"/>
        <line num="76" count="1" type="cond" truecount="1" falsecount="1"/>
        <line num="77" count="1" type="stmt"/>
        <line num="78" count="1" type="stmt"/>
        <line num="81" count="0" type="stmt"/>
        <line num="84" count="13" type="stmt"/>
        <line num="115" count="52" type="stmt"/>
        <line num="145" count="1" type="stmt"/>
        <line num="146" count="1" type="cond" truecount="2" falsecount="0"/>
        <line num="170" count="2" type="stmt"/>
        <line num="180" count="0" type="stmt"/>
        <line num="190" count="0" type="stmt"/>
        <line num="204" count="1" type="stmt"/>
      </file>
      <file name="TermsDocumentScreen.tsx" path="E:\code\client\tngble-app\src\presentation\screens\TermsDocumentScreen.tsx">
        <metrics statements="19" coveredstatements="15" conditionals="6" coveredconditionals="4" methods="4" coveredmethods="3"/>
        <line num="14" count="1" type="stmt"/>
        <line num="15" count="1" type="stmt"/>
        <line num="16" count="1" type="stmt"/>
        <line num="23" count="1" type="stmt"/>
        <line num="24" count="1" type="stmt"/>
        <line num="26" count="1" type="stmt"/>
        <line num="27" count="1" type="stmt"/>
        <line num="30" count="1" type="stmt"/>
        <line num="31" count="0" type="cond" truecount="0" falsecount="2"/>
        <line num="32" count="0" type="stmt"/>
        <line num="33" count="0" type="stmt"/>
        <line num="35" count="0" type="stmt"/>
        <line num="38" count="1" type="stmt"/>
        <line num="72" count="11" type="cond" truecount="2" falsecount="0"/>
        <line num="73" count="2" type="stmt"/>
        <line num="79" count="9" type="cond" truecount="2" falsecount="0"/>
        <line num="80" count="5" type="stmt"/>
        <line num="90" count="4" type="stmt"/>
        <line num="102" count="1" type="stmt"/>
      </file>
      <file name="VerifyPendingScreen.tsx" path="E:\code\client\tngble-app\src\presentation\screens\VerifyPendingScreen.tsx">
        <metrics statements="58" coveredstatements="57" conditionals="38" coveredconditionals="33" methods="13" coveredmethods="12"/>
        <line num="23" count="1" type="stmt"/>
        <line num="24" count="1" type="stmt"/>
        <line num="26" count="1" type="stmt"/>
        <line num="28" count="1" type="stmt"/>
        <line num="45" count="14" type="stmt"/>
        <line num="46" count="14" type="stmt"/>
        <line num="47" count="14" type="stmt"/>
        <line num="48" count="14" type="stmt"/>
        <line num="49" count="14" type="stmt"/>
        <line num="50" count="14" type="stmt"/>
        <line num="51" count="14" type="stmt"/>
        <line num="52" count="14" type="stmt"/>
        <line num="54" count="14" type="stmt"/>
        <line num="55" count="3" type="stmt"/>
        <line num="56" count="3" type="stmt"/>
        <line num="57" count="3" type="stmt"/>
        <line num="61" count="14" type="stmt"/>
        <line num="62" count="3" type="stmt"/>
        <line num="63" count="3" type="stmt"/>
        <line num="64" count="107" type="stmt"/>
        <line num="65" count="107" type="stmt"/>
        <line num="67" count="3" type="stmt"/>
        <line num="68" count="3" type="stmt"/>
        <line num="69" count="3" type="stmt"/>
        <line num="72" count="14" type="stmt"/>
        <line num="73" count="1" type="stmt"/>
        <line num="74" count="1" type="stmt"/>
        <line num="77" count="14" type="stmt"/>
        <line num="78" count="1" type="cond" truecount="4" falsecount="1"/>
        <line num="79" count="1" type="stmt"/>
        <line num="80" count="1" type="stmt"/>
        <line num="81" count="1" type="stmt"/>
        <line num="82" count="1" type="cond" truecount="1" falsecount="1"/>
        <line num="83" count="1" type="stmt"/>
        <line num="84" count="1" type="stmt"/>
        <line num="85" count="1" type="stmt"/>
        <line num="97" count="14" type="stmt"/>
        <line num="99" count="1" type="cond" truecount="4" falsecount="1"/>
        <line num="100" count="1" type="stmt"/>
        <line num="101" count="1" type="stmt"/>
        <line num="102" count="1" type="stmt"/>
        <line num="103" count="1" type="stmt"/>
        <line num="104" count="1" type="stmt"/>
        <line num="105" count="1" type="stmt"/>
        <line num="107" count="1" type="stmt"/>
        <line num="108" count="1" type="stmt"/>
        <line num="114" count="14" type="stmt"/>
        <line num="115" count="14" type="cond" truecount="3" falsecount="0"/>
        <line num="117" count="14" type="cond" truecount="4" falsecount="0"/>
        <line num="120" count="14" type="cond" truecount="3" falsecount="0"/>
        <line num="121" count="14" type="cond" truecount="2" falsecount="0"/>
        <line num="122" count="14" type="stmt"/>
        <line num="124" count="14" type="stmt"/>
        <line num="149" count="0" type="stmt"/>
        <line num="161" count="56" type="stmt"/>
        <line num="186" count="1" type="stmt"/>
        <line num="211" count="1" type="stmt"/>
        <line num="224" count="1" type="stmt"/>
      </file>
      <file name="authLayout.ts" path="E:\code\client\tngble-app\src\presentation\screens\authLayout.ts">
        <metrics statements="8" coveredstatements="8" conditionals="0" coveredconditionals="0" methods="0" coveredmethods="0"/>
        <line num="5" count="4" type="stmt"/>
        <line num="6" count="4" type="stmt"/>
        <line num="7" count="4" type="stmt"/>
        <line num="8" count="4" type="stmt"/>
        <line num="9" count="4" type="stmt"/>
        <line num="11" count="4" type="stmt"/>
        <line num="13" count="4" type="stmt"/>
        <line num="14" count="4" type="stmt"/>
      </file>
    </package>
    <package name="presentation.utils">
      <metrics statements="41" coveredstatements="38" conditionals="43" coveredconditionals="38" methods="7" coveredmethods="7"/>
      <file name="emailField.ts" path="E:\code\client\tngble-app\src\presentation\utils\emailField.ts">
        <metrics statements="12" coveredstatements="11" conditionals="6" coveredconditionals="5" methods="3" coveredmethods="3"/>
        <line num="6" count="5" type="stmt"/>
        <line num="17" count="7" type="stmt"/>
        <line num="22" count="12" type="stmt"/>
        <line num="23" count="12" type="cond" truecount="2" falsecount="0"/>
        <line num="24" count="5" type="stmt"/>
        <line num="26" count="7" type="stmt"/>
        <line num="36" count="3" type="cond" truecount="2" falsecount="0"/>
        <line num="37" count="2" type="stmt"/>
        <line num="39" count="1" type="stmt"/>
        <line num="40" count="1" type="cond" truecount="1" falsecount="1"/>
        <line num="41" count="1" type="stmt"/>
        <line num="43" count="0" type="stmt"/>
      </file>
      <file name="passwordStrength.ts" path="E:\code\client\tngble-app\src\presentation\utils\passwordStrength.ts">
        <metrics statements="21" coveredstatements="19" conditionals="28" coveredconditionals="24" methods="3" coveredmethods="3"/>
        <line num="8" count="24" type="cond" truecount="1" falsecount="1"/>
        <line num="9" count="24" type="cond" truecount="2" falsecount="0"/>
        <line num="11" count="9" type="stmt"/>
        <line num="12" count="9" type="cond" truecount="2" falsecount="0"/>
        <line num="13" count="9" type="cond" truecount="2" falsecount="0"/>
        <line num="14" count="9" type="cond" truecount="4" falsecount="0"/>
        <line num="15" count="9" type="cond" truecount="2" falsecount="0"/>
        <line num="16" count="9" type="cond" truecount="2" falsecount="0"/>
        <line num="18" count="9" type="cond" truecount="2" falsecount="0"/>
        <line num="19" count="4" type="cond" truecount="1" falsecount="1"/>
        <line num="20" count="4" type="stmt"/>
        <line num="24" count="24" type="cond" truecount="3" falsecount="1"/>
        <line num="26" count="5" type="stmt"/>
        <line num="28" count="0" type="stmt"/>
        <line num="30" count="4" type="stmt"/>
        <line num="32" count="15" type="stmt"/>
        <line num="38" count="24" type="cond" truecount="3" falsecount="1"/>
        <line num="40" count="5" type="stmt"/>
        <line num="42" count="0" type="stmt"/>
        <line num="44" count="4" type="stmt"/>
        <line num="46" count="15" type="stmt"/>
      </file>
      <file name="phoneField.ts" path="E:\code\client\tngble-app\src\presentation\utils\phoneField.ts">
        <metrics statements="8" coveredstatements="8" conditionals="9" coveredconditionals="9" methods="1" coveredmethods="1"/>
        <line num="14" count="4" type="cond" truecount="2" falsecount="0"/>
        <line num="15" count="4" type="cond" truecount="2" falsecount="0"/>
        <line num="16" count="4" type="stmt"/>
        <line num="17" count="4" type="cond" truecount="2" falsecount="0"/>
        <line num="18" count="2" type="stmt"/>
        <line num="20" count="2" type="cond" truecount="2" falsecount="0"/>
        <line num="21" count="1" type="stmt"/>
        <line num="23" count="1" type="stmt"/>
      </file>
    </package>
    <package name="providers">
      <metrics statements="40" coveredstatements="35" conditionals="13" coveredconditionals="7" methods="11" coveredmethods="10"/>
      <file name="ConsentProvider.tsx" path="E:\code\client\tngble-app\src\providers\ConsentProvider.tsx">
        <metrics statements="40" coveredstatements="35" conditionals="13" coveredconditionals="7" methods="11" coveredmethods="10"/>
        <line num="39" count="8" type="stmt"/>
        <line num="50" count="62" type="stmt"/>
        <line num="51" count="62" type="stmt"/>
        <line num="52" count="62" type="stmt"/>
        <line num="53" count="62" type="stmt"/>
        <line num="55" count="62" type="stmt"/>
        <line num="56" count="29" type="stmt"/>
        <line num="57" count="29" type="stmt"/>
        <line num="59" count="29" type="cond" truecount="1" falsecount="1"/>
        <line num="62" count="29" type="cond" truecount="1" falsecount="1"/>
        <line num="64" count="29" type="stmt"/>
        <line num="65" count="29" type="stmt"/>
        <line num="69" count="62" type="stmt"/>
        <line num="70" count="62" type="stmt"/>
        <line num="72" count="62" type="stmt"/>
        <line num="73" count="4" type="stmt"/>
        <line num="74" count="4" type="stmt"/>
        <line num="75" count="4" type="stmt"/>
        <line num="76" count="4" type="stmt"/>
        <line num="77" count="4" type="stmt"/>
        <line num="78" count="4" type="stmt"/>
        <line num="81" count="62" type="stmt"/>
        <line num="83" count="2" type="stmt"/>
        <line num="84" count="2" type="cond" truecount="1" falsecount="1"/>
        <line num="85" count="2" type="stmt"/>
        <line num="91" count="62" type="stmt"/>
        <line num="92" count="1" type="stmt"/>
        <line num="93" count="1" type="stmt"/>
        <line num="94" count="1" type="stmt"/>
        <line num="97" count="62" type="stmt"/>
        <line num="98" count="62" type="stmt"/>
        <line num="124" count="62" type="stmt"/>
        <line num="132" count="0" type="stmt"/>
        <line num="133" count="0" type="cond" truecount="0" falsecount="2"/>
        <line num="134" count="0" type="stmt"/>
        <line num="136" count="0" type="stmt"/>
        <line num="143" count="56" type="stmt"/>
        <line num="144" count="56" type="cond" truecount="1" falsecount="1"/>
        <line num="145" count="0" type="stmt"/>
        <line num="147" count="56" type="stmt"/>
      </file>
    </package>
  </project>
</coverage>
