{"E:\\code\\client\\tngble-app\\src\\application\\auth\\AuthContext.tsx": {"path":"E:\\code\\client\\tngble-app\\src\\application\\auth\\AuthContext.tsx","statementMap":{"0":{"start":{"line":72,"column":31},"end":{"line":72,"column":86}},"1":{"start":{"line":84,"column":18},"end":{"line":84,"column":34}},"2":{"start":{"line":85,"column":36},"end":{"line":87,"column":3}},"3":{"start":{"line":86,"column":4},"end":{"line":86,"column":68}},"4":{"start":{"line":88,"column":26},"end":{"line":88,"column":53}},"5":{"start":{"line":89,"column":28},"end":{"line":89,"column":60}},"6":{"start":{"line":90,"column":30},"end":{"line":90,"column":45}},"7":{"start":{"line":91,"column":64},"end":{"line":91,"column":79}},"8":{"start":{"line":92,"column":58},"end":{"line":94,"column":9}},"9":{"start":{"line":95,"column":68},"end":{"line":95,"column":79}},"10":{"start":{"line":96,"column":22},"end":{"line":96,"column":35}},"11":{"start":{"line":97,"column":26},"end":{"line":97,"column":35}},"12":{"start":{"line":99,"column":19},"end":{"line":104,"column":8}},"13":{"start":{"line":100,"column":4},"end":{"line":103,"column":7}},"14":{"start":{"line":101,"column":21},"end":{"line":101,"column":56}},"15":{"start":{"line":102,"column":6},"end":{"line":102,"column":53}},"16":{"start":{"line":106,"column":21},"end":{"line":106,"column":58}},"17":{"start":{"line":106,"column":39},"end":{"line":106,"column":53}},"18":{"start":{"line":107,"column":39},"end":{"line":109,"column":8}},"19":{"start":{"line":108,"column":4},"end":{"line":108,"column":38}},"20":{"start":{"line":110,"column":36},"end":{"line":112,"column":8}},"21":{"start":{"line":111,"column":4},"end":{"line":111,"column":34}},"22":{"start":{"line":114,"column":22},"end":{"line":120,"column":8}},"23":{"start":{"line":115,"column":4},"end":{"line":115,"column":42}},"24":{"start":{"line":115,"column":29},"end":{"line":115,"column":42}},"25":{"start":{"line":116,"column":4},"end":{"line":116,"column":31}},"26":{"start":{"line":117,"column":4},"end":{"line":117,"column":20}},"27":{"start":{"line":118,"column":4},"end":{"line":118,"column":19}},"28":{"start":{"line":119,"column":4},"end":{"line":119,"column":16}},"29":{"start":{"line":122,"column":20},"end":{"line":125,"column":8}},"30":{"start":{"line":123,"column":4},"end":{"line":123,"column":32}},"31":{"start":{"line":124,"column":4},"end":{"line":124,"column":21}},"32":{"start":{"line":127,"column":28},"end":{"line":135,"column":3}},"33":{"start":{"line":129,"column":6},"end":{"line":129,"column":27}},"34":{"start":{"line":130,"column":6},"end":{"line":130,"column":63}},"35":{"start":{"line":131,"column":6},"end":{"line":131,"column":21}},"36":{"start":{"line":132,"column":6},"end":{"line":132,"column":20}},"37":{"start":{"line":137,"column":28},"end":{"line":166,"column":3}},"38":{"start":{"line":139,"column":21},"end":{"line":139,"column":45}},"39":{"start":{"line":140,"column":6},"end":{"line":153,"column":7}},"40":{"start":{"line":142,"column":10},"end":{"line":144,"column":16}},"41":{"start":{"line":146,"column":8},"end":{"line":152,"column":11}},"42":{"start":{"line":154,"column":6},"end":{"line":157,"column":7}},"43":{"start":{"line":155,"column":8},"end":{"line":155,"column":25}},"44":{"start":{"line":156,"column":8},"end":{"line":156,"column":20}},"45":{"start":{"line":158,"column":6},"end":{"line":161,"column":7}},"46":{"start":{"line":159,"column":8},"end":{"line":159,"column":22}},"47":{"start":{"line":160,"column":8},"end":{"line":160,"column":46}},"48":{"start":{"line":162,"column":6},"end":{"line":162,"column":23}},"49":{"start":{"line":163,"column":6},"end":{"line":163,"column":18}},"50":{"start":{"line":168,"column":25},"end":{"line":188,"column":49}},"51":{"start":{"line":169,"column":4},"end":{"line":169,"column":31}},"52":{"start":{"line":169,"column":24},"end":{"line":169,"column":31}},"53":{"start":{"line":170,"column":4},"end":{"line":187,"column":5}},"54":{"start":{"line":171,"column":6},"end":{"line":171,"column":42}},"55":{"start":{"line":172,"column":21},"end":{"line":172,"column":51}},"56":{"start":{"line":173,"column":6},"end":{"line":177,"column":7}},"57":{"start":{"line":174,"column":8},"end":{"line":174,"column":22}},"58":{"start":{"line":175,"column":8},"end":{"line":175,"column":44}},"59":{"start":{"line":176,"column":8},"end":{"line":176,"column":15}},"60":{"start":{"line":178,"column":6},"end":{"line":178,"column":27}},"61":{"start":{"line":179,"column":6},"end":{"line":179,"column":63}},"62":{"start":{"line":181,"column":6},"end":{"line":181,"column":20}},"63":{"start":{"line":182,"column":21},"end":{"line":182,"column":45}},"64":{"start":{"line":183,"column":6},"end":{"line":183,"column":60}},"65":{"start":{"line":184,"column":6},"end":{"line":184,"column":53}},"66":{"start":{"line":186,"column":6},"end":{"line":186,"column":18}},"67":{"start":{"line":190,"column":2},"end":{"line":196,"column":29}},"68":{"start":{"line":191,"column":4},"end":{"line":191,"column":29}},"69":{"start":{"line":191,"column":22},"end":{"line":191,"column":29}},"70":{"start":{"line":194,"column":4},"end":{"line":194,"column":26}},"71":{"start":{"line":198,"column":17},"end":{"line":217,"column":3}},"72":{"start":{"line":200,"column":6},"end":{"line":200,"column":38}},"73":{"start":{"line":200,"column":26},"end":{"line":200,"column":38}},"74":{"start":{"line":201,"column":6},"end":{"line":214,"column":7}},"75":{"start":{"line":202,"column":23},"end":{"line":202,"column":50}},"76":{"start":{"line":203,"column":8},"end":{"line":208,"column":9}},"77":{"start":{"line":206,"column":10},"end":{"line":206,"column":47}},"78":{"start":{"line":207,"column":10},"end":{"line":207,"column":78}},"79":{"start":{"line":209,"column":8},"end":{"line":209,"column":41}},"80":{"start":{"line":211,"column":8},"end":{"line":211,"column":41}},"81":{"start":{"line":213,"column":8},"end":{"line":213,"column":20}},"82":{"start":{"line":219,"column":17},"end":{"line":232,"column":3}},"83":{"start":{"line":221,"column":6},"end":{"line":221,"column":38}},"84":{"start":{"line":221,"column":26},"end":{"line":221,"column":38}},"85":{"start":{"line":222,"column":6},"end":{"line":229,"column":7}},"86":{"start":{"line":223,"column":23},"end":{"line":223,"column":50}},"87":{"start":{"line":224,"column":8},"end":{"line":224,"column":41}},"88":{"start":{"line":226,"column":8},"end":{"line":226,"column":41}},"89":{"start":{"line":228,"column":8},"end":{"line":228,"column":20}},"90":{"start":{"line":234,"column":27},"end":{"line":247,"column":3}},"91":{"start":{"line":236,"column":6},"end":{"line":236,"column":38}},"92":{"start":{"line":236,"column":26},"end":{"line":236,"column":38}},"93":{"start":{"line":237,"column":6},"end":{"line":244,"column":7}},"94":{"start":{"line":238,"column":23},"end":{"line":238,"column":63}},"95":{"start":{"line":239,"column":8},"end":{"line":239,"column":41}},"96":{"start":{"line":241,"column":8},"end":{"line":241,"column":41}},"97":{"start":{"line":243,"column":8},"end":{"line":243,"column":20}},"98":{"start":{"line":249,"column":18},"end":{"line":266,"column":49}},"99":{"start":{"line":250,"column":4},"end":{"line":250,"column":31}},"100":{"start":{"line":250,"column":24},"end":{"line":250,"column":31}},"101":{"start":{"line":251,"column":4},"end":{"line":253,"column":5}},"102":{"start":{"line":252,"column":6},"end":{"line":252,"column":50}},"103":{"start":{"line":256,"column":4},"end":{"line":256,"column":18}},"104":{"start":{"line":257,"column":4},"end":{"line":257,"column":38}},"105":{"start":{"line":258,"column":4},"end":{"line":258,"column":35}},"106":{"start":{"line":259,"column":4},"end":{"line":265,"column":5}},"107":{"start":{"line":260,"column":6},"end":{"line":260,"column":30}},"108":{"start":{"line":262,"column":6},"end":{"line":262,"column":41}},"109":{"start":{"line":264,"column":6},"end":{"line":264,"column":18}},"110":{"start":{"line":268,"column":31},"end":{"line":283,"column":3}},"111":{"start":{"line":270,"column":6},"end":{"line":270,"column":39}},"112":{"start":{"line":270,"column":26},"end":{"line":270,"column":39}},"113":{"start":{"line":271,"column":6},"end":{"line":280,"column":7}},"114":{"start":{"line":272,"column":8},"end":{"line":272,"column":50}},"115":{"start":{"line":273,"column":8},"end":{"line":273,"column":23}},"116":{"start":{"line":274,"column":8},"end":{"line":274,"column":20}},"117":{"start":{"line":276,"column":8},"end":{"line":276,"column":43}},"118":{"start":{"line":277,"column":8},"end":{"line":277,"column":21}},"119":{"start":{"line":279,"column":8},"end":{"line":279,"column":20}},"120":{"start":{"line":285,"column":34},"end":{"line":300,"column":3}},"121":{"start":{"line":287,"column":6},"end":{"line":287,"column":39}},"122":{"start":{"line":287,"column":26},"end":{"line":287,"column":39}},"123":{"start":{"line":288,"column":6},"end":{"line":297,"column":7}},"124":{"start":{"line":289,"column":8},"end":{"line":289,"column":52}},"125":{"start":{"line":290,"column":8},"end":{"line":290,"column":23}},"126":{"start":{"line":291,"column":8},"end":{"line":291,"column":20}},"127":{"start":{"line":293,"column":8},"end":{"line":293,"column":43}},"128":{"start":{"line":294,"column":8},"end":{"line":294,"column":21}},"129":{"start":{"line":296,"column":8},"end":{"line":296,"column":20}},"130":{"start":{"line":302,"column":32},"end":{"line":317,"column":3}},"131":{"start":{"line":304,"column":6},"end":{"line":304,"column":39}},"132":{"start":{"line":304,"column":26},"end":{"line":304,"column":39}},"133":{"start":{"line":305,"column":6},"end":{"line":314,"column":7}},"134":{"start":{"line":306,"column":8},"end":{"line":306,"column":54}},"135":{"start":{"line":307,"column":8},"end":{"line":307,"column":23}},"136":{"start":{"line":308,"column":8},"end":{"line":308,"column":20}},"137":{"start":{"line":310,"column":8},"end":{"line":310,"column":43}},"138":{"start":{"line":311,"column":8},"end":{"line":311,"column":21}},"139":{"start":{"line":313,"column":8},"end":{"line":313,"column":20}},"140":{"start":{"line":319,"column":29},"end":{"line":331,"column":8}},"141":{"start":{"line":321,"column":22},"end":{"line":328,"column":5}},"142":{"start":{"line":329,"column":4},"end":{"line":329,"column":44}},"143":{"start":{"line":330,"column":4},"end":{"line":330,"column":21}},"144":{"start":{"line":333,"column":2},"end":{"line":340,"column":54}},"145":{"start":{"line":334,"column":4},"end":{"line":334,"column":47}},"146":{"start":{"line":334,"column":40},"end":{"line":334,"column":47}},"147":{"start":{"line":335,"column":15},"end":{"line":338,"column":11}},"148":{"start":{"line":336,"column":24},"end":{"line":336,"column":44}},"149":{"start":{"line":337,"column":6},"end":{"line":337,"column":44}},"150":{"start":{"line":337,"column":26},"end":{"line":337,"column":44}},"151":{"start":{"line":339,"column":4},"end":{"line":339,"column":35}},"152":{"start":{"line":339,"column":17},"end":{"line":339,"column":34}},"153":{"start":{"line":342,"column":29},"end":{"line":366,"column":3}},"154":{"start":{"line":344,"column":24},"end":{"line":344,"column":44}},"155":{"start":{"line":345,"column":6},"end":{"line":350,"column":7}},"156":{"start":{"line":346,"column":8},"end":{"line":348,"column":10}},"157":{"start":{"line":349,"column":8},"end":{"line":349,"column":21}},"158":{"start":{"line":351,"column":6},"end":{"line":351,"column":39}},"159":{"start":{"line":351,"column":26},"end":{"line":351,"column":39}},"160":{"start":{"line":352,"column":6},"end":{"line":363,"column":7}},"161":{"start":{"line":353,"column":8},"end":{"line":353,"column":69}},"162":{"start":{"line":354,"column":8},"end":{"line":354,"column":45}},"163":{"start":{"line":355,"column":8},"end":{"line":355,"column":29}},"164":{"start":{"line":356,"column":8},"end":{"line":356,"column":23}},"165":{"start":{"line":357,"column":8},"end":{"line":357,"column":20}},"166":{"start":{"line":359,"column":8},"end":{"line":359,"column":43}},"167":{"start":{"line":360,"column":8},"end":{"line":360,"column":21}},"168":{"start":{"line":362,"column":8},"end":{"line":362,"column":20}},"169":{"start":{"line":368,"column":26},"end":{"line":387,"column":3}},"170":{"start":{"line":370,"column":6},"end":{"line":370,"column":39}},"171":{"start":{"line":370,"column":26},"end":{"line":370,"column":39}},"172":{"start":{"line":371,"column":6},"end":{"line":384,"column":7}},"173":{"start":{"line":372,"column":23},"end":{"line":372,"column":58}},"174":{"start":{"line":373,"column":8},"end":{"line":373,"column":34}},"175":{"start":{"line":375,"column":8},"end":{"line":377,"column":9}},"176":{"start":{"line":376,"column":10},"end":{"line":376,"column":43}},"177":{"start":{"line":378,"column":8},"end":{"line":378,"column":41}},"178":{"start":{"line":380,"column":8},"end":{"line":380,"column":34}},"179":{"start":{"line":381,"column":8},"end":{"line":381,"column":21}},"180":{"start":{"line":383,"column":8},"end":{"line":383,"column":20}},"181":{"start":{"line":389,"column":36},"end":{"line":427,"column":74}},"182":{"start":{"line":390,"column":4},"end":{"line":390,"column":37}},"183":{"start":{"line":390,"column":24},"end":{"line":390,"column":37}},"184":{"start":{"line":391,"column":4},"end":{"line":426,"column":5}},"185":{"start":{"line":392,"column":21},"end":{"line":392,"column":48}},"186":{"start":{"line":393,"column":6},"end":{"line":402,"column":7}},"187":{"start":{"line":395,"column":8},"end":{"line":397,"column":9}},"188":{"start":{"line":396,"column":10},"end":{"line":396,"column":23}},"189":{"start":{"line":398,"column":8},"end":{"line":398,"column":22}},"190":{"start":{"line":399,"column":8},"end":{"line":399,"column":46}},"191":{"start":{"line":400,"column":8},"end":{"line":400,"column":52}},"192":{"start":{"line":401,"column":8},"end":{"line":401,"column":21}},"193":{"start":{"line":404,"column":28},"end":{"line":404,"column":85}},"194":{"start":{"line":405,"column":23},"end":{"line":405,"column":56}},"195":{"start":{"line":406,"column":6},"end":{"line":406,"column":24}},"196":{"start":{"line":407,"column":6},"end":{"line":413,"column":7}},"197":{"start":{"line":408,"column":8},"end":{"line":408,"column":45}},"198":{"start":{"line":410,"column":8},"end":{"line":410,"column":41}},"199":{"start":{"line":411,"column":8},"end":{"line":411,"column":23}},"200":{"start":{"line":412,"column":8},"end":{"line":412,"column":20}},"201":{"start":{"line":414,"column":6},"end":{"line":419,"column":8}},"202":{"start":{"line":420,"column":6},"end":{"line":420,"column":19}},"203":{"start":{"line":422,"column":6},"end":{"line":422,"column":32}},"204":{"start":{"line":423,"column":6},"end":{"line":423,"column":19}},"205":{"start":{"line":425,"column":6},"end":{"line":425,"column":18}},"206":{"start":{"line":429,"column":28},"end":{"line":433,"column":16}},"207":{"start":{"line":430,"column":4},"end":{"line":430,"column":84}},"208":{"start":{"line":430,"column":26},"end":{"line":430,"column":81}},"209":{"start":{"line":431,"column":4},"end":{"line":431,"column":41}},"210":{"start":{"line":432,"column":4},"end":{"line":432,"column":37}},"211":{"start":{"line":435,"column":25},"end":{"line":442,"column":34}},"212":{"start":{"line":436,"column":4},"end":{"line":441,"column":5}},"213":{"start":{"line":437,"column":6},"end":{"line":437,"column":44}},"214":{"start":{"line":439,"column":6},"end":{"line":439,"column":32}},"215":{"start":{"line":440,"column":6},"end":{"line":440,"column":18}},"216":{"start":{"line":444,"column":16},"end":{"line":499,"column":3}},"217":{"start":{"line":445,"column":11},"end":{"line":473,"column":5}},"218":{"start":{"line":501,"column":2},"end":{"line":505,"column":4}},"219":{"start":{"line":509,"column":18},"end":{"line":509,"column":52}},"220":{"start":{"line":510,"column":2},"end":{"line":512,"column":3}},"221":{"start":{"line":511,"column":4},"end":{"line":511,"column":86}},"222":{"start":{"line":513,"column":2},"end":{"line":513,"column":17}}},"fnMap":{"0":{"name":"ApplicationAuthProvider","decl":{"start":{"line":80,"column":16},"end":{"line":80,"column":39}},"loc":{"start":{"line":83,"column":18},"end":{"line":506,"column":1}},"line":83},"1":{"name":"(anonymous_1)","decl":{"start":{"line":85,"column":56},"end":{"line":85,"column":57}},"loc":{"start":{"line":86,"column":4},"end":{"line":86,"column":68}},"line":86},"2":{"name":"(anonymous_2)","decl":{"start":{"line":99,"column":31},"end":{"line":99,"column":32}},"loc":{"start":{"line":99,"column":53},"end":{"line":104,"column":3}},"line":99},"3":{"name":"(anonymous_3)","decl":{"start":{"line":100,"column":17},"end":{"line":100,"column":18}},"loc":{"start":{"line":100,"column":30},"end":{"line":103,"column":5}},"line":100},"4":{"name":"(anonymous_4)","decl":{"start":{"line":106,"column":33},"end":{"line":106,"column":34}},"loc":{"start":{"line":106,"column":39},"end":{"line":106,"column":53}},"line":106},"5":{"name":"(anonymous_5)","decl":{"start":{"line":107,"column":51},"end":{"line":107,"column":52}},"loc":{"start":{"line":107,"column":57},"end":{"line":109,"column":3}},"line":107},"6":{"name":"(anonymous_6)","decl":{"start":{"line":110,"column":48},"end":{"line":110,"column":49}},"loc":{"start":{"line":110,"column":54},"end":{"line":112,"column":3}},"line":110},"7":{"name":"(anonymous_7)","decl":{"start":{"line":114,"column":34},"end":{"line":114,"column":35}},"loc":{"start":{"line":114,"column":49},"end":{"line":120,"column":3}},"line":114},"8":{"name":"(anonymous_8)","decl":{"start":{"line":122,"column":32},"end":{"line":122,"column":33}},"loc":{"start":{"line":122,"column":38},"end":{"line":125,"column":3}},"line":122},"9":{"name":"(anonymous_9)","decl":{"start":{"line":128,"column":4},"end":{"line":128,"column":5}},"loc":{"start":{"line":128,"column":28},"end":{"line":133,"column":5}},"line":128},"10":{"name":"(anonymous_10)","decl":{"start":{"line":138,"column":4},"end":{"line":138,"column":5}},"loc":{"start":{"line":138,"column":31},"end":{"line":164,"column":5}},"line":138},"11":{"name":"(anonymous_11)","decl":{"start":{"line":168,"column":37},"end":{"line":168,"column":38}},"loc":{"start":{"line":168,"column":49},"end":{"line":188,"column":3}},"line":168},"12":{"name":"(anonymous_12)","decl":{"start":{"line":190,"column":12},"end":{"line":190,"column":13}},"loc":{"start":{"line":190,"column":18},"end":{"line":196,"column":3}},"line":190},"13":{"name":"(anonymous_13)","decl":{"start":{"line":199,"column":4},"end":{"line":199,"column":5}},"loc":{"start":{"line":199,"column":35},"end":{"line":215,"column":5}},"line":199},"14":{"name":"(anonymous_14)","decl":{"start":{"line":220,"column":4},"end":{"line":220,"column":5}},"loc":{"start":{"line":220,"column":35},"end":{"line":230,"column":5}},"line":220},"15":{"name":"(anonymous_15)","decl":{"start":{"line":235,"column":4},"end":{"line":235,"column":5}},"loc":{"start":{"line":235,"column":40},"end":{"line":245,"column":5}},"line":235},"16":{"name":"(anonymous_16)","decl":{"start":{"line":249,"column":30},"end":{"line":249,"column":31}},"loc":{"start":{"line":249,"column":96},"end":{"line":266,"column":3}},"line":249},"17":{"name":"(anonymous_17)","decl":{"start":{"line":269,"column":4},"end":{"line":269,"column":5}},"loc":{"start":{"line":269,"column":30},"end":{"line":281,"column":5}},"line":269},"18":{"name":"(anonymous_18)","decl":{"start":{"line":286,"column":4},"end":{"line":286,"column":5}},"loc":{"start":{"line":286,"column":28},"end":{"line":298,"column":5}},"line":286},"19":{"name":"(anonymous_19)","decl":{"start":{"line":303,"column":4},"end":{"line":303,"column":5}},"loc":{"start":{"line":303,"column":32},"end":{"line":315,"column":5}},"line":303},"20":{"name":"(anonymous_20)","decl":{"start":{"line":319,"column":41},"end":{"line":319,"column":42}},"loc":{"start":{"line":319,"column":47},"end":{"line":331,"column":3}},"line":319},"21":{"name":"(anonymous_21)","decl":{"start":{"line":333,"column":12},"end":{"line":333,"column":13}},"loc":{"start":{"line":333,"column":18},"end":{"line":340,"column":3}},"line":333},"22":{"name":"(anonymous_22)","decl":{"start":{"line":335,"column":27},"end":{"line":335,"column":28}},"loc":{"start":{"line":335,"column":33},"end":{"line":338,"column":5}},"line":335},"23":{"name":"(anonymous_23)","decl":{"start":{"line":339,"column":11},"end":{"line":339,"column":12}},"loc":{"start":{"line":339,"column":17},"end":{"line":339,"column":34}},"line":339},"24":{"name":"(anonymous_24)","decl":{"start":{"line":343,"column":4},"end":{"line":343,"column":5}},"loc":{"start":{"line":343,"column":30},"end":{"line":364,"column":5}},"line":343},"25":{"name":"(anonymous_25)","decl":{"start":{"line":369,"column":4},"end":{"line":369,"column":5}},"loc":{"start":{"line":369,"column":28},"end":{"line":385,"column":5}},"line":369},"26":{"name":"(anonymous_26)","decl":{"start":{"line":389,"column":48},"end":{"line":389,"column":49}},"loc":{"start":{"line":389,"column":60},"end":{"line":427,"column":3}},"line":389},"27":{"name":"(anonymous_27)","decl":{"start":{"line":429,"column":40},"end":{"line":429,"column":41}},"loc":{"start":{"line":429,"column":46},"end":{"line":433,"column":3}},"line":429},"28":{"name":"(anonymous_28)","decl":{"start":{"line":430,"column":12},"end":{"line":430,"column":13}},"loc":{"start":{"line":430,"column":26},"end":{"line":430,"column":81}},"line":430},"29":{"name":"(anonymous_29)","decl":{"start":{"line":435,"column":37},"end":{"line":435,"column":38}},"loc":{"start":{"line":435,"column":49},"end":{"line":442,"column":3}},"line":435},"30":{"name":"(anonymous_30)","decl":{"start":{"line":445,"column":4},"end":{"line":445,"column":5}},"loc":{"start":{"line":445,"column":11},"end":{"line":473,"column":5}},"line":445},"31":{"name":"useApplicationAuth","decl":{"start":{"line":508,"column":16},"end":{"line":508,"column":34}},"loc":{"start":{"line":508,"column":66},"end":{"line":514,"column":1}},"line":508}},"branchMap":{"0":{"loc":{"start":{"line":82,"column":2},"end":{"line":82,"column":20}},"type":"default-arg","locations":[{"start":{"line":82,"column":16},"end":{"line":82,"column":20}}],"line":82},"1":{"loc":{"start":{"line":86,"column":4},"end":{"line":86,"column":68}},"type":"cond-expr","locations":[{"start":{"line":86,"column":18},"end":{"line":86,"column":36}},{"start":{"line":86,"column":39},"end":{"line":86,"column":68}}],"line":86},"2":{"loc":{"start":{"line":102,"column":13},"end":{"line":102,"column":52}},"type":"cond-expr","locations":[{"start":{"line":102,"column":30},"end":{"line":102,"column":37}},{"start":{"line":102,"column":40},"end":{"line":102,"column":52}}],"line":102},"3":{"loc":{"start":{"line":115,"column":4},"end":{"line":115,"column":42}},"type":"if","locations":[{"start":{"line":115,"column":4},"end":{"line":115,"column":42}},{"start":{},"end":{}}],"line":115},"4":{"loc":{"start":{"line":140,"column":6},"end":{"line":153,"column":7}},"type":"if","locations":[{"start":{"line":140,"column":6},"end":{"line":153,"column":7}},{"start":{},"end":{}}],"line":140},"5":{"loc":{"start":{"line":142,"column":10},"end":{"line":144,"column":16}},"type":"cond-expr","locations":[{"start":{"line":143,"column":15},"end":{"line":143,"column":104}},{"start":{"line":144,"column":14},"end":{"line":144,"column":16}}],"line":142},"6":{"loc":{"start":{"line":142,"column":10},"end":{"line":142,"column":46}},"type":"binary-expr","locations":[{"start":{"line":142,"column":10},"end":{"line":142,"column":16}},{"start":{"line":142,"column":20},"end":{"line":142,"column":46}}],"line":142},"7":{"loc":{"start":{"line":149,"column":24},"end":{"line":149,"column":47}},"type":"binary-expr","locations":[{"start":{"line":149,"column":24},"end":{"line":149,"column":33}},{"start":{"line":149,"column":37},"end":{"line":149,"column":47}}],"line":149},"8":{"loc":{"start":{"line":154,"column":6},"end":{"line":157,"column":7}},"type":"if","locations":[{"start":{"line":154,"column":6},"end":{"line":157,"column":7}},{"start":{},"end":{}}],"line":154},"9":{"loc":{"start":{"line":158,"column":6},"end":{"line":161,"column":7}},"type":"if","locations":[{"start":{"line":158,"column":6},"end":{"line":161,"column":7}},{"start":{},"end":{}}],"line":158},"10":{"loc":{"start":{"line":169,"column":4},"end":{"line":169,"column":31}},"type":"if","locations":[{"start":{"line":169,"column":4},"end":{"line":169,"column":31}},{"start":{},"end":{}}],"line":169},"11":{"loc":{"start":{"line":173,"column":6},"end":{"line":177,"column":7}},"type":"if","locations":[{"start":{"line":173,"column":6},"end":{"line":177,"column":7}},{"start":{},"end":{}}],"line":173},"12":{"loc":{"start":{"line":183,"column":15},"end":{"line":183,"column":58}},"type":"cond-expr","locations":[{"start":{"line":183,"column":45},"end":{"line":183,"column":49}},{"start":{"line":183,"column":52},"end":{"line":183,"column":58}}],"line":183},"13":{"loc":{"start":{"line":191,"column":4},"end":{"line":191,"column":29}},"type":"if","locations":[{"start":{"line":191,"column":4},"end":{"line":191,"column":29}},{"start":{},"end":{}}],"line":191},"14":{"loc":{"start":{"line":200,"column":6},"end":{"line":200,"column":38}},"type":"if","locations":[{"start":{"line":200,"column":6},"end":{"line":200,"column":38}},{"start":{},"end":{}}],"line":200},"15":{"loc":{"start":{"line":203,"column":8},"end":{"line":208,"column":9}},"type":"if","locations":[{"start":{"line":203,"column":8},"end":{"line":208,"column":9}},{"start":{},"end":{}}],"line":203},"16":{"loc":{"start":{"line":221,"column":6},"end":{"line":221,"column":38}},"type":"if","locations":[{"start":{"line":221,"column":6},"end":{"line":221,"column":38}},{"start":{},"end":{}}],"line":221},"17":{"loc":{"start":{"line":236,"column":6},"end":{"line":236,"column":38}},"type":"if","locations":[{"start":{"line":236,"column":6},"end":{"line":236,"column":38}},{"start":{},"end":{}}],"line":236},"18":{"loc":{"start":{"line":250,"column":4},"end":{"line":250,"column":31}},"type":"if","locations":[{"start":{"line":250,"column":4},"end":{"line":250,"column":31}},{"start":{},"end":{}}],"line":250},"19":{"loc":{"start":{"line":251,"column":4},"end":{"line":253,"column":5}},"type":"if","locations":[{"start":{"line":251,"column":4},"end":{"line":253,"column":5}},{"start":{},"end":{}}],"line":251},"20":{"loc":{"start":{"line":270,"column":6},"end":{"line":270,"column":39}},"type":"if","locations":[{"start":{"line":270,"column":6},"end":{"line":270,"column":39}},{"start":{},"end":{}}],"line":270},"21":{"loc":{"start":{"line":287,"column":6},"end":{"line":287,"column":39}},"type":"if","locations":[{"start":{"line":287,"column":6},"end":{"line":287,"column":39}},{"start":{},"end":{}}],"line":287},"22":{"loc":{"start":{"line":304,"column":6},"end":{"line":304,"column":39}},"type":"if","locations":[{"start":{"line":304,"column":6},"end":{"line":304,"column":39}},{"start":{},"end":{}}],"line":304},"23":{"loc":{"start":{"line":334,"column":4},"end":{"line":334,"column":47}},"type":"if","locations":[{"start":{"line":334,"column":4},"end":{"line":334,"column":47}},{"start":{},"end":{}}],"line":334},"24":{"loc":{"start":{"line":337,"column":6},"end":{"line":337,"column":44}},"type":"if","locations":[{"start":{"line":337,"column":6},"end":{"line":337,"column":44}},{"start":{},"end":{}}],"line":337},"25":{"loc":{"start":{"line":345,"column":6},"end":{"line":350,"column":7}},"type":"if","locations":[{"start":{"line":345,"column":6},"end":{"line":350,"column":7}},{"start":{},"end":{}}],"line":345},"26":{"loc":{"start":{"line":351,"column":6},"end":{"line":351,"column":39}},"type":"if","locations":[{"start":{"line":351,"column":6},"end":{"line":351,"column":39}},{"start":{},"end":{}}],"line":351},"27":{"loc":{"start":{"line":353,"column":47},"end":{"line":353,"column":67}},"type":"binary-expr","locations":[{"start":{"line":353,"column":47},"end":{"line":353,"column":52}},{"start":{"line":353,"column":56},"end":{"line":353,"column":67}}],"line":353},"28":{"loc":{"start":{"line":370,"column":6},"end":{"line":370,"column":39}},"type":"if","locations":[{"start":{"line":370,"column":6},"end":{"line":370,"column":39}},{"start":{},"end":{}}],"line":370},"29":{"loc":{"start":{"line":375,"column":8},"end":{"line":377,"column":9}},"type":"if","locations":[{"start":{"line":375,"column":8},"end":{"line":377,"column":9}},{"start":{},"end":{}}],"line":375},"30":{"loc":{"start":{"line":390,"column":4},"end":{"line":390,"column":37}},"type":"if","locations":[{"start":{"line":390,"column":4},"end":{"line":390,"column":37}},{"start":{},"end":{}}],"line":390},"31":{"loc":{"start":{"line":393,"column":6},"end":{"line":402,"column":7}},"type":"if","locations":[{"start":{"line":393,"column":6},"end":{"line":402,"column":7}},{"start":{},"end":{}}],"line":393},"32":{"loc":{"start":{"line":395,"column":8},"end":{"line":397,"column":9}},"type":"if","locations":[{"start":{"line":395,"column":8},"end":{"line":397,"column":9}},{"start":{},"end":{}}],"line":395},"33":{"loc":{"start":{"line":395,"column":12},"end":{"line":395,"column":39}},"type":"binary-expr","locations":[{"start":{"line":395,"column":12},"end":{"line":395,"column":16}},{"start":{"line":395,"column":20},"end":{"line":395,"column":39}}],"line":395},"34":{"loc":{"start":{"line":404,"column":28},"end":{"line":404,"column":85}},"type":"binary-expr","locations":[{"start":{"line":404,"column":28},"end":{"line":404,"column":53}},{"start":{"line":404,"column":57},"end":{"line":404,"column":85}}],"line":404},"35":{"loc":{"start":{"line":407,"column":6},"end":{"line":413,"column":7}},"type":"if","locations":[{"start":{"line":407,"column":6},"end":{"line":413,"column":7}},{"start":{},"end":{}}],"line":407},"36":{"loc":{"start":{"line":430,"column":26},"end":{"line":430,"column":81}},"type":"cond-expr","locations":[{"start":{"line":430,"column":36},"end":{"line":430,"column":71}},{"start":{"line":430,"column":74},"end":{"line":430,"column":81}}],"line":430},"37":{"loc":{"start":{"line":510,"column":2},"end":{"line":512,"column":3}},"type":"if","locations":[{"start":{"line":510,"column":2},"end":{"line":512,"column":3}},{"start":{},"end":{}}],"line":510}},"s":{"0":8,"1":77,"2":77,"3":36,"4":77,"5":77,"6":77,"7":77,"8":77,"9":77,"10":77,"11":77,"12":77,"13":26,"14":26,"15":26,"16":77,"17":23,"18":77,"19":0,"20":77,"21":0,"22":77,"23":30,"24":1,"25":29,"26":29,"27":29,"28":29,"29":77,"30":29,"31":29,"32":77,"33":11,"34":11,"35":11,"36":11,"37":77,"38":2,"39":2,"40":2,"41":2,"42":2,"43":2,"44":2,"45":0,"46":0,"47":0,"48":0,"49":0,"50":77,"51":5,"52":0,"53":5,"54":5,"55":5,"56":5,"57":0,"58":0,"59":0,"60":5,"61":5,"62":0,"63":0,"64":0,"65":0,"66":5,"67":77,"68":36,"69":31,"70":5,"71":77,"72":3,"73":0,"74":3,"75":3,"76":3,"77":3,"78":3,"79":3,"80":0,"81":3,"82":77,"83":7,"84":1,"85":6,"86":6,"87":6,"88":0,"89":6,"90":77,"91":2,"92":0,"93":2,"94":2,"95":0,"96":2,"97":2,"98":77,"99":4,"100":0,"101":4,"102":1,"103":4,"104":4,"105":4,"106":4,"107":4,"108":0,"109":4,"110":77,"111":2,"112":0,"113":2,"114":2,"115":1,"116":1,"117":1,"118":1,"119":2,"120":77,"121":1,"122":0,"123":1,"124":1,"125":1,"126":1,"127":0,"128":0,"129":1,"130":77,"131":1,"132":0,"133":1,"134":1,"135":1,"136":1,"137":0,"138":0,"139":1,"140":77,"141":5,"142":5,"143":5,"144":77,"145":42,"146":36,"147":6,"148":0,"149":0,"150":0,"151":6,"152":6,"153":77,"154":3,"155":3,"156":1,"157":1,"158":2,"159":0,"160":2,"161":2,"162":2,"163":2,"164":2,"165":2,"166":0,"167":0,"168":2,"169":77,"170":2,"171":0,"172":2,"173":2,"174":2,"175":2,"176":2,"177":2,"178":0,"179":0,"180":2,"181":77,"182":1,"183":0,"184":1,"185":1,"186":1,"187":0,"188":0,"189":0,"190":0,"191":0,"192":0,"193":1,"194":1,"195":1,"196":1,"197":1,"198":1,"199":1,"200":1,"201":0,"202":0,"203":0,"204":0,"205":1,"206":77,"207":0,"208":0,"209":0,"210":0,"211":77,"212":0,"213":0,"214":0,"215":0,"216":77,"217":75,"218":77,"219":185,"220":185,"221":0,"222":185},"f":{"0":77,"1":36,"2":26,"3":26,"4":23,"5":0,"6":0,"7":30,"8":29,"9":11,"10":2,"11":5,"12":36,"13":3,"14":7,"15":2,"16":4,"17":2,"18":1,"19":1,"20":5,"21":42,"22":0,"23":6,"24":3,"25":2,"26":1,"27":0,"28":0,"29":0,"30":75,"31":185},"b":{"0":[0],"1":[5,31],"2":[0,26],"3":[1,29],"4":[2,0],"5":[2,0],"6":[2,2],"7":[2,0],"8":[2,0],"9":[0,0],"10":[0,5],"11":[0,5],"12":[0,0],"13":[31,5],"14":[0,3],"15":[3,0],"16":[1,6],"17":[0,2],"18":[0,4],"19":[1,3],"20":[0,2],"21":[0,1],"22":[0,1],"23":[36,6],"24":[0,0],"25":[1,2],"26":[0,2],"27":[2,1],"28":[0,2],"29":[2,0],"30":[0,1],"31":[0,1],"32":[0,0],"33":[0,0],"34":[1,0],"35":[1,0],"36":[0,0],"37":[0,185]},"_coverageSchema":"1a1c01bbd47fc00a2c39e90264f33305004495a9","hash":"36ebd307ab35d234655d8097eac2841caead36af"}
,"E:\\code\\client\\tngble-app\\src\\application\\auth\\AuthServiceProvider.tsx": {"path":"E:\\code\\client\\tngble-app\\src\\application\\auth\\AuthServiceProvider.tsx","statementMap":{"0":{"start":{"line":5,"column":27},"end":{"line":5,"column":66}},"1":{"start":{"line":14,"column":2},"end":{"line":16,"column":4}},"2":{"start":{"line":20,"column":18},"end":{"line":20,"column":48}},"3":{"start":{"line":21,"column":2},"end":{"line":23,"column":3}},"4":{"start":{"line":22,"column":4},"end":{"line":22,"column":78}},"5":{"start":{"line":24,"column":2},"end":{"line":24,"column":17}}},"fnMap":{"0":{"name":"AuthServiceProvider","decl":{"start":{"line":7,"column":16},"end":{"line":7,"column":35}},"loc":{"start":{"line":13,"column":3},"end":{"line":17,"column":1}},"line":13},"1":{"name":"useAuthService","decl":{"start":{"line":19,"column":16},"end":{"line":19,"column":30}},"loc":{"start":{"line":19,"column":46},"end":{"line":25,"column":1}},"line":19}},"branchMap":{"0":{"loc":{"start":{"line":21,"column":2},"end":{"line":23,"column":3}},"type":"if","locations":[{"start":{"line":21,"column":2},"end":{"line":23,"column":3}},{"start":{},"end":{}}],"line":21}},"s":{"0":8,"1":36,"2":77,"3":77,"4":0,"5":77},"f":{"0":36,"1":77},"b":{"0":[0,77]},"_coverageSchema":"1a1c01bbd47fc00a2c39e90264f33305004495a9","hash":"67d618a42e68759e29ee9ff5a6440d570b34539a"}
,"E:\\code\\client\\tngble-app\\src\\application\\auth\\createAuthService.ts": {"path":"E:\\code\\client\\tngble-app\\src\\application\\auth\\createAuthService.ts","statementMap":{"0":{"start":{"line":8,"column":2},"end":{"line":8,"column":28}},"1":{"start":{"line":13,"column":2},"end":{"line":13,"column":38}},"2":{"start":{"line":22,"column":16},"end":{"line":22,"column":41}},"3":{"start":{"line":23,"column":18},"end":{"line":23,"column":67}},"4":{"start":{"line":24,"column":2},"end":{"line":26,"column":3}},"5":{"start":{"line":25,"column":4},"end":{"line":25,"column":31}},"6":{"start":{"line":27,"column":2},"end":{"line":27,"column":56}}},"fnMap":{"0":{"name":"createAuthService","decl":{"start":{"line":7,"column":16},"end":{"line":7,"column":33}},"loc":{"start":{"line":7,"column":49},"end":{"line":9,"column":1}},"line":7},"1":{"name":"createFakeAuthService","decl":{"start":{"line":12,"column":16},"end":{"line":12,"column":37}},"loc":{"start":{"line":12,"column":89},"end":{"line":14,"column":1}},"line":12},"2":{"name":"createAppAuthService","decl":{"start":{"line":21,"column":16},"end":{"line":21,"column":36}},"loc":{"start":{"line":21,"column":52},"end":{"line":28,"column":1}},"line":21}},"branchMap":{"0":{"loc":{"start":{"line":24,"column":2},"end":{"line":26,"column":3}},"type":"if","locations":[{"start":{"line":24,"column":2},"end":{"line":26,"column":3}},{"start":{},"end":{}}],"line":24},"1":{"loc":{"start":{"line":24,"column":6},"end":{"line":24,"column":23}},"type":"binary-expr","locations":[{"start":{"line":24,"column":6},"end":{"line":24,"column":11}},{"start":{"line":24,"column":15},"end":{"line":24,"column":23}}],"line":24}},"s":{"0":1,"1":2,"2":2,"3":2,"4":2,"5":1,"6":1},"f":{"0":1,"1":2,"2":2},"b":{"0":[1,1],"1":[2,1]},"_coverageSchema":"1a1c01bbd47fc00a2c39e90264f33305004495a9","hash":"c231518b46fe25c80081c0f3c458ae1922e90a4c"}
,"E:\\code\\client\\tngble-app\\src\\application\\auth\\useConfirmEmailOtp.ts": {"path":"E:\\code\\client\\tngble-app\\src\\application\\auth\\useConfirmEmailOtp.ts","statementMap":{"0":{"start":{"line":5,"column":4},"end":{"line":5,"column":24}},"1":{"start":{"line":6,"column":2},"end":{"line":12,"column":4}}},"fnMap":{"0":{"name":"useConfirmEmailOtp","decl":{"start":{"line":3,"column":16},"end":{"line":3,"column":34}},"loc":{"start":{"line":3,"column":37},"end":{"line":13,"column":1}},"line":3}},"branchMap":{},"s":{"0":0,"1":0},"f":{"0":0},"b":{},"_coverageSchema":"1a1c01bbd47fc00a2c39e90264f33305004495a9","hash":"734ae4362f177dba3d85d03055f744dafa967e3b"}
,"E:\\code\\client\\tngble-app\\src\\application\\auth\\usePasswordReset.ts": {"path":"E:\\code\\client\\tngble-app\\src\\application\\auth\\usePasswordReset.ts","statementMap":{"0":{"start":{"line":11,"column":6},"end":{"line":11,"column":26}},"1":{"start":{"line":12,"column":2},"end":{"line":19,"column":4}}},"fnMap":{"0":{"name":"usePasswordReset","decl":{"start":{"line":3,"column":16},"end":{"line":3,"column":32}},"loc":{"start":{"line":3,"column":35},"end":{"line":20,"column":1}},"line":3}},"branchMap":{},"s":{"0":18,"1":18},"f":{"0":18},"b":{},"_coverageSchema":"1a1c01bbd47fc00a2c39e90264f33305004495a9","hash":"1d688db9ecd2400f9f16582b800295964e815c60"}
,"E:\\code\\client\\tngble-app\\src\\application\\auth\\useSignIn.ts": {"path":"E:\\code\\client\\tngble-app\\src\\application\\auth\\useSignIn.ts","statementMap":{"0":{"start":{"line":4,"column":48},"end":{"line":4,"column":68}},"1":{"start":{"line":5,"column":2},"end":{"line":5,"column":47}}},"fnMap":{"0":{"name":"useSignIn","decl":{"start":{"line":3,"column":16},"end":{"line":3,"column":25}},"loc":{"start":{"line":3,"column":28},"end":{"line":6,"column":1}},"line":3}},"branchMap":{},"s":{"0":41,"1":41},"f":{"0":41},"b":{},"_coverageSchema":"1a1c01bbd47fc00a2c39e90264f33305004495a9","hash":"cfed5724b45f5df36039d18b4b82c4b396db56bd"}
,"E:\\code\\client\\tngble-app\\src\\application\\auth\\useSignUp.ts": {"path":"E:\\code\\client\\tngble-app\\src\\application\\auth\\useSignUp.ts","statementMap":{"0":{"start":{"line":4,"column":48},"end":{"line":4,"column":68}},"1":{"start":{"line":5,"column":2},"end":{"line":5,"column":47}}},"fnMap":{"0":{"name":"useSignUp","decl":{"start":{"line":3,"column":16},"end":{"line":3,"column":25}},"loc":{"start":{"line":3,"column":28},"end":{"line":6,"column":1}},"line":3}},"branchMap":{},"s":{"0":24,"1":24},"f":{"0":24},"b":{},"_coverageSchema":"1a1c01bbd47fc00a2c39e90264f33305004495a9","hash":"4276f225c02b8b02097398dbacb442f33ad83c75"}
,"E:\\code\\client\\tngble-app\\src\\application\\auth\\useSocialSignIn.ts": {"path":"E:\\code\\client\\tngble-app\\src\\application\\auth\\useSocialSignIn.ts","statementMap":{"0":{"start":{"line":4,"column":58},"end":{"line":4,"column":78}},"1":{"start":{"line":5,"column":2},"end":{"line":5,"column":57}}},"fnMap":{"0":{"name":"useSocialSignIn","decl":{"start":{"line":3,"column":16},"end":{"line":3,"column":31}},"loc":{"start":{"line":3,"column":34},"end":{"line":6,"column":1}},"line":3}},"branchMap":{},"s":{"0":41,"1":41},"f":{"0":41},"b":{},"_coverageSchema":"1a1c01bbd47fc00a2c39e90264f33305004495a9","hash":"08d954d2286ed782977019f12e5969b87c1d361f"}
,"E:\\code\\client\\tngble-app\\src\\application\\consent\\useConsentGate.ts": {"path":"E:\\code\\client\\tngble-app\\src\\application\\consent\\useConsentGate.ts","statementMap":{"0":{"start":{"line":14,"column":2},"end":{"line":14,"column":29}}},"fnMap":{"0":{"name":"useConsentGate","decl":{"start":{"line":13,"column":16},"end":{"line":13,"column":30}},"loc":{"start":{"line":13,"column":69},"end":{"line":15,"column":1}},"line":13}},"branchMap":{"0":{"loc":{"start":{"line":13,"column":31},"end":{"line":13,"column":67}},"type":"default-arg","locations":[{"start":{"line":13,"column":65},"end":{"line":13,"column":67}}],"line":13}},"s":{"0":56},"f":{"0":56},"b":{"0":[56]},"_coverageSchema":"1a1c01bbd47fc00a2c39e90264f33305004495a9","hash":"425baa3efc4146119a895aea1d3a06a5644915d7"}
,"E:\\code\\client\\tngble-app\\src\\domain\\auth\\AuthError.ts": {"path":"E:\\code\\client\\tngble-app\\src\\domain\\auth\\AuthError.ts","statementMap":{"0":{"start":{"line":18,"column":66},"end":{"line":26,"column":1}},"1":{"start":{"line":33,"column":2},"end":{"line":37,"column":4}}},"fnMap":{"0":{"name":"createAuthError","decl":{"start":{"line":28,"column":16},"end":{"line":28,"column":31}},"loc":{"start":{"line":32,"column":13},"end":{"line":38,"column":1}},"line":32}},"branchMap":{"0":{"loc":{"start":{"line":35,"column":13},"end":{"line":35,"column":49}},"type":"binary-expr","locations":[{"start":{"line":35,"column":13},"end":{"line":35,"column":20}},{"start":{"line":35,"column":24},"end":{"line":35,"column":49}}],"line":35},"1":{"loc":{"start":{"line":36,"column":8},"end":{"line":36,"column":32}},"type":"cond-expr","locations":[{"start":{"line":36,"column":17},"end":{"line":36,"column":27}},{"start":{"line":36,"column":30},"end":{"line":36,"column":32}}],"line":36}},"s":{"0":14,"1":43},"f":{"0":43},"b":{"0":[43,24],"1":[0,43]},"_coverageSchema":"1a1c01bbd47fc00a2c39e90264f33305004495a9","hash":"8bdcb7ba53ea2b1f76f390c98299098f11e63e38"}
,"E:\\code\\client\\tngble-app\\src\\domain\\auth\\AuthState.ts": {"path":"E:\\code\\client\\tngble-app\\src\\domain\\auth\\AuthState.ts","statementMap":{"0":{"start":{"line":13,"column":2},"end":{"line":13,"column":31}},"1":{"start":{"line":17,"column":2},"end":{"line":17,"column":36}},"2":{"start":{"line":21,"column":2},"end":{"line":21,"column":36}},"3":{"start":{"line":25,"column":2},"end":{"line":25,"column":62}},"4":{"start":{"line":29,"column":2},"end":{"line":29,"column":42}}},"fnMap":{"0":{"name":"initialAuthState","decl":{"start":{"line":12,"column":16},"end":{"line":12,"column":32}},"loc":{"start":{"line":12,"column":46},"end":{"line":14,"column":1}},"line":12},"1":{"name":"isAuthenticatedStatus","decl":{"start":{"line":16,"column":16},"end":{"line":16,"column":37}},"loc":{"start":{"line":16,"column":67},"end":{"line":18,"column":1}},"line":16},"2":{"name":"canAccessApp","decl":{"start":{"line":20,"column":16},"end":{"line":20,"column":28}},"loc":{"start":{"line":20,"column":58},"end":{"line":22,"column":1}},"line":20},"3":{"name":"canAccessAuthStack","decl":{"start":{"line":24,"column":16},"end":{"line":24,"column":34}},"loc":{"start":{"line":24,"column":64},"end":{"line":26,"column":1}},"line":24},"4":{"name":"canAccessVerifyPending","decl":{"start":{"line":28,"column":16},"end":{"line":28,"column":38}},"loc":{"start":{"line":28,"column":68},"end":{"line":30,"column":1}},"line":28}},"branchMap":{"0":{"loc":{"start":{"line":25,"column":9},"end":{"line":25,"column":61}},"type":"binary-expr","locations":[{"start":{"line":25,"column":9},"end":{"line":25,"column":37}},{"start":{"line":25,"column":41},"end":{"line":25,"column":61}}],"line":25}},"s":{"0":8,"1":2,"2":2,"3":3,"4":2},"f":{"0":8,"1":2,"2":2,"3":3,"4":2},"b":{"0":[3,2]},"_coverageSchema":"1a1c01bbd47fc00a2c39e90264f33305004495a9","hash":"234686c1b4b1cba009203a074395493e0e0995ae"}
,"E:\\code\\client\\tngble-app\\src\\domain\\auth\\AuthStateMachine.ts": {"path":"E:\\code\\client\\tngble-app\\src\\domain\\auth\\AuthStateMachine.ts","statementMap":{"0":{"start":{"line":21,"column":2},"end":{"line":21,"column":70}},"1":{"start":{"line":24,"column":68},"end":{"line":58,"column":1}},"2":{"start":{"line":61,"column":2},"end":{"line":80,"column":3}},"3":{"start":{"line":63,"column":6},"end":{"line":63,"column":23}},"4":{"start":{"line":65,"column":6},"end":{"line":65,"column":31}},"5":{"start":{"line":68,"column":6},"end":{"line":68,"column":39}},"6":{"start":{"line":70,"column":6},"end":{"line":70,"column":29}},"7":{"start":{"line":72,"column":6},"end":{"line":72,"column":23}},"8":{"start":{"line":75,"column":6},"end":{"line":75,"column":31}},"9":{"start":{"line":77,"column":33},"end":{"line":77,"column":38}},"10":{"start":{"line":78,"column":6},"end":{"line":78,"column":25}},"11":{"start":{"line":87,"column":2},"end":{"line":89,"column":3}},"12":{"start":{"line":88,"column":4},"end":{"line":88,"column":36}},"13":{"start":{"line":92,"column":2},"end":{"line":95,"column":4}},"14":{"start":{"line":99,"column":2},"end":{"line":99,"column":48}}},"fnMap":{"0":{"name":"statusForUser","decl":{"start":{"line":20,"column":9},"end":{"line":20,"column":22}},"loc":{"start":{"line":20,"column":47},"end":{"line":22,"column":1}},"line":20},"1":{"name":"apply","decl":{"start":{"line":60,"column":9},"end":{"line":60,"column":14}},"loc":{"start":{"line":60,"column":65},"end":{"line":81,"column":1}},"line":60},"2":{"name":"transitionAuthState","decl":{"start":{"line":86,"column":16},"end":{"line":86,"column":35}},"loc":{"start":{"line":86,"column":94},"end":{"line":96,"column":1}},"line":86},"3":{"name":"transitionAuthStatus","decl":{"start":{"line":98,"column":16},"end":{"line":98,"column":36}},"loc":{"start":{"line":98,"column":97},"end":{"line":100,"column":1}},"line":98}},"branchMap":{"0":{"loc":{"start":{"line":21,"column":9},"end":{"line":21,"column":69}},"type":"cond-expr","locations":[{"start":{"line":21,"column":30},"end":{"line":21,"column":45}},{"start":{"line":21,"column":48},"end":{"line":21,"column":69}}],"line":21},"1":{"loc":{"start":{"line":61,"column":2},"end":{"line":80,"column":3}},"type":"switch","locations":[{"start":{"line":62,"column":4},"end":{"line":63,"column":23}},{"start":{"line":64,"column":4},"end":{"line":65,"column":31}},{"start":{"line":66,"column":4},"end":{"line":66,"column":27}},{"start":{"line":67,"column":4},"end":{"line":68,"column":39}},{"start":{"line":69,"column":4},"end":{"line":70,"column":29}},{"start":{"line":71,"column":4},"end":{"line":72,"column":23}},{"start":{"line":73,"column":4},"end":{"line":73,"column":20}},{"start":{"line":74,"column":4},"end":{"line":75,"column":31}},{"start":{"line":76,"column":4},"end":{"line":79,"column":5}}],"line":61},"2":{"loc":{"start":{"line":87,"column":2},"end":{"line":89,"column":3}},"type":"if","locations":[{"start":{"line":87,"column":2},"end":{"line":89,"column":3}},{"start":{},"end":{}}],"line":87}},"s":{"0":22,"1":14,"2":37,"3":6,"4":1,"5":22,"6":2,"7":1,"8":5,"9":0,"10":0,"11":41,"12":4,"13":37,"14":1},"f":{"0":22,"1":37,"2":41,"3":1},"b":{"0":[11,11],"1":[6,1,6,22,2,1,5,5,0],"2":[4,37]},"_coverageSchema":"1a1c01bbd47fc00a2c39e90264f33305004495a9","hash":"29ff0d16a5a1d4993678aa29fb46ab73c9f24b1f"}
,"E:\\code\\client\\tngble-app\\src\\domain\\auth\\errorMapping.ts": {"path":"E:\\code\\client\\tngble-app\\src\\domain\\auth\\errorMapping.ts","statementMap":{"0":{"start":{"line":26,"column":2},"end":{"line":26,"column":326}},"1":{"start":{"line":28,"column":22},"end":{"line":63,"column":1}},"2":{"start":{"line":32,"column":6},"end":{"line":32,"column":93}},"3":{"start":{"line":37,"column":6},"end":{"line":37,"column":96}},"4":{"start":{"line":42,"column":6},"end":{"line":42,"column":79}},"5":{"start":{"line":47,"column":22},"end":{"line":47,"column":100}},"6":{"start":{"line":52,"column":22},"end":{"line":52,"column":86}},"7":{"start":{"line":57,"column":6},"end":{"line":57,"column":94}},"8":{"start":{"line":61,"column":22},"end":{"line":61,"column":85}},"9":{"start":{"line":66,"column":2},"end":{"line":68,"column":3}},"10":{"start":{"line":67,"column":4},"end":{"line":67,"column":14}},"11":{"start":{"line":69,"column":15},"end":{"line":69,"column":46}},"12":{"start":{"line":70,"column":2},"end":{"line":80,"column":15}},"13":{"start":{"line":79,"column":19},"end":{"line":79,"column":56}},"14":{"start":{"line":84,"column":2},"end":{"line":96,"column":15}},"15":{"start":{"line":101,"column":4},"end":{"line":101,"column":94}},"16":{"start":{"line":103,"column":4},"end":{"line":105,"column":13}},"17":{"start":{"line":104,"column":13},"end":{"line":104,"column":57}},"18":{"start":{"line":107,"column":4},"end":{"line":115,"column":71}},"19":{"start":{"line":115,"column":18},"end":{"line":115,"column":62}},"20":{"start":{"line":117,"column":16},"end":{"line":117,"column":108}},"21":{"start":{"line":117,"column":63},"end":{"line":117,"column":107}},"22":{"start":{"line":118,"column":17},"end":{"line":118,"column":90}},"23":{"start":{"line":119,"column":2},"end":{"line":119,"column":32}},"24":{"start":{"line":119,"column":15},"end":{"line":119,"column":32}},"25":{"start":{"line":120,"column":2},"end":{"line":120,"column":30}},"26":{"start":{"line":129,"column":2},"end":{"line":129,"column":57}},"27":{"start":{"line":129,"column":43},"end":{"line":129,"column":57}},"28":{"start":{"line":130,"column":17},"end":{"line":130,"column":50}},"29":{"start":{"line":131,"column":2},"end":{"line":131,"column":49}},"30":{"start":{"line":140,"column":2},"end":{"line":142,"column":3}},"31":{"start":{"line":141,"column":4},"end":{"line":141,"column":38}},"32":{"start":{"line":146,"column":2},"end":{"line":155,"column":3}},"33":{"start":{"line":147,"column":18},"end":{"line":147,"column":36}},"34":{"start":{"line":148,"column":4},"end":{"line":154,"column":5}},"35":{"start":{"line":153,"column":6},"end":{"line":153,"column":19}},"36":{"start":{"line":158,"column":4},"end":{"line":162,"column":36}},"37":{"start":{"line":164,"column":15},"end":{"line":164,"column":29}},"38":{"start":{"line":166,"column":2},"end":{"line":173,"column":3}},"39":{"start":{"line":167,"column":4},"end":{"line":172,"column":6}},"40":{"start":{"line":175,"column":2},"end":{"line":184,"column":3}},"41":{"start":{"line":176,"column":4},"end":{"line":183,"column":6}},"42":{"start":{"line":186,"column":2},"end":{"line":195,"column":3}},"43":{"start":{"line":187,"column":4},"end":{"line":194,"column":6}},"44":{"start":{"line":197,"column":2},"end":{"line":206,"column":3}},"45":{"start":{"line":198,"column":4},"end":{"line":205,"column":6}},"46":{"start":{"line":208,"column":2},"end":{"line":222,"column":3}},"47":{"start":{"line":214,"column":4},"end":{"line":221,"column":6}},"48":{"start":{"line":224,"column":2},"end":{"line":233,"column":3}},"49":{"start":{"line":225,"column":4},"end":{"line":232,"column":6}},"50":{"start":{"line":235,"column":2},"end":{"line":248,"column":3}},"51":{"start":{"line":240,"column":4},"end":{"line":247,"column":6}},"52":{"start":{"line":250,"column":2},"end":{"line":260,"column":3}},"53":{"start":{"line":251,"column":4},"end":{"line":259,"column":6}},"54":{"start":{"line":262,"column":2},"end":{"line":271,"column":3}},"55":{"start":{"line":263,"column":4},"end":{"line":270,"column":6}},"56":{"start":{"line":273,"column":2},"end":{"line":286,"column":3}},"57":{"start":{"line":278,"column":4},"end":{"line":285,"column":6}},"58":{"start":{"line":288,"column":2},"end":{"line":297,"column":3}},"59":{"start":{"line":289,"column":4},"end":{"line":296,"column":6}},"60":{"start":{"line":299,"column":2},"end":{"line":308,"column":3}},"61":{"start":{"line":300,"column":4},"end":{"line":307,"column":6}},"62":{"start":{"line":310,"column":2},"end":{"line":314,"column":3}},"63":{"start":{"line":311,"column":4},"end":{"line":313,"column":5}},"64":{"start":{"line":312,"column":6},"end":{"line":312,"column":72}},"65":{"start":{"line":316,"column":2},"end":{"line":316,"column":68}},"66":{"start":{"line":321,"column":2},"end":{"line":321,"column":43}}},"fnMap":{"0":{"name":"(anonymous_0)","decl":{"start":{"line":31,"column":11},"end":{"line":31,"column":12}},"loc":{"start":{"line":32,"column":6},"end":{"line":32,"column":93}},"line":32},"1":{"name":"(anonymous_1)","decl":{"start":{"line":36,"column":11},"end":{"line":36,"column":12}},"loc":{"start":{"line":37,"column":6},"end":{"line":37,"column":96}},"line":37},"2":{"name":"(anonymous_2)","decl":{"start":{"line":41,"column":11},"end":{"line":41,"column":12}},"loc":{"start":{"line":42,"column":6},"end":{"line":42,"column":79}},"line":42},"3":{"name":"(anonymous_3)","decl":{"start":{"line":47,"column":11},"end":{"line":47,"column":12}},"loc":{"start":{"line":47,"column":22},"end":{"line":47,"column":100}},"line":47},"4":{"name":"(anonymous_4)","decl":{"start":{"line":52,"column":11},"end":{"line":52,"column":12}},"loc":{"start":{"line":52,"column":22},"end":{"line":52,"column":86}},"line":52},"5":{"name":"(anonymous_5)","decl":{"start":{"line":56,"column":11},"end":{"line":56,"column":12}},"loc":{"start":{"line":57,"column":6},"end":{"line":57,"column":94}},"line":57},"6":{"name":"(anonymous_6)","decl":{"start":{"line":61,"column":11},"end":{"line":61,"column":12}},"loc":{"start":{"line":61,"column":22},"end":{"line":61,"column":85}},"line":61},"7":{"name":"jsonText","decl":{"start":{"line":65,"column":9},"end":{"line":65,"column":17}},"loc":{"start":{"line":65,"column":41},"end":{"line":81,"column":1}},"line":65},"8":{"name":"(anonymous_8)","decl":{"start":{"line":79,"column":12},"end":{"line":79,"column":13}},"loc":{"start":{"line":79,"column":19},"end":{"line":79,"column":56}},"line":79},"9":{"name":"haystack","decl":{"start":{"line":83,"column":9},"end":{"line":83,"column":17}},"loc":{"start":{"line":83,"column":52},"end":{"line":97,"column":1}},"line":83},"10":{"name":"compactProviderDetail","decl":{"start":{"line":99,"column":9},"end":{"line":99,"column":30}},"loc":{"start":{"line":99,"column":90},"end":{"line":121,"column":1}},"line":99},"11":{"name":"(anonymous_11)","decl":{"start":{"line":104,"column":6},"end":{"line":104,"column":7}},"loc":{"start":{"line":104,"column":13},"end":{"line":104,"column":57}},"line":104},"12":{"name":"(anonymous_12)","decl":{"start":{"line":115,"column":11},"end":{"line":115,"column":12}},"loc":{"start":{"line":115,"column":18},"end":{"line":115,"column":62}},"line":115},"13":{"name":"(anonymous_13)","decl":{"start":{"line":117,"column":43},"end":{"line":117,"column":44}},"loc":{"start":{"line":117,"column":63},"end":{"line":117,"column":107}},"line":117},"14":{"name":"withProviderDetail","decl":{"start":{"line":123,"column":9},"end":{"line":123,"column":27}},"loc":{"start":{"line":128,"column":13},"end":{"line":132,"column":1}},"line":128},"15":{"name":"mapProviderError","decl":{"start":{"line":139,"column":16},"end":{"line":139,"column":32}},"loc":{"start":{"line":139,"column":60},"end":{"line":317,"column":1}},"line":139},"16":{"name":"isSafeAuthErrorMessage","decl":{"start":{"line":320,"column":16},"end":{"line":320,"column":38}},"loc":{"start":{"line":320,"column":65},"end":{"line":322,"column":1}},"line":320}},"branchMap":{"0":{"loc":{"start":{"line":42,"column":6},"end":{"line":42,"column":79}},"type":"binary-expr","locations":[{"start":{"line":42,"column":6},"end":{"line":42,"column":22}},{"start":{"line":42,"column":26},"end":{"line":42,"column":79}}],"line":42},"1":{"loc":{"start":{"line":66,"column":2},"end":{"line":68,"column":3}},"type":"if","locations":[{"start":{"line":66,"column":2},"end":{"line":68,"column":3}},{"start":{},"end":{}}],"line":66},"2":{"loc":{"start":{"line":66,"column":6},"end":{"line":66,"column":46}},"type":"binary-expr","locations":[{"start":{"line":66,"column":6},"end":{"line":66,"column":18}},{"start":{"line":66,"column":22},"end":{"line":66,"column":46}}],"line":66},"3":{"loc":{"start":{"line":79,"column":19},"end":{"line":79,"column":56}},"type":"binary-expr","locations":[{"start":{"line":79,"column":19},"end":{"line":79,"column":40}},{"start":{"line":79,"column":44},"end":{"line":79,"column":56}}],"line":79},"4":{"loc":{"start":{"line":101,"column":4},"end":{"line":101,"column":94}},"type":"cond-expr","locations":[{"start":{"line":101,"column":50},"end":{"line":101,"column":86}},{"start":{"line":101,"column":90},"end":{"line":101,"column":94}}],"line":101},"5":{"loc":{"start":{"line":101,"column":4},"end":{"line":101,"column":46}},"type":"binary-expr","locations":[{"start":{"line":101,"column":4},"end":{"line":101,"column":13}},{"start":{"line":101,"column":17},"end":{"line":101,"column":46}}],"line":101},"6":{"loc":{"start":{"line":103,"column":4},"end":{"line":105,"column":13}},"type":"binary-expr","locations":[{"start":{"line":103,"column":4},"end":{"line":105,"column":5}},{"start":{"line":105,"column":9},"end":{"line":105,"column":13}}],"line":103},"7":{"loc":{"start":{"line":104,"column":13},"end":{"line":104,"column":57}},"type":"binary-expr","locations":[{"start":{"line":104,"column":13},"end":{"line":104,"column":34}},{"start":{"line":104,"column":38},"end":{"line":104,"column":57}}],"line":104},"8":{"loc":{"start":{"line":107,"column":4},"end":{"line":115,"column":71}},"type":"binary-expr","locations":[{"start":{"line":107,"column":4},"end":{"line":115,"column":63}},{"start":{"line":115,"column":67},"end":{"line":115,"column":71}}],"line":107},"9":{"loc":{"start":{"line":115,"column":18},"end":{"line":115,"column":62}},"type":"binary-expr","locations":[{"start":{"line":115,"column":18},"end":{"line":115,"column":39}},{"start":{"line":115,"column":43},"end":{"line":115,"column":62}}],"line":115},"10":{"loc":{"start":{"line":117,"column":63},"end":{"line":117,"column":107}},"type":"binary-expr","locations":[{"start":{"line":117,"column":63},"end":{"line":117,"column":84}},{"start":{"line":117,"column":88},"end":{"line":117,"column":107}}],"line":117},"11":{"loc":{"start":{"line":118,"column":18},"end":{"line":118,"column":61}},"type":"cond-expr","locations":[{"start":{"line":118,"column":37},"end":{"line":118,"column":54}},{"start":{"line":118,"column":57},"end":{"line":118,"column":61}}],"line":118},"12":{"loc":{"start":{"line":119,"column":2},"end":{"line":119,"column":32}},"type":"if","locations":[{"start":{"line":119,"column":2},"end":{"line":119,"column":32}},{"start":{},"end":{}}],"line":119},"13":{"loc":{"start":{"line":129,"column":2},"end":{"line":129,"column":57}},"type":"if","locations":[{"start":{"line":129,"column":2},"end":{"line":129,"column":57}},{"start":{},"end":{}}],"line":129},"14":{"loc":{"start":{"line":129,"column":6},"end":{"line":129,"column":41}},"type":"binary-expr","locations":[{"start":{"line":129,"column":6},"end":{"line":129,"column":25}},{"start":{"line":129,"column":29},"end":{"line":129,"column":41}}],"line":129},"15":{"loc":{"start":{"line":131,"column":9},"end":{"line":131,"column":48}},"type":"cond-expr","locations":[{"start":{"line":131,"column":18},"end":{"line":131,"column":39}},{"start":{"line":131,"column":42},"end":{"line":131,"column":48}}],"line":131},"16":{"loc":{"start":{"line":140,"column":2},"end":{"line":142,"column":3}},"type":"if","locations":[{"start":{"line":140,"column":2},"end":{"line":142,"column":3}},{"start":{},"end":{}}],"line":140},"17":{"loc":{"start":{"line":146,"column":2},"end":{"line":155,"column":3}},"type":"if","locations":[{"start":{"line":146,"column":2},"end":{"line":155,"column":3}},{"start":{},"end":{}}],"line":146},"18":{"loc":{"start":{"line":148,"column":4},"end":{"line":154,"column":5}},"type":"if","locations":[{"start":{"line":148,"column":4},"end":{"line":154,"column":5}},{"start":{},"end":{}}],"line":148},"19":{"loc":{"start":{"line":149,"column":6},"end":{"line":151,"column":75}},"type":"binary-expr","locations":[{"start":{"line":149,"column":6},"end":{"line":149,"column":36}},{"start":{"line":150,"column":6},"end":{"line":150,"column":39}},{"start":{"line":151,"column":6},"end":{"line":151,"column":75}}],"line":149},"20":{"loc":{"start":{"line":158,"column":4},"end":{"line":162,"column":36}},"type":"cond-expr","locations":[{"start":{"line":159,"column":8},"end":{"line":159,"column":26}},{"start":{"line":160,"column":8},"end":{"line":162,"column":36}}],"line":158},"21":{"loc":{"start":{"line":160,"column":8},"end":{"line":162,"column":36}},"type":"cond-expr","locations":[{"start":{"line":161,"column":11},"end":{"line":161,"column":37}},{"start":{"line":162,"column":10},"end":{"line":162,"column":36}}],"line":160},"22":{"loc":{"start":{"line":166,"column":2},"end":{"line":173,"column":3}},"type":"if","locations":[{"start":{"line":166,"column":2},"end":{"line":173,"column":3}},{"start":{},"end":{}}],"line":166},"23":{"loc":{"start":{"line":175,"column":2},"end":{"line":184,"column":3}},"type":"if","locations":[{"start":{"line":175,"column":2},"end":{"line":184,"column":3}},{"start":{},"end":{}}],"line":175},"24":{"loc":{"start":{"line":186,"column":2},"end":{"line":195,"column":3}},"type":"if","locations":[{"start":{"line":186,"column":2},"end":{"line":195,"column":3}},{"start":{},"end":{}}],"line":186},"25":{"loc":{"start":{"line":197,"column":2},"end":{"line":206,"column":3}},"type":"if","locations":[{"start":{"line":197,"column":2},"end":{"line":206,"column":3}},{"start":{},"end":{}}],"line":197},"26":{"loc":{"start":{"line":208,"column":2},"end":{"line":222,"column":3}},"type":"if","locations":[{"start":{"line":208,"column":2},"end":{"line":222,"column":3}},{"start":{},"end":{}}],"line":208},"27":{"loc":{"start":{"line":209,"column":4},"end":{"line":212,"column":83}},"type":"binary-expr","locations":[{"start":{"line":209,"column":4},"end":{"line":211,"column":5}},{"start":{"line":212,"column":5},"end":{"line":212,"column":30}},{"start":{"line":212,"column":34},"end":{"line":212,"column":82}}],"line":209},"28":{"loc":{"start":{"line":224,"column":2},"end":{"line":233,"column":3}},"type":"if","locations":[{"start":{"line":224,"column":2},"end":{"line":233,"column":3}},{"start":{},"end":{}}],"line":224},"29":{"loc":{"start":{"line":235,"column":2},"end":{"line":248,"column":3}},"type":"if","locations":[{"start":{"line":235,"column":2},"end":{"line":248,"column":3}},{"start":{},"end":{}}],"line":235},"30":{"loc":{"start":{"line":250,"column":2},"end":{"line":260,"column":3}},"type":"if","locations":[{"start":{"line":250,"column":2},"end":{"line":260,"column":3}},{"start":{},"end":{}}],"line":250},"31":{"loc":{"start":{"line":262,"column":2},"end":{"line":271,"column":3}},"type":"if","locations":[{"start":{"line":262,"column":2},"end":{"line":271,"column":3}},{"start":{},"end":{}}],"line":262},"32":{"loc":{"start":{"line":273,"column":2},"end":{"line":286,"column":3}},"type":"if","locations":[{"start":{"line":273,"column":2},"end":{"line":286,"column":3}},{"start":{},"end":{}}],"line":273},"33":{"loc":{"start":{"line":288,"column":2},"end":{"line":297,"column":3}},"type":"if","locations":[{"start":{"line":288,"column":2},"end":{"line":297,"column":3}},{"start":{},"end":{}}],"line":288},"34":{"loc":{"start":{"line":288,"column":6},"end":{"line":288,"column":108}},"type":"binary-expr","locations":[{"start":{"line":288,"column":6},"end":{"line":288,"column":46}},{"start":{"line":288,"column":50},"end":{"line":288,"column":108}}],"line":288},"35":{"loc":{"start":{"line":299,"column":2},"end":{"line":308,"column":3}},"type":"if","locations":[{"start":{"line":299,"column":2},"end":{"line":308,"column":3}},{"start":{},"end":{}}],"line":299},"36":{"loc":{"start":{"line":299,"column":6},"end":{"line":299,"column":81}},"type":"binary-expr","locations":[{"start":{"line":299,"column":6},"end":{"line":299,"column":35}},{"start":{"line":299,"column":39},"end":{"line":299,"column":81}}],"line":299},"37":{"loc":{"start":{"line":311,"column":4},"end":{"line":313,"column":5}},"type":"if","locations":[{"start":{"line":311,"column":4},"end":{"line":313,"column":5}},{"start":{},"end":{}}],"line":311}},"s":{"0":14,"1":14,"2":15,"3":13,"4":11,"5":10,"6":10,"7":8,"8":5,"9":33,"10":31,"11":2,"12":2,"13":14,"14":33,"15":25,"16":25,"17":95,"18":25,"19":100,"20":25,"21":50,"22":25,"23":25,"24":0,"25":25,"26":33,"27":8,"28":25,"29":25,"30":39,"31":2,"32":37,"33":35,"34":35,"35":4,"36":33,"37":33,"38":33,"39":7,"40":26,"41":2,"42":24,"43":1,"44":23,"45":1,"46":22,"47":2,"48":20,"49":1,"50":19,"51":1,"52":18,"53":1,"54":17,"55":1,"56":16,"57":0,"58":16,"59":0,"60":16,"61":1,"62":15,"63":72,"64":12,"65":3,"66":8},"f":{"0":15,"1":13,"2":11,"3":10,"4":10,"5":8,"6":5,"7":33,"8":14,"9":33,"10":25,"11":95,"12":100,"13":50,"14":33,"15":39,"16":8},"b":{"0":[11,10],"1":[31,2],"2":[33,2],"3":[14,4],"4":[2,23],"5":[25,2],"6":[25,14],"7":[95,11],"8":[25,0],"9":[100,25],"10":[50,36],"11":[25,0],"12":[0,25],"13":[8,25],"14":[33,25],"15":[25,0],"16":[2,37],"17":[35,2],"18":[4,31],"19":[35,15,15],"20":[1,32],"21":[31,1],"22":[7,26],"23":[2,24],"24":[1,23],"25":[1,22],"26":[2,20],"27":[22,20,0],"28":[1,19],"29":[1,18],"30":[1,17],"31":[1,16],"32":[0,16],"33":[0,16],"34":[16,0],"35":[1,15],"36":[16,15],"37":[12,60]},"_coverageSchema":"1a1c01bbd47fc00a2c39e90264f33305004495a9","hash":"a1f2abc91f62623c63ec553bb18bf0547a4055fc"}
,"E:\\code\\client\\tngble-app\\src\\domain\\consent\\Consent.ts": {"path":"E:\\code\\client\\tngble-app\\src\\domain\\consent\\Consent.ts","statementMap":{"0":{"start":{"line":7,"column":2},"end":{"line":10,"column":4}},"1":{"start":{"line":17,"column":2},"end":{"line":17,"column":30}},"2":{"start":{"line":17,"column":17},"end":{"line":17,"column":30}},"3":{"start":{"line":18,"column":2},"end":{"line":18,"column":61}}},"fnMap":{"0":{"name":"createConsentAcceptance","decl":{"start":{"line":3,"column":16},"end":{"line":3,"column":39}},"loc":{"start":{"line":6,"column":17},"end":{"line":11,"column":1}},"line":6},"1":{"name":"isConsentCurrent","decl":{"start":{"line":13,"column":16},"end":{"line":13,"column":32}},"loc":{"start":{"line":16,"column":11},"end":{"line":19,"column":1}},"line":16}},"branchMap":{"0":{"loc":{"start":{"line":5,"column":2},"end":{"line":5,"column":24}},"type":"default-arg","locations":[{"start":{"line":5,"column":14},"end":{"line":5,"column":24}}],"line":5},"1":{"loc":{"start":{"line":17,"column":2},"end":{"line":17,"column":30}},"type":"if","locations":[{"start":{"line":17,"column":2},"end":{"line":17,"column":30}},{"start":{},"end":{}}],"line":17}},"s":{"0":9,"1":13,"2":0,"3":13},"f":{"0":9,"1":13},"b":{"0":[8],"1":[0,13]},"_coverageSchema":"1a1c01bbd47fc00a2c39e90264f33305004495a9","hash":"9c6ad3dd92830ebb273136e57fc08fedf5c38cf1"}
,"E:\\code\\client\\tngble-app\\src\\domain\\consent\\ConsentGate.ts": {"path":"E:\\code\\client\\tngble-app\\src\\domain\\consent\\ConsentGate.ts","statementMap":{"0":{"start":{"line":17,"column":19},"end":{"line":17,"column":41}},"1":{"start":{"line":18,"column":2},"end":{"line":20,"column":3}},"2":{"start":{"line":19,"column":4},"end":{"line":19,"column":66}},"3":{"start":{"line":21,"column":2},"end":{"line":23,"column":3}},"4":{"start":{"line":22,"column":4},"end":{"line":22,"column":49}},"5":{"start":{"line":24,"column":2},"end":{"line":26,"column":3}},"6":{"start":{"line":25,"column":4},"end":{"line":25,"column":55}},"7":{"start":{"line":27,"column":2},"end":{"line":27,"column":41}},"8":{"start":{"line":34,"column":2},"end":{"line":34,"column":64}}},"fnMap":{"0":{"name":"evaluateConsentGate","decl":{"start":{"line":13,"column":16},"end":{"line":13,"column":35}},"loc":{"start":{"line":16,"column":23},"end":{"line":28,"column":1}},"line":16},"1":{"name":"canProceedWithSignup","decl":{"start":{"line":30,"column":16},"end":{"line":30,"column":36}},"loc":{"start":{"line":33,"column":11},"end":{"line":35,"column":1}},"line":33}},"branchMap":{"0":{"loc":{"start":{"line":18,"column":2},"end":{"line":20,"column":3}},"type":"if","locations":[{"start":{"line":18,"column":2},"end":{"line":20,"column":3}},{"start":{},"end":{}}],"line":18},"1":{"loc":{"start":{"line":21,"column":2},"end":{"line":23,"column":3}},"type":"if","locations":[{"start":{"line":21,"column":2},"end":{"line":23,"column":3}},{"start":{},"end":{}}],"line":21},"2":{"loc":{"start":{"line":24,"column":2},"end":{"line":26,"column":3}},"type":"if","locations":[{"start":{"line":24,"column":2},"end":{"line":26,"column":3}},{"start":{},"end":{}}],"line":24}},"s":{"0":131,"1":131,"2":1,"3":130,"4":118,"5":12,"6":2,"7":10,"8":65},"f":{"0":131,"1":65},"b":{"0":[1,130],"1":[118,12],"2":[2,10]},"_coverageSchema":"1a1c01bbd47fc00a2c39e90264f33305004495a9","hash":"1a697880be23978f54584cf4e1fea11ef26af703"}
,"E:\\code\\client\\tngble-app\\src\\domain\\sanitization\\constants.ts": {"path":"E:\\code\\client\\tngble-app\\src\\domain\\sanitization\\constants.ts","statementMap":{"0":{"start":{"line":1,"column":32},"end":{"line":1,"column":35}},"1":{"start":{"line":2,"column":31},"end":{"line":2,"column":34}},"2":{"start":{"line":3,"column":35},"end":{"line":3,"column":36}},"3":{"start":{"line":4,"column":35},"end":{"line":4,"column":38}},"4":{"start":{"line":5,"column":40},"end":{"line":5,"column":41}},"5":{"start":{"line":8,"column":34},"end":{"line":8,"column":58}},"6":{"start":{"line":11,"column":36},"end":{"line":11,"column":67}},"7":{"start":{"line":14,"column":37},"end":{"line":14,"column":93}}},"fnMap":{},"branchMap":{},"s":{"0":15,"1":15,"2":15,"3":15,"4":15,"5":15,"6":15,"7":15},"f":{},"b":{},"_coverageSchema":"1a1c01bbd47fc00a2c39e90264f33305004495a9","hash":"1eee4b512cb381a729cc99a552e5dc8d1a6bddf8"}
,"E:\\code\\client\\tngble-app\\src\\domain\\sanitization\\normalizeEmail.ts": {"path":"E:\\code\\client\\tngble-app\\src\\domain\\sanitization\\normalizeEmail.ts","statementMap":{"0":{"start":{"line":9,"column":2},"end":{"line":12,"column":40}},"1":{"start":{"line":23,"column":2},"end":{"line":25,"column":3}},"2":{"start":{"line":24,"column":4},"end":{"line":24,"column":41}},"3":{"start":{"line":27,"column":14},"end":{"line":27,"column":58}},"4":{"start":{"line":29,"column":13},"end":{"line":29,"column":35}},"5":{"start":{"line":30,"column":2},"end":{"line":32,"column":3}},"6":{"start":{"line":31,"column":4},"end":{"line":31,"column":17}},"7":{"start":{"line":34,"column":16},"end":{"line":34,"column":34}},"8":{"start":{"line":35,"column":17},"end":{"line":35,"column":50}},"9":{"start":{"line":36,"column":2},"end":{"line":36,"column":30}}},"fnMap":{"0":{"name":"stripInvisible","decl":{"start":{"line":8,"column":9},"end":{"line":8,"column":23}},"loc":{"start":{"line":8,"column":47},"end":{"line":13,"column":1}},"line":8},"1":{"name":"normalizeEmail","decl":{"start":{"line":22,"column":16},"end":{"line":22,"column":30}},"loc":{"start":{"line":22,"column":52},"end":{"line":37,"column":1}},"line":22}},"branchMap":{"0":{"loc":{"start":{"line":23,"column":2},"end":{"line":25,"column":3}},"type":"if","locations":[{"start":{"line":23,"column":2},"end":{"line":25,"column":3}},{"start":{},"end":{}}],"line":23},"1":{"loc":{"start":{"line":30,"column":2},"end":{"line":32,"column":3}},"type":"if","locations":[{"start":{"line":30,"column":2},"end":{"line":32,"column":3}},{"start":{},"end":{}}],"line":30},"2":{"loc":{"start":{"line":30,"column":6},"end":{"line":30,"column":40}},"type":"binary-expr","locations":[{"start":{"line":30,"column":6},"end":{"line":30,"column":13}},{"start":{"line":30,"column":17},"end":{"line":30,"column":40}}],"line":30}},"s":{"0":136,"1":136,"2":0,"3":136,"4":136,"5":136,"6":107,"7":29,"8":29,"9":29},"f":{"0":136,"1":136},"b":{"0":[0,136],"1":[107,29],"2":[136,29]},"_coverageSchema":"1a1c01bbd47fc00a2c39e90264f33305004495a9","hash":"07a3d27a853bad5e4c36ed00c0d80dc76f1aa662"}
,"E:\\code\\client\\tngble-app\\src\\domain\\sanitization\\normalizeName.ts": {"path":"E:\\code\\client\\tngble-app\\src\\domain\\sanitization\\normalizeName.ts","statementMap":{"0":{"start":{"line":13,"column":14},"end":{"line":13,"column":17}},"1":{"start":{"line":14,"column":2},"end":{"line":16,"column":3}},"2":{"start":{"line":15,"column":4},"end":{"line":15,"column":44}},"3":{"start":{"line":18,"column":2},"end":{"line":24,"column":26}},"4":{"start":{"line":26,"column":2},"end":{"line":28,"column":3}},"5":{"start":{"line":27,"column":4},"end":{"line":27,"column":51}},"6":{"start":{"line":30,"column":2},"end":{"line":30,"column":15}}},"fnMap":{"0":{"name":"normalizeName","decl":{"start":{"line":12,"column":16},"end":{"line":12,"column":29}},"loc":{"start":{"line":12,"column":51},"end":{"line":31,"column":1}},"line":12}},"branchMap":{"0":{"loc":{"start":{"line":14,"column":2},"end":{"line":16,"column":3}},"type":"if","locations":[{"start":{"line":14,"column":2},"end":{"line":16,"column":3}},{"start":{},"end":{}}],"line":14},"1":{"loc":{"start":{"line":26,"column":2},"end":{"line":28,"column":3}},"type":"if","locations":[{"start":{"line":26,"column":2},"end":{"line":28,"column":3}},{"start":{},"end":{}}],"line":26}},"s":{"0":125,"1":125,"2":1,"3":125,"4":125,"5":0,"6":125},"f":{"0":125},"b":{"0":[1,124],"1":[0,125]},"_coverageSchema":"1a1c01bbd47fc00a2c39e90264f33305004495a9","hash":"f0b67bbc93f785394a7c4f23db4508dfc274240e"}
,"E:\\code\\client\\tngble-app\\src\\domain\\sanitization\\normalizePassword.ts": {"path":"E:\\code\\client\\tngble-app\\src\\domain\\sanitization\\normalizePassword.ts","statementMap":{"0":{"start":{"line":5,"column":2},"end":{"line":5,"column":13}}},"fnMap":{"0":{"name":"normalizePassword","decl":{"start":{"line":4,"column":16},"end":{"line":4,"column":33}},"loc":{"start":{"line":4,"column":55},"end":{"line":6,"column":1}},"line":4}},"branchMap":{},"s":{"0":18},"f":{"0":18},"b":{},"_coverageSchema":"1a1c01bbd47fc00a2c39e90264f33305004495a9","hash":"31ba07ff173bcf2f08191e5101d529b104a30574"}
,"E:\\code\\client\\tngble-app\\src\\domain\\sanitization\\normalizeVerificationCode.ts": {"path":"E:\\code\\client\\tngble-app\\src\\domain\\sanitization\\normalizeVerificationCode.ts","statementMap":{"0":{"start":{"line":7,"column":17},"end":{"line":7,"column":68}},"1":{"start":{"line":8,"column":2},"end":{"line":8,"column":51}}},"fnMap":{"0":{"name":"normalizeVerificationCode","decl":{"start":{"line":6,"column":16},"end":{"line":6,"column":41}},"loc":{"start":{"line":6,"column":63},"end":{"line":9,"column":1}},"line":6}},"branchMap":{},"s":{"0":62,"1":62},"f":{"0":62},"b":{},"_coverageSchema":"1a1c01bbd47fc00a2c39e90264f33305004495a9","hash":"74db4eab7b0a43cf635cf168fdfb14ecb1f70b6f"}
,"E:\\code\\client\\tngble-app\\src\\domain\\sanitization\\validateEmail.ts": {"path":"E:\\code\\client\\tngble-app\\src\\domain\\sanitization\\validateEmail.ts","statementMap":{"0":{"start":{"line":5,"column":14},"end":{"line":5,"column":33}},"1":{"start":{"line":6,"column":17},"end":{"line":6,"column":39}},"2":{"start":{"line":7,"column":14},"end":{"line":7,"column":33}},"3":{"start":{"line":13,"column":17},"end":{"line":13,"column":34}},"4":{"start":{"line":14,"column":2},"end":{"line":20,"column":3}},"5":{"start":{"line":15,"column":21},"end":{"line":15,"column":38}},"6":{"start":{"line":16,"column":24},"end":{"line":16,"column":44}},"7":{"start":{"line":17,"column":21},"end":{"line":17,"column":38}},"8":{"start":{"line":18,"column":24},"end":{"line":18,"column":80}},"9":{"start":{"line":19,"column":4},"end":{"line":19,"column":37}},"10":{"start":{"line":19,"column":25},"end":{"line":19,"column":37}},"11":{"start":{"line":21,"column":2},"end":{"line":21,"column":15}},"12":{"start":{"line":34,"column":2},"end":{"line":36,"column":3}},"13":{"start":{"line":35,"column":4},"end":{"line":35,"column":27}},"14":{"start":{"line":38,"column":21},"end":{"line":38,"column":40}},"15":{"start":{"line":40,"column":2},"end":{"line":42,"column":3}},"16":{"start":{"line":41,"column":4},"end":{"line":41,"column":24}},"17":{"start":{"line":44,"column":2},"end":{"line":46,"column":3}},"18":{"start":{"line":45,"column":4},"end":{"line":45,"column":40}},"19":{"start":{"line":48,"column":13},"end":{"line":48,"column":40}},"20":{"start":{"line":49,"column":2},"end":{"line":51,"column":3}},"21":{"start":{"line":50,"column":4},"end":{"line":50,"column":29}},"22":{"start":{"line":53,"column":16},"end":{"line":53,"column":39}},"23":{"start":{"line":54,"column":17},"end":{"line":54,"column":41}},"24":{"start":{"line":56,"column":2},"end":{"line":58,"column":3}},"25":{"start":{"line":57,"column":4},"end":{"line":57,"column":32}},"26":{"start":{"line":60,"column":2},"end":{"line":62,"column":3}},"27":{"start":{"line":61,"column":4},"end":{"line":61,"column":33}},"28":{"start":{"line":64,"column":2},"end":{"line":66,"column":3}},"29":{"start":{"line":65,"column":4},"end":{"line":65,"column":36}},"30":{"start":{"line":68,"column":2},"end":{"line":68,"column":24}}},"fnMap":{"0":{"name":"hasMixedScriptConfusableDomain","decl":{"start":{"line":12,"column":16},"end":{"line":12,"column":46}},"loc":{"start":{"line":12,"column":72},"end":{"line":22,"column":1}},"line":12},"1":{"name":"validateEmail","decl":{"start":{"line":33,"column":16},"end":{"line":33,"column":29}},"loc":{"start":{"line":33,"column":81},"end":{"line":69,"column":1}},"line":33}},"branchMap":{"0":{"loc":{"start":{"line":19,"column":4},"end":{"line":19,"column":37}},"type":"if","locations":[{"start":{"line":19,"column":4},"end":{"line":19,"column":37}},{"start":{},"end":{}}],"line":19},"1":{"loc":{"start":{"line":34,"column":2},"end":{"line":36,"column":3}},"type":"if","locations":[{"start":{"line":34,"column":2},"end":{"line":36,"column":3}},{"start":{},"end":{}}],"line":34},"2":{"loc":{"start":{"line":40,"column":2},"end":{"line":42,"column":3}},"type":"if","locations":[{"start":{"line":40,"column":2},"end":{"line":42,"column":3}},{"start":{},"end":{}}],"line":40},"3":{"loc":{"start":{"line":44,"column":2},"end":{"line":46,"column":3}},"type":"if","locations":[{"start":{"line":44,"column":2},"end":{"line":46,"column":3}},{"start":{},"end":{}}],"line":44},"4":{"loc":{"start":{"line":44,"column":6},"end":{"line":44,"column":71}},"type":"binary-expr","locations":[{"start":{"line":44,"column":6},"end":{"line":44,"column":27}},{"start":{"line":44,"column":31},"end":{"line":44,"column":71}}],"line":44},"5":{"loc":{"start":{"line":49,"column":2},"end":{"line":51,"column":3}},"type":"if","locations":[{"start":{"line":49,"column":2},"end":{"line":51,"column":3}},{"start":{},"end":{}}],"line":49},"6":{"loc":{"start":{"line":49,"column":6},"end":{"line":49,"column":47}},"type":"binary-expr","locations":[{"start":{"line":49,"column":6},"end":{"line":49,"column":13}},{"start":{"line":49,"column":17},"end":{"line":49,"column":47}}],"line":49},"7":{"loc":{"start":{"line":56,"column":2},"end":{"line":58,"column":3}},"type":"if","locations":[{"start":{"line":56,"column":2},"end":{"line":58,"column":3}},{"start":{},"end":{}}],"line":56},"8":{"loc":{"start":{"line":56,"column":6},"end":{"line":56,"column":33}},"type":"binary-expr","locations":[{"start":{"line":56,"column":6},"end":{"line":56,"column":12}},{"start":{"line":56,"column":16},"end":{"line":56,"column":33}}],"line":56},"9":{"loc":{"start":{"line":60,"column":2},"end":{"line":62,"column":3}},"type":"if","locations":[{"start":{"line":60,"column":2},"end":{"line":62,"column":3}},{"start":{},"end":{}}],"line":60},"10":{"loc":{"start":{"line":60,"column":6},"end":{"line":60,"column":88}},"type":"binary-expr","locations":[{"start":{"line":60,"column":6},"end":{"line":60,"column":13}},{"start":{"line":60,"column":17},"end":{"line":60,"column":38}},{"start":{"line":60,"column":42},"end":{"line":60,"column":64}},{"start":{"line":60,"column":68},"end":{"line":60,"column":88}}],"line":60},"11":{"loc":{"start":{"line":64,"column":2},"end":{"line":66,"column":3}},"type":"if","locations":[{"start":{"line":64,"column":2},"end":{"line":66,"column":3}},{"start":{},"end":{}}],"line":64}},"s":{"0":15,"1":15,"2":15,"3":25,"4":25,"5":49,"6":49,"7":49,"8":49,"9":49,"10":1,"11":24,"12":36,"13":1,"14":35,"15":35,"16":5,"17":30,"18":1,"19":29,"20":29,"21":4,"22":25,"23":25,"24":25,"25":0,"26":25,"27":0,"28":25,"29":1,"30":24},"f":{"0":25,"1":36},"b":{"0":[1,48],"1":[1,35],"2":[5,30],"3":[1,29],"4":[30,29],"5":[4,25],"6":[29,25],"7":[0,25],"8":[25,25],"9":[0,25],"10":[25,25,25,25],"11":[1,24]},"_coverageSchema":"1a1c01bbd47fc00a2c39e90264f33305004495a9","hash":"7cb6a744b1ee24848189d058db610029151210b6"}
[...]
,"E:\\code\\client\\tngble-app\\src\\presentation\\screens\\authLayout.ts": {"path":"E:\\code\\client\\tngble-app\\src\\presentation\\screens\\authLayout.ts","statementMap":{"0":{"start":{"line":5,"column":24},"end":{"line":5,"column":26}},"1":{"start":{"line":6,"column":26},"end":{"line":6,"column":29}},"2":{"start":{"line":7,"column":27},"end":{"line":7,"column":29}},"3":{"start":{"line":8,"column":24},"end":{"line":8,"column":27}},"4":{"start":{"line":9,"column":27},"end":{"line":9,"column":30}},"5":{"start":{"line":11,"column":33},"end":{"line":11,"column":36}},"6":{"start":{"line":13,"column":40},"end":{"line":13,"column":43}},"7":{"start":{"line":14,"column":33},"end":{"line":14,"column":38}}},"fnMap":{},"branchMap":{},"s":{"0":4,"1":4,"2":4,"3":4,"4":4,"5":4,"6":4,"7":4},"f":{},"b":{},"_coverageSchema":"1a1c01bbd47fc00a2c39e90264f33305004495a9","hash":"85694d32998ea2fde16a60ec58831beb287cb1c0"}
,"E:\\code\\client\\tngble-app\\src\\presentation\\utils\\emailField.ts": {"path":"E:\\code\\client\\tngble-app\\src\\presentation\\utils\\emailField.ts","statementMap":{"0":{"start":{"line":6,"column":55},"end":{"line":14,"column":1}},"1":{"start":{"line":17,"column":2},"end":{"line":17,"column":24}},"2":{"start":{"line":22,"column":17},"end":{"line":22,"column":35}},"3":{"start":{"line":23,"column":2},"end":{"line":25,"column":3}},"4":{"start":{"line":24,"column":4},"end":{"line":24,"column":59}},"5":{"start":{"line":26,"column":2},"end":{"line":26,"column":33}},"6":{"start":{"line":36,"column":2},"end":{"line":38,"column":3}},"7":{"start":{"line":37,"column":4},"end":{"line":37,"column":32}},"8":{"start":{"line":39,"column":17},"end":{"line":39,"column":35}},"9":{"start":{"line":40,"column":2},"end":{"line":42,"column":3}},"10":{"start":{"line":41,"column":4},"end":{"line":41,"column":59}},"11":{"start":{"line":43,"column":2},"end":{"line":43,"column":33}}},"fnMap":{"0":{"name":"emailValidationMessage","decl":{"start":{"line":16,"column":16},"end":{"line":16,"column":38}},"loc":{"start":{"line":16,"column":75},"end":{"line":18,"column":1}},"line":16},"1":{"name":"requireValidEmail","decl":{"start":{"line":21,"column":16},"end":{"line":21,"column":33}},"loc":{"start":{"line":21,"column":86},"end":{"line":27,"column":1}},"line":21},"2":{"name":"optionalLoginHint","decl":{"start":{"line":33,"column":16},"end":{"line":33,"column":33}},"loc":{"start":{"line":35,"column":53},"end":{"line":44,"column":1}},"line":35}},"branchMap":{"0":{"loc":{"start":{"line":23,"column":2},"end":{"line":25,"column":3}},"type":"if","locations":[{"start":{"line":23,"column":2},"end":{"line":25,"column":3}},{"start":{},"end":{}}],"line":23},"1":{"loc":{"start":{"line":36,"column":2},"end":{"line":38,"column":3}},"type":"if","locations":[{"start":{"line":36,"column":2},"end":{"line":38,"column":3}},{"start":{},"end":{}}],"line":36},"2":{"loc":{"start":{"line":40,"column":2},"end":{"line":42,"column":3}},"type":"if","locations":[{"start":{"line":40,"column":2},"end":{"line":42,"column":3}},{"start":{},"end":{}}],"line":40}},"s":{"0":5,"1":7,"2":12,"3":12,"4":5,"5":7,"6":3,"7":2,"8":1,"9":1,"10":1,"11":0},"f":{"0":7,"1":12,"2":3},"b":{"0":[5,7],"1":[2,1],"2":[1,0]},"_coverageSchema":"1a1c01bbd47fc00a2c39e90264f33305004495a9","hash":"3dd640f6f2620decffb4421e3279398990342d93"}
,"E:\\code\\client\\tngble-app\\src\\presentation\\utils\\passwordStrength.ts": {"path":"E:\\code\\client\\tngble-app\\src\\presentation\\utils\\passwordStrength.ts","statementMap":{"0":{"start":{"line":8,"column":16},"end":{"line":8,"column":30}},"1":{"start":{"line":9,"column":2},"end":{"line":9,"column":41}},"2":{"start":{"line":9,"column":26},"end":{"line":9,"column":41}},"3":{"start":{"line":11,"column":14},"end":{"line":11,"column":15}},"4":{"start":{"line":12,"column":2},"end":{"line":12,"column":36}},"5":{"start":{"line":12,"column":25},"end":{"line":12,"column":36}},"6":{"start":{"line":13,"column":2},"end":{"line":13,"column":37}},"7":{"start":{"line":13,"column":26},"end":{"line":13,"column":37}},"8":{"start":{"line":14,"column":2},"end":{"line":14,"column":61}},"9":{"start":{"line":14,"column":50},"end":{"line":14,"column":61}},"10":{"start":{"line":15,"column":2},"end":{"line":15,"column":35}},"11":{"start":{"line":15,"column":24},"end":{"line":15,"column":35}},"12":{"start":{"line":16,"column":2},"end":{"line":16,"column":45}},"13":{"start":{"line":16,"column":34},"end":{"line":16,"column":45}},"14":{"start":{"line":18,"column":2},"end":{"line":18,"column":32}},"15":{"start":{"line":18,"column":18},"end":{"line":18,"column":32}},"16":{"start":{"line":19,"column":2},"end":{"line":19,"column":34}},"17":{"start":{"line":19,"column":18},"end":{"line":19,"column":34}},"18":{"start":{"line":20,"column":2},"end":{"line":20,"column":18}},"19":{"start":{"line":24,"column":2},"end":{"line":33,"column":3}},"20":{"start":{"line":26,"column":6},"end":{"line":26,"column":37}},"21":{"start":{"line":28,"column":6},"end":{"line":28,"column":39}},"22":{"start":{"line":30,"column":6},"end":{"line":30,"column":39}},"23":{"start":{"line":32,"column":6},"end":{"line":32,"column":16}},"24":{"start":{"line":38,"column":2},"end":{"line":47,"column":3}},"25":{"start":{"line":40,"column":6},"end":{"line":40,"column":15}},"26":{"start":{"line":42,"column":6},"end":{"line":42,"column":15}},"27":{"start":{"line":44,"column":6},"end":{"line":44,"column":15}},"28":{"start":{"line":46,"column":6},"end":{"line":46,"column":15}}},"fnMap":{"0":{"name":"assessPasswordStrength","decl":{"start":{"line":7,"column":16},"end":{"line":7,"column":38}},"loc":{"start":{"line":7,"column":75},"end":{"line":21,"column":1}},"line":7},"1":{"name":"passwordStrengthLabel","decl":{"start":{"line":23,"column":16},"end":{"line":23,"column":37}},"loc":{"start":{"line":23,"column":74},"end":{"line":34,"column":1}},"line":23},"2":{"name":"passwordStrengthFilledBars","decl":{"start":{"line":37,"column":16},"end":{"line":37,"column":42}},"loc":{"start":{"line":37,"column":79},"end":{"line":48,"column":1}},"line":37}},"branchMap":{"0":{"loc":{"start":{"line":8,"column":16},"end":{"line":8,"column":30}},"type":"binary-expr","locations":[{"start":{"line":8,"column":16},"end":{"line":8,"column":24}},{"start":{"line":8,"column":28},"end":{"line":8,"column":30}}],"line":8},"1":{"loc":{"start":{"line":9,"column":2},"end":{"line":9,"column":41}},"type":"if","locations":[{"start":{"line":9,"column":2},"end":{"line":9,"column":41}},{"start":{},"end":{}}],"line":9},"2":{"loc":{"start":{"line":12,"column":2},"end":{"line":12,"column":36}},"type":"if","locations":[{"start":{"line":12,"column":2},"end":{"line":12,"column":36}},{"start":{},"end":{}}],"line":12},"3":{"loc":{"start":{"line":13,"column":2},"end":{"line":13,"column":37}},"type":"if","locations":[{"start":{"line":13,"column":2},"end":{"line":13,"column":37}},{"start":{},"end":{}}],"line":13},"4":{"loc":{"start":{"line":14,"column":2},"end":{"line":14,"column":61}},"type":"if","locations":[{"start":{"line":14,"column":2},"end":{"line":14,"column":61}},{"start":{},"end":{}}],"line":14},"5":{"loc":{"start":{"line":14,"column":6},"end":{"line":14,"column":48}},"type":"binary-expr","locations":[{"start":{"line":14,"column":6},"end":{"line":14,"column":25}},{"start":{"line":14,"column":29},"end":{"line":14,"column":48}}],"line":14},"6":{"loc":{"start":{"line":15,"column":2},"end":{"line":15,"column":35}},"type":"if","locations":[{"start":{"line":15,"column":2},"end":{"line":15,"column":35}},{"start":{},"end":{}}],"line":15},"7":{"loc":{"start":{"line":16,"column":2},"end":{"line":16,"column":45}},"type":"if","locations":[{"start":{"line":16,"column":2},"end":{"line":16,"column":45}},{"start":{},"end":{}}],"line":16},"8":{"loc":{"start":{"line":18,"column":2},"end":{"line":18,"column":32}},"type":"if","locations":[{"start":{"line":18,"column":2},"end":{"line":18,"column":32}},{"start":{},"end":{}}],"line":18},"9":{"loc":{"start":{"line":19,"column":2},"end":{"line":19,"column":34}},"type":"if","locations":[{"start":{"line":19,"column":2},"end":{"line":19,"column":34}},{"start":{},"end":{}}],"line":19},"10":{"loc":{"start":{"line":24,"column":2},"end":{"line":33,"column":3}},"type":"switch","locations":[{"start":{"line":25,"column":4},"end":{"line":26,"column":37}},{"start":{"line":27,"column":4},"end":{"line":28,"column":39}},{"start":{"line":29,"column":4},"end":{"line":30,"column":39}},{"start":{"line":31,"column":4},"end":{"line":32,"column":16}}],"line":24},"11":{"loc":{"start":{"line":38,"column":2},"end":{"line":47,"column":3}},"type":"switch","locations":[{"start":{"line":39,"column":4},"end":{"line":40,"column":15}},{"start":{"line":41,"column":4},"end":{"line":42,"column":15}},{"start":{"line":43,"column":4},"end":{"line":44,"column":15}},{"start":{"line":45,"column":4},"end":{"line":46,"column":15}}],"line":38}},"s":{"0":24,"1":24,"2":15,"3":9,"4":9,"5":6,"6":9,"7":2,"8":9,"9":4,"10":9,"11":4,"12":9,"13":4,"14":9,"15":5,"16":4,"17":0,"18":4,"19":24,"20":5,"21":0,"22":4,"23":15,"24":24,"25":5,"26":0,"27":4,"28":15},"f":{"0":24,"1":24,"2":24},"b":{"0":[24,0],"1":[15,9],"2":[6,3],"3":[2,7],"4":[4,5],"5":[9,4],"6":[4,5],"7":[4,5],"8":[5,4],"9":[0,4],"10":[5,0,4,15],"11":[5,0,4,15]},"_coverageSchema":"1a1c01bbd47fc00a2c39e90264f33305004495a9","hash":"b666b18871b5c3831da720b89af49c514cd06da1"}
,"E:\\code\\client\\tngble-app\\src\\presentation\\utils\\phoneField.ts": {"path":"E:\\code\\client\\tngble-app\\src\\presentation\\utils\\phoneField.ts","statementMap":{"0":{"start":{"line":14,"column":21},"end":{"line":14,"column":66}},"1":{"start":{"line":15,"column":19},"end":{"line":15,"column":49}},"2":{"start":{"line":16,"column":25},"end":{"line":16,"column":85}},"3":{"start":{"line":17,"column":2},"end":{"line":19,"column":3}},"4":{"start":{"line":18,"column":4},"end":{"line":18,"column":61}},"5":{"start":{"line":20,"column":2},"end":{"line":22,"column":3}},"6":{"start":{"line":21,"column":4},"end":{"line":21,"column":64}},"7":{"start":{"line":23,"column":2},"end":{"line":23,"column":41}}},"fnMap":{"0":{"name":"resolveSignupPhone","decl":{"start":{"line":10,"column":16},"end":{"line":10,"column":34}},"loc":{"start":{"line":13,"column":64},"end":{"line":24,"column":1}},"line":13}},"branchMap":{"0":{"loc":{"start":{"line":12,"column":2},"end":{"line":12,"column":15}},"type":"default-arg","locations":[{"start":{"line":12,"column":13},"end":{"line":12,"column":15}}],"line":12},"1":{"loc":{"start":{"line":14,"column":21},"end":{"line":14,"column":66}},"type":"binary-expr","locations":[{"start":{"line":14,"column":21},"end":{"line":14,"column":47}},{"start":{"line":14,"column":51},"end":{"line":14,"column":66}}],"line":14},"2":{"loc":{"start":{"line":15,"column":19},"end":{"line":15,"column":49}},"type":"binary-expr","locations":[{"start":{"line":15,"column":19},"end":{"line":15,"column":43}},{"start":{"line":15,"column":47},"end":{"line":15,"column":49}}],"line":15},"3":{"loc":{"start":{"line":17,"column":2},"end":{"line":19,"column":3}},"type":"if","locations":[{"start":{"line":17,"column":2},"end":{"line":19,"column":3}},{"start":{},"end":{}}],"line":17},"4":{"loc":{"start":{"line":20,"column":2},"end":{"line":22,"column":3}},"type":"if","locations":[{"start":{"line":20,"column":2},"end":{"line":22,"column":3}},{"start":{},"end":{}}],"line":20}},"s":{"0":4,"1":4,"2":4,"3":4,"4":2,"5":2,"6":1,"7":1},"f":{"0":4},"b":{"0":[3],"1":[4,1],"2":[4,1],"3":[2,2],"4":[1,1]},"_coverageSchema":"1a1c01bbd47fc00a2c39e90264f33305004495a9","hash":"22d25b5faa4a62cec812042c374d3d9485f76d0e"}
,"E:\\code\\client\\tngble-app\\src\\providers\\ConsentProvider.tsx": {"path":"E:\\code\\client\\tngble-app\\src\\providers\\ConsentProvider.tsx","statementMap":{"0":{"start":{"line":39,"column":23},"end":{"line":39,"column":70}},"1":{"start":{"line":50,"column":26},"end":{"line":50,"column":41}},"2":{"start":{"line":51,"column":34},"end":{"line":51,"column":70}},"3":{"start":{"line":52,"column":28},"end":{"line":52,"column":43}},"4":{"start":{"line":53,"column":32},"end":{"line":53,"column":47}},"5":{"start":{"line":55,"column":2},"end":{"line":67,"column":9}},"6":{"start":{"line":56,"column":18},"end":{"line":56,"column":22}},"7":{"start":{"line":57,"column":4},"end":{"line":63,"column":9}},"8":{"start":{"line":59,"column":8},"end":{"line":59,"column":41}},"9":{"start":{"line":59,"column":21},"end":{"line":59,"column":41}},"10":{"start":{"line":62,"column":8},"end":{"line":62,"column":36}},"11":{"start":{"line":62,"column":21},"end":{"line":62,"column":36}},"12":{"start":{"line":64,"column":4},"end":{"line":66,"column":6}},"13":{"start":{"line":65,"column":6},"end":{"line":65,"column":22}},"14":{"start":{"line":69,"column":19},"end":{"line":69,"column":65}},"15":{"start":{"line":70,"column":21},"end":{"line":70,"column":68}},"16":{"start":{"line":72,"column":24},"end":{"line":79,"column":42}},"17":{"start":{"line":73,"column":19},"end":{"line":73,"column":59}},"18":{"start":{"line":74,"column":4},"end":{"line":74,"column":34}},"19":{"start":{"line":75,"column":4},"end":{"line":75,"column":24}},"20":{"start":{"line":76,"column":4},"end":{"line":76,"column":21}},"21":{"start":{"line":77,"column":4},"end":{"line":77,"column":32}},"22":{"start":{"line":78,"column":4},"end":{"line":78,"column":18}},"23":{"start":{"line":81,"column":28},"end":{"line":89,"column":3}},"24":{"start":{"line":83,"column":6},"end":{"line":83,"column":24}},"25":{"start":{"line":84,"column":6},"end":{"line":86,"column":7}},"26":{"start":{"line":85,"column":8},"end":{"line":85,"column":30}},"27":{"start":{"line":91,"column":23},"end":{"line":95,"column":8}},"28":{"start":{"line":92,"column":4},"end":{"line":92,"column":30}},"29":{"start":{"line":93,"column":4},"end":{"line":93,"column":22}},"30":{"start":{"line":94,"column":4},"end":{"line":94,"column":22}},"31":{"start":{"line":97,"column":16},"end":{"line":122,"column":3}},"32":{"start":{"line":98,"column":11},"end":{"line":109,"column":5}},"33":{"start":{"line":124,"column":2},"end":{"line":124,"column":85}},"34":{"start":{"line":132,"column":18},"end":{"line":132,"column":44}},"35":{"start":{"line":133,"column":2},"end":{"line":135,"column":3}},"36":{"start":{"line":134,"column":4},"end":{"line":134,"column":65}},"37":{"start":{"line":136,"column":2},"end":{"line":139,"column":4}},"38":{"start":{"line":143,"column":18},"end":{"line":143,"column":44}},"39":{"start":{"line":144,"column":2},"end":{"line":146,"column":3}},"40":{"start":{"line":145,"column":4},"end":{"line":145,"column":77}},"41":{"start":{"line":147,"column":2},"end":{"line":147,"column":17}}},"fnMap":{"0":{"name":"ConsentProvider","decl":{"start":{"line":41,"column":16},"end":{"line":41,"column":31}},"loc":{"start":{"line":49,"column":3},"end":{"line":125,"column":1}},"line":49},"1":{"name":"(anonymous_1)","decl":{"start":{"line":55,"column":12},"end":{"line":55,"column":13}},"loc":{"start":{"line":55,"column":18},"end":{"line":67,"column":3}},"line":55},"2":{"name":"(anonymous_2)","decl":{"start":{"line":58,"column":12},"end":{"line":58,"column":13}},"loc":{"start":{"line":58,"column":24},"end":{"line":60,"column":7}},"line":58},"3":{"name":"(anonymous_3)","decl":{"start":{"line":61,"column":15},"end":{"line":61,"column":16}},"loc":{"start":{"line":61,"column":21},"end":{"line":63,"column":7}},"line":61},"4":{"name":"(anonymous_4)","decl":{"start":{"line":64,"column":11},"end":{"line":64,"column":12}},"loc":{"start":{"line":64,"column":17},"end":{"line":66,"column":5}},"line":64},"5":{"name":"(anonymous_5)","decl":{"start":{"line":72,"column":36},"end":{"line":72,"column":37}},"loc":{"start":{"line":72,"column":48},"end":{"line":79,"column":3}},"line":72},"6":{"name":"(anonymous_6)","decl":{"start":{"line":82,"column":4},"end":{"line":82,"column":5}},"loc":{"start":{"line":82,"column":30},"end":{"line":87,"column":5}},"line":82},"7":{"name":"(anonymous_7)","decl":{"start":{"line":91,"column":35},"end":{"line":91,"column":36}},"loc":{"start":{"line":91,"column":47},"end":{"line":95,"column":3}},"line":91},"8":{"name":"(anonymous_8)","decl":{"start":{"line":98,"column":4},"end":{"line":98,"column":5}},"loc":{"start":{"line":98,"column":11},"end":{"line":109,"column":5}},"line":98},"9":{"name":"useConsentConfig","decl":{"start":{"line":128,"column":16},"end":{"line":128,"column":32}},"loc":{"start":{"line":131,"column":2},"end":{"line":140,"column":1}},"line":131},"10":{"name":"useConsentContext","decl":{"start":{"line":142,"column":16},"end":{"line":142,"column":33}},"loc":{"start":{"line":142,"column":57},"end":{"line":148,"column":1}},"line":142}},"branchMap":{"0":{"loc":{"start":{"line":43,"column":2},"end":{"line":43,"column":52}},"type":"default-arg","locations":[{"start":{"line":43,"column":20},"end":{"line":43,"column":52}}],"line":43},"1":{"loc":{"start":{"line":59,"column":8},"end":{"line":59,"column":41}},"type":"if","locations":[{"start":{"line":59,"column":8},"end":{"line":59,"column":41}},{"start":{},"end":{}}],"line":59},"2":{"loc":{"start":{"line":62,"column":8},"end":{"line":62,"column":36}},"type":"if","locations":[{"start":{"line":62,"column":8},"end":{"line":62,"column":36}},{"start":{},"end":{}}],"line":62},"3":{"loc":{"start":{"line":84,"column":6},"end":{"line":86,"column":7}},"type":"if","locations":[{"start":{"line":84,"column":6},"end":{"line":86,"column":7}},{"start":{},"end":{}}],"line":84},"4":{"loc":{"start":{"line":103,"column":15},"end":{"line":103,"column":42}},"type":"binary-expr","locations":[{"start":{"line":103,"column":15},"end":{"line":103,"column":22}},{"start":{"line":103,"column":26},"end":{"line":103,"column":42}}],"line":103},"5":{"loc":{"start":{"line":133,"column":2},"end":{"line":135,"column":3}},"type":"if","locations":[{"start":{"line":133,"column":2},"end":{"line":135,"column":3}},{"start":{},"end":{}}],"line":133},"6":{"loc":{"start":{"line":144,"column":2},"end":{"line":146,"column":3}},"type":"if","locations":[{"start":{"line":144,"column":2},"end":{"line":146,"column":3}},{"start":{},"end":{}}],"line":144}},"s":{"0":8,"1":62,"2":62,"3":62,"4":62,"5":62,"6":29,"7":29,"8":29,"9":29,"10":29,"11":29,"12":29,"13":29,"14":62,"15":62,"16":62,"17":4,"18":4,"19":4,"20":4,"21":4,"22":4,"23":62,"24":2,"25":2,"26":2,"27":62,"28":1,"29":1,"30":1,"31":62,"32":62,"33":62,"34":0,"35":0,"36":0,"37":0,"38":56,"39":56,"40":0,"41":56},"f":{"0":62,"1":29,"2":29,"3":29,"4":29,"5":4,"6":2,"7":1,"8":62,"9":0,"10":56},"b":{"0":[59],"1":[29,0],"2":[29,0],"3":[2,0],"4":[62,58],"5":[0,0],"6":[0,56]},"_coverageSchema":"1a1c01bbd47fc00a2c39e90264f33305004495a9","hash":"fdb43340472a22abc9f7cf94f557059ebfd6e1bc"}
}
