TN:
SF:src\application\auth\AuthContext.tsx
FN:80,ApplicationAuthProvider
FN:85,(anonymous_1)
FN:99,(anonymous_2)
FN:100,(anonymous_3)
FN:106,(anonymous_4)
FN:107,(anonymous_5)
FN:110,(anonymous_6)
FN:114,(anonymous_7)
FN:122,(anonymous_8)
FN:128,(anonymous_9)
FN:138,(anonymous_10)
FN:168,(anonymous_11)
FN:190,(anonymous_12)
FN:199,(anonymous_13)
FN:220,(anonymous_14)
FN:235,(anonymous_15)
FN:249,(anonymous_16)
FN:269,(anonymous_17)
FN:286,(anonymous_18)
FN:303,(anonymous_19)
FN:319,(anonymous_20)
FN:333,(anonymous_21)
FN:335,(anonymous_22)
FN:339,(anonymous_23)
FN:343,(anonymous_24)
FN:369,(anonymous_25)
FN:389,(anonymous_26)
FN:429,(anonymous_27)
FN:430,(anonymous_28)
FN:435,(anonymous_29)
FN:445,(anonymous_30)
FN:508,useApplicationAuth
FNF:32
FNH:26
FNDA:77,ApplicationAuthProvider
FNDA:36,(anonymous_1)
FNDA:26,(anonymous_2)
FNDA:26,(anonymous_3)
FNDA:23,(anonymous_4)
FNDA:0,(anonymous_5)
FNDA:0,(anonymous_6)
FNDA:30,(anonymous_7)
FNDA:29,(anonymous_8)
FNDA:11,(anonymous_9)
FNDA:2,(anonymous_10)
FNDA:5,(anonymous_11)
FNDA:36,(anonymous_12)
FNDA:3,(anonymous_13)
FNDA:7,(anonymous_14)
FNDA:2,(anonymous_15)
FNDA:4,(anonymous_16)
FNDA:2,(anonymous_17)
FNDA:1,(anonymous_18)
FNDA:1,(anonymous_19)
FNDA:5,(anonymous_20)
FNDA:42,(anonymous_21)
FNDA:0,(anonymous_22)
FNDA:6,(anonymous_23)
FNDA:3,(anonymous_24)
FNDA:2,(anonymous_25)
FNDA:1,(anonymous_26)
FNDA:0,(anonymous_27)
FNDA:0,(anonymous_28)
FNDA:0,(anonymous_29)
FNDA:75,(anonymous_30)
FNDA:185,useApplicationAuth
DA:72,8
DA:84,77
DA:85,77
DA:86,36
DA:88,77
DA:89,77
DA:90,77
DA:91,77
DA:92,77
DA:95,77
DA:96,77
DA:97,77
DA:99,77
DA:100,26
DA:101,26
DA:102,26
DA:106,77
DA:107,77
DA:108,0
DA:110,77
DA:111,0
DA:114,77
DA:115,30
DA:116,29
DA:117,29
DA:118,29
DA:119,29
DA:122,77
DA:123,29
DA:124,29
DA:127,77
DA:129,11
DA:130,11
DA:131,11
DA:132,11
DA:137,77
DA:139,2
DA:140,2
DA:142,2
DA:146,2
DA:154,2
DA:155,2
DA:156,2
DA:158,0
DA:159,0
DA:160,0
DA:162,0
DA:163,0
DA:168,77
DA:169,5
DA:170,5
DA:171,5
DA:172,5
DA:173,5
DA:174,0
DA:175,0
DA:176,0
DA:178,5
DA:179,5
DA:181,0
DA:182,0
DA:183,0
DA:184,0
DA:186,5
DA:190,77
DA:191,36
DA:194,5
DA:198,77
DA:200,3
DA:201,3
DA:202,3
DA:203,3
DA:206,3
DA:207,3
DA:209,3
DA:211,0
DA:213,3
DA:219,77
DA:221,7
DA:222,6
DA:223,6
DA:224,6
DA:226,0
DA:228,6
DA:234,77
DA:236,2
DA:237,2
DA:238,2
DA:239,0
DA:241,2
DA:243,2
DA:249,77
DA:250,4
DA:251,4
DA:252,1
DA:256,4
DA:257,4
DA:258,4
DA:259,4
DA:260,4
DA:262,0
DA:264,4
DA:268,77
DA:270,2
DA:271,2
DA:272,2
DA:273,1
DA:274,1
DA:276,1
DA:277,1
DA:279,2
DA:285,77
DA:287,1
DA:288,1
DA:289,1
DA:290,1
DA:291,1
DA:293,0
DA:294,0
DA:296,1
DA:302,77
DA:304,1
DA:305,1
DA:306,1
DA:307,1
DA:308,1
DA:310,0
DA:311,0
DA:313,1
DA:319,77
DA:321,5
DA:329,5
DA:330,5
DA:333,77
DA:334,42
DA:335,6
DA:336,0
DA:337,0
DA:339,6
DA:342,77
DA:344,3
DA:345,3
DA:346,1
DA:349,1
DA:351,2
DA:352,2
DA:353,2
DA:354,2
DA:355,2
DA:356,2
DA:357,2
DA:359,0
DA:360,0
DA:362,2
DA:368,77
DA:370,2
DA:371,2
DA:372,2
DA:373,2
DA:375,2
DA:376,2
DA:378,2
DA:380,0
DA:381,0
DA:383,2
DA:389,77
DA:390,1
DA:391,1
DA:392,1
DA:393,1
DA:395,0
DA:396,0
DA:398,0
DA:399,0
DA:400,0
DA:401,0
DA:404,1
DA:405,1
DA:406,1
DA:407,1
DA:408,1
DA:410,1
DA:411,1
DA:412,1
DA:414,0
DA:420,0
DA:422,0
DA:423,0
DA:425,1
DA:429,77
DA:430,0
DA:431,0
DA:432,0
DA:435,77
DA:436,0
DA:437,0
DA:439,0
DA:440,0
DA:444,77
DA:445,75
DA:501,77
DA:509,185
DA:510,185
DA:511,0
DA:513,185
LF:205
LH:159
BRDA:82,0,0,0
BRDA:86,1,0,5
BRDA:86,1,1,31
BRDA:102,2,0,0
BRDA:102,2,1,26
BRDA:115,3,0,1
BRDA:115,3,1,29
BRDA:140,4,0,2
BRDA:140,4,1,0
BRDA:142,5,0,2
BRDA:142,5,1,0
BRDA:142,6,0,2
BRDA:142,6,1,2
BRDA:149,7,0,2
BRDA:149,7,1,0
BRDA:154,8,0,2
BRDA:154,8,1,0
BRDA:158,9,0,0
BRDA:158,9,1,0
BRDA:169,10,0,0
BRDA:169,10,1,5
BRDA:173,11,0,0
BRDA:173,11,1,5
BRDA:183,12,0,0
BRDA:183,12,1,0
BRDA:191,13,0,31
BRDA:191,13,1,5
BRDA:200,14,0,0
BRDA:200,14,1,3
BRDA:203,15,0,3
BRDA:203,15,1,0
BRDA:221,16,0,1
BRDA:221,16,1,6
BRDA:236,17,0,0
BRDA:236,17,1,2
BRDA:250,18,0,0
BRDA:250,18,1,4
BRDA:251,19,0,1
BRDA:251,19,1,3
BRDA:270,20,0,0
BRDA:270,20,1,2
BRDA:287,21,0,0
BRDA:287,21,1,1
BRDA:304,22,0,0
BRDA:304,22,1,1
BRDA:334,23,0,36
BRDA:334,23,1,6
BRDA:337,24,0,0
BRDA:337,24,1,0
BRDA:345,25,0,1
BRDA:345,25,1,2
BRDA:351,26,0,0
BRDA:351,26,1,2
BRDA:353,27,0,2
BRDA:353,27,1,1
BRDA:370,28,0,0
BRDA:370,28,1,2
BRDA:375,29,0,2
BRDA:375,29,1,0
BRDA:390,30,0,0
BRDA:390,30,1,1
BRDA:393,31,0,0
BRDA:393,31,1,1
BRDA:395,32,0,0
BRDA:395,32,1,0
BRDA:395,33,0,0
BRDA:395,33,1,0
BRDA:404,34,0,1
BRDA:404,34,1,0
BRDA:407,35,0,1
BRDA:407,35,1,0
BRDA:430,36,0,0
BRDA:430,36,1,0
BRDA:510,37,0,0
BRDA:510,37,1,185
BRF:75
BRH:40
end_of_record
TN:
SF:src\application\auth\AuthServiceProvider.tsx
FN:7,AuthServiceProvider
FN:19,useAuthService
FNF:2
FNH:2
FNDA:36,AuthServiceProvider
FNDA:77,useAuthService
DA:5,8
DA:14,36
DA:20,77
DA:21,77
DA:22,0
DA:24,77
LF:6
LH:5
BRDA:21,0,0,0
BRDA:21,0,1,77
BRF:2
BRH:1
end_of_record
TN:
SF:src\application\auth\createAuthService.ts
FN:7,createAuthService
FN:12,createFakeAuthService
FN:21,createAppAuthService
FNF:3
FNH:3
FNDA:1,createAuthService
FNDA:2,createFakeAuthService
FNDA:2,createAppAuthService
DA:8,1
DA:13,2
DA:22,2
DA:23,2
DA:24,2
DA:25,1
DA:27,1
LF:7
LH:7
BRDA:24,0,0,1
BRDA:24,0,1,1
BRDA:24,1,0,2
BRDA:24,1,1,1
BRF:4
BRH:4
end_of_record
TN:
SF:src\application\auth\useConfirmEmailOtp.ts
FN:3,useConfirmEmailOtp
FNF:1
FNH:0
FNDA:0,useConfirmEmailOtp
DA:5,0
DA:6,0
LF:2
LH:0
BRF:0
BRH:0
end_of_record
TN:
SF:src\application\auth\usePasswordReset.ts
FN:3,usePasswordReset
FNF:1
FNH:1
FNDA:18,usePasswordReset
DA:11,18
DA:12,18
LF:2
LH:2
BRF:0
BRH:0
end_of_record
TN:
SF:src\application\auth\useSignIn.ts
FN:3,useSignIn
FNF:1
FNH:1
FNDA:41,useSignIn
DA:4,41
DA:5,41
LF:2
LH:2
BRF:0
BRH:0
end_of_record
TN:
SF:src\application\auth\useSignUp.ts
FN:3,useSignUp
FNF:1
FNH:1
FNDA:24,useSignUp
DA:4,24
DA:5,24
LF:2
LH:2
BRF:0
BRH:0
end_of_record
TN:
SF:src\application\auth\useSocialSignIn.ts
FN:3,useSocialSignIn
FNF:1
FNH:1
FNDA:41,useSocialSignIn
DA:4,41
DA:5,41
LF:2
LH:2
BRF:0
BRH:0
end_of_record
TN:
SF:src\application\consent\useConsentGate.ts
FN:13,useConsentGate
FNF:1
FNH:1
FNDA:56,useConsentGate
DA:14,56
LF:1
LH:1
BRDA:13,0,0,56
BRF:1
BRH:1
end_of_record
TN:
SF:src\domain\auth\AuthError.ts
FN:28,createAuthError
FNF:1
FNH:1
FNDA:43,createAuthError
DA:18,14
DA:33,43
LF:2
LH:2
BRDA:35,0,0,43
BRDA:35,0,1,24
BRDA:36,1,0,0
BRDA:36,1,1,43
BRF:4
BRH:3
end_of_record
TN:
SF:src\domain\auth\AuthState.ts
FN:12,initialAuthState
FN:16,isAuthenticatedStatus
FN:20,canAccessApp
FN:24,canAccessAuthStack
FN:28,canAccessVerifyPending
FNF:5
FNH:5
FNDA:8,initialAuthState
FNDA:2,isAuthenticatedStatus
FNDA:2,canAccessApp
FNDA:3,canAccessAuthStack
FNDA:2,canAccessVerifyPending
DA:13,8
DA:17,2
DA:21,2
DA:25,3
DA:29,2
LF:5
LH:5
BRDA:25,0,0,3
BRDA:25,0,1,2
BRF:2
BRH:2
end_of_record
TN:
SF:src\domain\auth\AuthStateMachine.ts
FN:20,statusForUser
FN:60,apply
FN:86,transitionAuthState
FN:98,transitionAuthStatus
FNF:4
FNH:4
FNDA:22,statusForUser
FNDA:37,apply
FNDA:41,transitionAuthState
FNDA:1,transitionAuthStatus
DA:21,22
DA:24,14
DA:61,37
DA:63,6
DA:65,1
DA:68,22
DA:70,2
DA:72,1
DA:75,5
DA:77,0
DA:78,0
DA:87,41
DA:88,4
DA:92,37
DA:99,1
LF:15
LH:13
BRDA:21,0,0,11
BRDA:21,0,1,11
BRDA:61,1,0,6
BRDA:61,1,1,1
BRDA:61,1,2,6
BRDA:61,1,3,22
BRDA:61,1,4,2
BRDA:61,1,5,1
BRDA:61,1,6,5
BRDA:61,1,7,5
BRDA:61,1,8,0
BRDA:87,2,0,4
BRDA:87,2,1,37
BRF:13
BRH:12
end_of_record
TN:
SF:src\domain\auth\errorMapping.ts
FN:31,(anonymous_0)
FN:36,(anonymous_1)
FN:41,(anonymous_2)
FN:47,(anonymous_3)
FN:52,(anonymous_4)
FN:56,(anonymous_5)
FN:61,(anonymous_6)
FN:65,jsonText
FN:79,(anonymous_8)
FN:83,haystack
FN:99,compactProviderDetail
FN:104,(anonymous_11)
FN:115,(anonymous_12)
FN:117,(anonymous_13)
FN:123,withProviderDetail
FN:139,mapProviderError
FN:320,isSafeAuthErrorMessage
FNF:17
FNH:17
FNDA:15,(anonymous_0)
FNDA:13,(anonymous_1)
FNDA:11,(anonymous_2)
FNDA:10,(anonymous_3)
FNDA:10,(anonymous_4)
FNDA:8,(anonymous_5)
FNDA:5,(anonymous_6)
FNDA:33,jsonText
FNDA:14,(anonymous_8)
FNDA:33,haystack
FNDA:25,compactProviderDetail
FNDA:95,(anonymous_11)
FNDA:100,(anonymous_12)
FNDA:50,(anonymous_13)
FNDA:33,withProviderDetail
FNDA:39,mapProviderError
FNDA:8,isSafeAuthErrorMessage
DA:26,14
DA:28,14
DA:32,15
DA:37,13
DA:42,11
DA:47,10
DA:52,10
DA:57,8
DA:61,5
DA:66,33
DA:67,31
DA:69,2
DA:70,2
DA:79,14
DA:84,33
DA:101,25
DA:103,25
DA:104,95
DA:107,25
DA:115,100
DA:117,50
DA:118,25
DA:119,25
DA:120,25
DA:129,33
DA:130,25
DA:131,25
DA:140,39
DA:141,2
DA:146,37
DA:147,35
DA:148,35
DA:153,4
DA:158,33
DA:164,33
DA:166,33
DA:167,7
DA:175,26
DA:176,2
DA:186,24
DA:187,1
DA:197,23
DA:198,1
DA:208,22
DA:214,2
DA:224,20
DA:225,1
DA:235,19
DA:240,1
DA:250,18
DA:251,1
DA:262,17
DA:263,1
DA:273,16
DA:278,0
DA:288,16
DA:289,0
DA:299,16
DA:300,1
DA:310,15
DA:311,72
DA:312,12
DA:316,3
DA:321,8
LF:64
LH:62
BRDA:42,0,0,11
BRDA:42,0,1,10
BRDA:66,1,0,31
BRDA:66,1,1,2
BRDA:66,2,0,33
BRDA:66,2,1,2
BRDA:79,3,0,14
BRDA:79,3,1,4
BRDA:101,4,0,2
BRDA:101,4,1,23
BRDA:101,5,0,25
BRDA:101,5,1,2
BRDA:103,6,0,25
BRDA:103,6,1,14
BRDA:104,7,0,95
BRDA:104,7,1,11
BRDA:107,8,0,25
BRDA:107,8,1,0
BRDA:115,9,0,100
BRDA:115,9,1,25
BRDA:117,10,0,50
BRDA:117,10,1,36
BRDA:118,11,0,25
BRDA:118,11,1,0
BRDA:119,12,0,0
BRDA:119,12,1,25
BRDA:129,13,0,8
BRDA:129,13,1,25
BRDA:129,14,0,33
BRDA:129,14,1,25
BRDA:131,15,0,25
BRDA:131,15,1,0
BRDA:140,16,0,2
BRDA:140,16,1,37
BRDA:146,17,0,35
BRDA:146,17,1,2
BRDA:148,18,0,4
BRDA:148,18,1,31
BRDA:149,19,0,35
BRDA:149,19,1,15
BRDA:149,19,2,15
BRDA:158,20,0,1
BRDA:158,20,1,32
BRDA:160,21,0,31
BRDA:160,21,1,1
BRDA:166,22,0,7
BRDA:166,22,1,26
BRDA:175,23,0,2
BRDA:175,23,1,24
BRDA:186,24,0,1
BRDA:186,24,1,23
BRDA:197,25,0,1
BRDA:197,25,1,22
BRDA:208,26,0,2
BRDA:208,26,1,20
BRDA:209,27,0,22
BRDA:209,27,1,20
BRDA:209,27,2,0
BRDA:224,28,0,1
BRDA:224,28,1,19
BRDA:235,29,0,1
BRDA:235,29,1,18
BRDA:250,30,0,1
BRDA:250,30,1,17
BRDA:262,31,0,1
BRDA:262,31,1,16
BRDA:273,32,0,0
BRDA:273,32,1,16
BRDA:288,33,0,0
BRDA:288,33,1,16
BRDA:288,34,0,16
BRDA:288,34,1,0
BRDA:299,35,0,1
BRDA:299,35,1,15
BRDA:299,36,0,16
BRDA:299,36,1,15
BRDA:311,37,0,12
BRDA:311,37,1,60
BRF:78
BRH:70
end_of_record
TN:
SF:src\domain\consent\Consent.ts
FN:3,createConsentAcceptance
FN:13,isConsentCurrent
FNF:2
FNH:2
FNDA:9,createConsentAcceptance
FNDA:13,isConsentCurrent
DA:7,9
DA:17,13
DA:18,13
LF:3
LH:3
BRDA:5,0,0,8
BRDA:17,1,0,0
BRDA:17,1,1,13
BRF:3
BRH:2
end_of_record
TN:
SF:src\domain\consent\ConsentGate.ts
FN:13,evaluateConsentGate
FN:30,canProceedWithSignup
FNF:2
FNH:2
FNDA:131,evaluateConsentGate
FNDA:65,canProceedWithSignup
DA:17,131
DA:18,131
DA:19,1
DA:21,130
DA:22,118
DA:24,12
DA:25,2
DA:27,10
DA:34,65
LF:9
LH:9
BRDA:18,0,0,1
BRDA:18,0,1,130
BRDA:21,1,0,118
BRDA:21,1,1,12
BRDA:24,2,0,2
BRDA:24,2,1,10
BRF:6
BRH:6
end_of_record
TN:
SF:src\domain\sanitization\constants.ts
FNF:0
FNH:0
DA:1,15
DA:2,15
DA:3,15
DA:4,15
DA:5,15
DA:8,15
DA:11,15
DA:14,15
LF:8
LH:8
BRF:0
BRH:0
end_of_record
TN:
SF:src\domain\sanitization\normalizeEmail.ts
FN:8,stripInvisible
FN:22,normalizeEmail
FNF:2
FNH:2
FNDA:136,stripInvisible
FNDA:136,normalizeEmail
DA:9,136
DA:23,136
DA:24,0
DA:27,136
DA:29,136
DA:30,136
DA:31,107
DA:34,29
DA:35,29
DA:36,29
LF:10
LH:9
BRDA:23,0,0,0
BRDA:23,0,1,136
BRDA:30,1,0,107
BRDA:30,1,1,29
BRDA:30,2,0,136
BRDA:30,2,1,29
BRF:6
BRH:5
end_of_record
TN:
SF:src\domain\sanitization\normalizeName.ts
FN:12,normalizeName
FNF:1
FNH:1
FNDA:125,normalizeName
DA:13,125
DA:14,125
DA:15,1
DA:18,125
DA:26,125
DA:27,0
DA:30,125
LF:7
LH:6
BRDA:14,0,0,1
BRDA:14,0,1,124
BRDA:26,1,0,0
BRDA:26,1,1,125
BRF:4
BRH:3
end_of_record
TN:
SF:src\domain\sanitization\normalizePassword.ts
FN:4,normalizePassword
FNF:1
FNH:1
FNDA:18,normalizePassword
DA:5,18
LF:1
LH:1
BRF:0
BRH:0
end_of_record
TN:
SF:src\domain\sanitization\normalizeVerificationCode.ts
FN:6,normalizeVerificationCode
FNF:1
FNH:1
FNDA:62,normalizeVerificationCode
DA:7,62
DA:8,62
LF:2
LH:2
BRF:0
BRH:0
end_of_record
TN:
SF:src\domain\sanitization\validateEmail.ts
FN:12,hasMixedScriptConfusableDomain
FN:33,validateEmail
FNF:2
FNH:2
FNDA:25,hasMixedScriptConfusableDomain
FNDA:36,validateEmail
DA:5,15
DA:6,15
DA:7,15
DA:13,25
DA:14,25
DA:15,49
DA:16,49
DA:17,49
DA:18,49
DA:19,49
DA:21,24
DA:34,36
DA:35,1
DA:38,35
DA:40,35
DA:41,5
DA:44,30
DA:45,1
DA:48,29
DA:49,29
DA:50,4
DA:53,25
DA:54,25
DA:56,25
DA:57,0
DA:60,25
DA:61,0
DA:64,25
DA:65,1
DA:68,24
LF:30
LH:28
BRDA:19,0,0,1
BRDA:19,0,1,48
BRDA:34,1,0,1
BRDA:34,1,1,35
BRDA:40,2,0,5
BRDA:40,2,1,30
BRDA:44,3,0,1
BRDA:44,3,1,29
BRDA:44,4,0,30
BRDA:44,4,1,29
BRDA:49,5,0,4
BRDA:49,5,1,25
BRDA:49,6,0,29
BRDA:49,6,1,25
BRDA:56,7,0,0
BRDA:56,7,1,25
BRDA:56,8,0,25
BRDA:56,8,1,25
BRDA:60,9,0,0
BRDA:60,9,1,25
BRDA:60,10,0,25
BRDA:60,10,1,25
BRDA:60,10,2,25
BRDA:60,10,3,25
BRDA:64,11,0,1
BRDA:64,11,1,24
BRF:26
BRH:24
end_of_record
TN:
SF:src\domain\sanitization\validateName.ts
FN:7,validateName
FNF:1
FNH:1
FNDA:23,validateName
DA:8,23
DA:10,0
DA:13,23
DA:14,23
DA:15,3
DA:17,20
DA:18,0
DA:20,20
LF:8
LH:6
BRDA:8,0,0,0
BRDA:8,0,1,23
BRDA:14,1,0,3
BRDA:14,1,1,20
BRDA:17,2,0,0
BRDA:17,2,1,20
BRF:6
BRH:4
end_of_record
TN:
SF:src\domain\sanitization\validatePassword.ts
FN:11,validatePassword
FNF:1
FNH:1
FNDA:17,validatePassword
DA:12,17
DA:13,17
DA:14,3
DA:16,14
DA:17,2
DA:19,12
LF:6
LH:6
BRDA:13,0,0,3
BRDA:13,0,1,14
BRDA:16,1,0,2
BRDA:16,1,1,12
BRF:4
BRH:4
end_of_record
TN:
SF:src\domain\sanitization\validateVerificationCode.ts
FN:7,validateVerificationCode
FNF:1
FNH:1
FNDA:12,validateVerificationCode
DA:10,12
DA:11,12
DA:12,1
DA:15,11
DA:16,11
DA:17,1
DA:19,10
LF:7
LH:7
BRDA:11,0,0,1
BRDA:11,0,1,11
BRDA:11,1,0,12
BRDA:11,1,1,12
BRDA:16,2,0,1
BRDA:16,2,1,10
BRF:6
BRH:6
end_of_record
TN:
SF:src\domain\shared\Result.ts
FN:5,ok
FN:9,err
FN:13,isOk
FN:17,isErr
FNF:4
FNH:2
FNDA:66,ok
FNDA:22,err
FNDA:0,isOk
FNDA:0,isErr
DA:6,66
DA:10,22
DA:14,0
DA:18,0
LF:4
LH:2
BRF:0
BRH:0
end_of_record
TN:
SF:src\infrastructure\auth\Auth0Adapter.ts
FN:149,createDefaultClient
FN:156,isUserAlreadyExistsError
FN:178,withRequiredScopes
FN:182,(anonymous_3)
FN:206,(anonymous_4)
FN:225,(anonymous_5)
FN:305,(anonymous_6)
FN:372,(anonymous_7)
FN:393,(anonymous_8)
FN:448,(anonymous_9)
FN:452,(anonymous_10)
FN:481,(anonymous_11)
FN:504,(anonymous_12)
FN:547,(anonymous_13)
FN:574,(anonymous_14)
FN:618,(anonymous_15)
FN:638,(anonymous_16)
FN:654,(anonymous_17)
FN:677,(anonymous_18)
FN:693,(anonymous_19)
FN:697,(anonymous_20)
FN:710,(anonymous_21)
FN:731,(anonymous_22)
FN:746,(anonymous_23)
FN:780,(anonymous_24)
FN:814,(anonymous_25)
FN:836,(anonymous_26)
FN:863,(anonymous_27)
FN:884,(anonymous_28)
FN:905,(anonymous_29)
FN:914,(anonymous_30)
FN:924,(anonymous_31)
FNF:32
FNH:23
FNDA:1,createDefaultClient
FNDA:0,isUserAlreadyExistsError
FNDA:23,withRequiredScopes
FNDA:94,(anonymous_3)
FNDA:20,(anonymous_4)
FNDA:4,(anonymous_5)
FNDA:1,(anonymous_6)
FNDA:1,(anonymous_7)
FNDA:5,(anonymous_8)
FNDA:2,(anonymous_9)
FNDA:3,(anonymous_10)
FNDA:4,(anonymous_11)
FNDA:2,(anonymous_12)
FNDA:1,(anonymous_13)
FNDA:0,(anonymous_14)
FNDA:0,(anonymous_15)
FNDA:2,(anonymous_16)
FNDA:1,(anonymous_17)
FNDA:0,(anonymous_18)
FNDA:12,(anonymous_19)
FNDA:3,(anonymous_20)
FNDA:8,(anonymous_21)
FNDA:0,(anonymous_22)
FNDA:4,(anonymous_23)
FNDA:0,(anonymous_24)
FNDA:0,(anonymous_25)
FNDA:0,(anonymous_26)
FNDA:2,(anonymous_27)
FNDA:8,(anonymous_28)
FNDA:7,(anonymous_29)
FNDA:0,(anonymous_30)
FNDA:3,(anonymous_31)
DA:43,10
DA:44,10
DA:46,10
DA:48,10
DA:150,1
DA:157,0
DA:159,0
DA:166,0
DA:175,0
DA:179,23
DA:182,94
DA:186,23
DA:187,23
DA:188,23
DA:190,23
DA:202,20
DA:203,20
DA:204,20
DA:207,20
DA:208,20
DA:209,20
DA:210,20
DA:211,20
DA:212,20
DA:215,20
DA:216,20
DA:226,4
DA:227,0
DA:230,4
DA:231,4
DA:232,4
DA:233,4
DA:235,4
DA:241,1
DA:244,3
DA:245,3
DA:246,3
DA:247,3
DA:248,3
DA:249,3
DA:251,3
DA:252,3
DA:265,0
DA:266,0
DA:267,0
DA:270,0
DA:275,3
DA:283,3
DA:284,3
DA:286,3
DA:292,3
DA:294,0
DA:295,0
DA:296,0
DA:306,1
DA:307,1
DA:308,0
DA:311,1
DA:312,1
DA:313,0
DA:316,1
DA:319,1
DA:324,1
DA:325,0
DA:332,1
DA:333,0
DA:337,0
DA:341,0
DA:346,1
DA:351,1
DA:352,1
DA:354,1
DA:359,1
DA:361,1
DA:362,1
DA:364,0
DA:365,0
DA:373,1
DA:374,1
DA:376,1
DA:377,0
DA:382,1
DA:383,1
DA:385,0
DA:394,5
DA:395,5
DA:397,5
DA:398,4
DA:399,4
DA:400,0
DA:404,5
DA:405,2
DA:406,0
DA:409,2
DA:410,2
DA:411,0
DA:414,2
DA:415,2
DA:416,2
DA:417,2
DA:418,2
DA:419,2
DA:421,0
DA:425,3
DA:432,3
DA:433,3
DA:437,2
DA:438,2
DA:439,2
DA:440,2
DA:442,1
DA:449,2
DA:453,3
DA:454,3
DA:457,3
DA:458,3
DA:460,0
DA:464,3
DA:465,3
DA:469,3
DA:470,3
DA:475,0
DA:482,4
DA:483,4
DA:484,0
DA:489,4
DA:490,4
DA:491,3
DA:493,1
DA:495,1
DA:496,1
DA:500,0
DA:505,2
DA:506,2
DA:507,0
DA:510,2
DA:511,2
DA:512,0
DA:515,2
DA:520,2
DA:521,2
DA:526,1
DA:529,1
DA:531,2
DA:532,0
DA:537,2
DA:543,0
DA:548,1
DA:549,1
DA:550,0
DA:553,1
DA:554,1
DA:555,0
DA:558,1
DA:561,1
DA:562,1
DA:571,0
DA:574,1
DA:582,1
DA:583,0
DA:584,0
DA:591,1
DA:592,1
DA:593,1
DA:594,0
DA:601,1
DA:602,1
DA:614,0
DA:617,1
DA:618,0
DA:623,0
DA:635,1
DA:639,2
DA:640,2
DA:641,2
DA:643,1
DA:644,0
DA:646,1
DA:649,1
DA:650,1
DA:655,1
DA:656,1
DA:657,1
DA:659,1
DA:666,1
DA:667,1
DA:669,0
DA:672,0
DA:673,0
DA:678,0
DA:679,0
DA:680,0
DA:682,0
DA:683,0
DA:685,0
DA:686,0
DA:694,12
DA:701,3
DA:713,8
DA:714,8
DA:728,1
DA:731,7
DA:733,7
DA:734,0
DA:751,4
DA:763,4
DA:764,4
DA:765,4
DA:770,4
DA:771,4
DA:777,0
DA:780,4
DA:782,4
DA:783,1
DA:794,3
DA:795,0
DA:802,3
DA:804,3
DA:817,0
DA:818,0
DA:823,0
DA:824,0
DA:833,0
DA:836,0
DA:840,0
DA:841,0
DA:842,0
DA:852,0
DA:853,0
DA:854,0
DA:860,0
DA:864,2
DA:870,2
DA:871,2
DA:875,2
DA:876,2
DA:877,2
DA:878,2
DA:880,0
DA:889,8
DA:891,8
DA:892,1
DA:897,8
DA:898,8
DA:899,1
DA:902,8
DA:906,7
DA:907,7
DA:908,7
DA:915,0
DA:916,0
DA:917,0
DA:918,0
DA:920,0
DA:925,3
DA:926,3
DA:927,3
LF:257
LH:181
BRDA:157,0,0,0
BRDA:157,0,1,0
BRDA:157,1,0,0
BRDA:157,1,1,0
BRDA:180,2,0,23
BRDA:180,2,1,0
BRDA:207,3,0,20
BRDA:207,3,1,1
BRDA:208,4,0,20
BRDA:208,4,1,1
BRDA:210,5,0,20
BRDA:210,5,1,20
BRDA:213,6,0,20
BRDA:213,6,1,16
BRDA:214,7,0,16
BRDA:214,7,1,0
BRDA:215,8,0,20
BRDA:215,8,1,12
BRDA:217,9,0,20
BRDA:217,9,1,20
BRDA:226,10,0,0
BRDA:226,10,1,4
BRDA:232,11,0,4
BRDA:232,11,1,0
BRDA:233,12,0,4
BRDA:233,12,1,0
BRDA:235,13,0,1
BRDA:235,13,1,3
BRDA:236,14,0,4
BRDA:236,14,1,3
BRDA:236,14,2,3
BRDA:236,14,3,3
BRDA:260,15,0,1
BRDA:260,15,1,2
BRDA:265,16,0,0
BRDA:265,16,1,0
BRDA:307,17,0,0
BRDA:307,17,1,1
BRDA:312,18,0,0
BRDA:312,18,1,1
BRDA:324,19,0,0
BRDA:324,19,1,1
BRDA:332,20,0,0
BRDA:332,20,1,1
BRDA:337,21,0,0
BRDA:337,21,1,0
BRDA:373,22,0,1
BRDA:373,22,1,0
BRDA:373,22,2,0
BRDA:376,23,0,0
BRDA:376,23,1,1
BRDA:378,24,0,0
BRDA:378,24,1,0
BRDA:397,25,0,4
BRDA:397,25,1,1
BRDA:399,26,0,0
BRDA:399,26,1,4
BRDA:404,27,0,2
BRDA:404,27,1,3
BRDA:404,28,0,5
BRDA:404,28,1,2
BRDA:405,29,0,0
BRDA:405,29,1,2
BRDA:410,30,0,0
BRDA:410,30,1,2
BRDA:427,31,0,3
BRDA:427,31,1,0
BRDA:429,32,0,2
BRDA:429,32,1,1
BRDA:482,33,0,4
BRDA:482,33,1,0
BRDA:483,34,0,0
BRDA:483,34,1,4
BRDA:495,35,0,1
BRDA:495,35,1,0
BRDA:495,36,0,1
BRDA:495,36,1,0
BRDA:506,37,0,0
BRDA:506,37,1,2
BRDA:511,38,0,0
BRDA:511,38,1,2
BRDA:531,39,0,0
BRDA:531,39,1,2
BRDA:531,40,0,2
BRDA:531,40,1,2
BRDA:549,41,0,0
BRDA:549,41,1,1
BRDA:554,42,0,0
BRDA:554,42,1,1
BRDA:554,43,0,1
BRDA:554,43,1,1
BRDA:582,44,0,0
BRDA:582,44,1,1
BRDA:587,45,0,0
BRDA:587,45,1,0
BRDA:587,45,2,0
BRDA:593,46,0,0
BRDA:593,46,1,1
BRDA:593,47,0,1
BRDA:593,47,1,1
BRDA:617,48,0,0
BRDA:617,48,1,1
BRDA:624,49,0,0
BRDA:624,49,1,0
BRDA:626,50,0,0
BRDA:626,50,1,0
BRDA:626,50,2,0
BRDA:626,50,3,0
BRDA:641,51,0,1
BRDA:641,51,1,1
BRDA:657,52,0,0
BRDA:657,52,1,1
BRDA:680,53,0,0
BRDA:680,53,1,0
BRDA:683,54,0,0
BRDA:683,54,1,0
BRDA:705,55,0,3
BRDA:705,55,1,0
BRDA:733,56,0,0
BRDA:733,56,1,7
BRDA:735,57,0,0
BRDA:735,57,1,0
BRDA:737,58,0,0
BRDA:737,58,1,0
BRDA:737,58,2,0
BRDA:760,59,0,4
BRDA:760,59,1,0
BRDA:763,60,0,4
BRDA:763,60,1,2
BRDA:764,61,0,4
BRDA:764,61,1,0
BRDA:782,62,0,1
BRDA:782,62,1,3
BRDA:784,63,0,1
BRDA:784,63,1,0
BRDA:786,64,0,1
BRDA:786,64,1,0
BRDA:786,64,2,0
BRDA:794,65,0,0
BRDA:794,65,1,3
BRDA:794,66,0,3
BRDA:794,66,1,3
BRDA:802,67,0,0
BRDA:802,67,1,3
BRDA:808,68,0,3
BRDA:808,68,1,3
BRDA:810,69,0,3
BRDA:810,69,1,3
BRDA:817,70,0,0
BRDA:817,70,1,0
BRDA:840,71,0,0
BRDA:840,71,1,0
BRDA:843,72,0,0
BRDA:843,72,1,0
BRDA:845,73,0,0
BRDA:845,73,1,0
BRDA:853,74,0,0
BRDA:853,74,1,0
BRDA:853,75,0,0
BRDA:853,75,1,0
BRDA:853,75,2,0
BRDA:866,76,0,2
BRDA:866,76,1,0
BRDA:891,77,0,1
BRDA:891,77,1,7
BRDA:891,78,0,8
BRDA:891,78,1,1
BRDA:898,79,0,1
BRDA:898,79,1,7
BRDA:915,80,0,0
BRDA:915,80,1,0
BRDA:918,81,0,0
BRDA:918,81,1,0
BRDA:918,82,0,0
BRDA:918,82,1,0
BRF:175
BRH:89
end_of_record
TN:
SF:src\infrastructure\auth\Auth0Config.ts
FN:16,getAuth0RuntimeConfig
FN:26,getAuth0CallbackUrls
FNF:2
FNH:2
FNDA:2,getAuth0RuntimeConfig
FNDA:21,getAuth0CallbackUrls
DA:7,12
DA:9,12
DA:17,2
DA:18,2
DA:30,21
LF:5
LH:5
BRDA:26,0,0,0
BRF:1
BRH:0
end_of_record
TN:
SF:src\infrastructure\auth\FakeAuthAdapter.ts
FN:34,baseUser
FN:62,(anonymous_1)
FN:67,(anonymous_2)
FN:72,(anonymous_3)
FN:76,(anonymous_4)
FN:98,(anonymous_5)
FN:111,(anonymous_6)
FN:135,(anonymous_7)
FN:144,(anonymous_8)
FN:155,(anonymous_9)
FN:171,(anonymous_10)
FN:185,(anonymous_11)
FN:195,(anonymous_12)
FN:222,(anonymous_13)
FN:234,(anonymous_14)
FN:250,(anonymous_15)
FN:259,(anonymous_16)
FN:269,(anonymous_17)
FN:279,(anonymous_18)
FN:285,(anonymous_19)
FNF:20
FNH:20
FNDA:19,baseUser
FNDA:47,(anonymous_1)
FNDA:1,(anonymous_2)
FNDA:1,(anonymous_3)
FNDA:6,(anonymous_4)
FNDA:7,(anonymous_5)
FNDA:6,(anonymous_6)
FNDA:3,(anonymous_7)
FNDA:4,(anonymous_8)
FNDA:2,(anonymous_9)
FNDA:1,(anonymous_10)
FNDA:3,(anonymous_11)
FNDA:4,(anonymous_12)
FNDA:6,(anonymous_13)
FNDA:1,(anonymous_14)
FNDA:4,(anonymous_15)
FNDA:5,(anonymous_16)
FNDA:10,(anonymous_17)
FNDA:13,(anonymous_18)
FNDA:30,(anonymous_19)
DA:32,11
DA:35,19
DA:50,47
DA:51,47
DA:52,47
DA:53,47
DA:54,47
DA:56,47
DA:57,47
DA:58,47
DA:59,47
DA:60,47
DA:63,47
DA:64,47
DA:68,1
DA:73,1
DA:77,6
DA:78,6
DA:79,0
DA:81,6
DA:82,6
DA:83,6
DA:84,6
DA:85,6
DA:95,6
DA:99,7
DA:100,7
DA:101,7
DA:112,6
DA:113,3
DA:115,3
DA:116,3
DA:119,3
DA:125,3
DA:136,3
DA:137,3
DA:138,3
DA:139,3
DA:140,3
DA:141,3
DA:145,4
DA:146,3
DA:147,3
DA:148,0
DA:150,3
DA:151,3
DA:152,3
DA:156,2
DA:157,2
DA:158,2
DA:159,0
DA:161,2
DA:162,0
DA:164,2
DA:165,0
DA:167,2
DA:168,2
DA:172,1
DA:173,1
DA:174,1
DA:175,0
DA:177,1
DA:178,0
DA:180,1
DA:181,1
DA:182,1
DA:186,3
DA:187,3
DA:188,3
DA:189,0
DA:191,3
DA:192,3
DA:196,4
DA:197,4
DA:198,4
DA:199,0
DA:201,4
DA:202,0
DA:204,4
DA:205,1
DA:207,3
DA:208,3
DA:209,3
DA:210,3
DA:211,3
DA:223,6
DA:224,1
DA:225,1
DA:226,1
DA:228,5
DA:229,0
DA:231,5
DA:235,1
DA:236,0
DA:237,0
DA:238,0
DA:240,1
DA:241,1
DA:242,1
DA:243,1
DA:247,1
DA:251,4
DA:252,1
DA:253,1
DA:254,1
DA:256,3
DA:260,5
DA:261,5
DA:262,5
DA:263,3
DA:265,2
DA:270,10
DA:271,0
DA:273,10
DA:274,3
DA:276,7
DA:280,13
DA:281,13
DA:282,13
DA:286,30
DA:288,1
DA:291,0
DA:293,0
DA:295,0
DA:298,0
DA:300,29
LF:126
LH:107
BRDA:62,0,0,8
BRDA:63,1,0,47
BRDA:63,1,1,8
BRDA:64,2,0,47
BRDA:64,2,1,47
BRDA:78,3,0,0
BRDA:78,3,1,6
BRDA:90,4,0,6
BRDA:90,4,1,0
BRDA:90,4,2,0
BRDA:104,5,0,7
BRDA:104,5,1,1
BRDA:104,5,2,1
BRDA:112,6,0,3
BRDA:112,6,1,3
BRDA:112,7,0,6
BRDA:112,7,1,3
BRDA:119,8,0,1
BRDA:119,8,1,2
BRDA:121,9,0,1
BRDA:121,9,1,1
BRDA:128,10,0,2
BRDA:128,10,1,1
BRDA:147,11,0,0
BRDA:147,11,1,3
BRDA:158,12,0,0
BRDA:158,12,1,2
BRDA:161,13,0,0
BRDA:161,13,1,2
BRDA:164,14,0,0
BRDA:164,14,1,2
BRDA:174,15,0,0
BRDA:174,15,1,1
BRDA:177,16,0,0
BRDA:177,16,1,1
BRDA:177,17,0,1
BRDA:177,17,1,1
BRDA:187,18,0,3
BRDA:187,18,1,1
BRDA:187,18,2,0
BRDA:188,19,0,0
BRDA:188,19,1,3
BRDA:198,20,0,0
BRDA:198,20,1,4
BRDA:201,21,0,0
BRDA:201,21,1,4
BRDA:201,22,0,4
BRDA:201,22,1,0
BRDA:204,23,0,1
BRDA:204,23,1,3
BRDA:208,24,0,3
BRDA:208,24,1,0
BRDA:223,25,0,1
BRDA:223,25,1,5
BRDA:223,26,0,6
BRDA:223,26,1,5
BRDA:228,27,0,0
BRDA:228,27,1,5
BRDA:235,28,0,0
BRDA:235,28,1,1
BRDA:235,29,0,1
BRDA:235,29,1,1
BRDA:240,30,0,0
BRDA:240,30,1,1
BRDA:240,31,0,1
BRDA:240,31,1,1
BRDA:241,32,0,1
BRDA:241,32,1,0
BRDA:251,33,0,1
BRDA:251,33,1,3
BRDA:259,34,0,5
BRDA:262,35,0,3
BRDA:262,35,1,2
BRDA:269,36,0,7
BRDA:270,37,0,0
BRDA:270,37,1,10
BRDA:273,38,0,3
BRDA:273,38,1,7
BRDA:286,39,0,1
BRDA:286,39,1,0
BRDA:286,39,2,0
BRDA:286,39,3,0
BRDA:286,39,4,0
BRDA:286,39,5,0
BRDA:286,39,6,0
BRDA:286,39,7,29
BRF:86
BRH:60
end_of_record
TN:
SF:src\infrastructure\auth\auth0Errors.ts
FN:6,mapAuth0Error
FN:10,toAuthError
FNF:2
FNH:1
FNDA:6,mapAuth0Error
FNDA:0,toAuthError
DA:7,6
DA:11,0
LF:2
LH:1
BRF:0
BRH:0
end_of_record
TN:
SF:src\infrastructure\auth\mappers.ts
FN:5,mapSocialConnection
FN:9,mapAuth0UserToDomain
FN:22,mapCredentialsToAuthResult
FN:35,inferProviderFromUser
FNF:4
FNH:4
FNDA:2,mapSocialConnection
FNDA:8,mapAuth0UserToDomain
FNDA:8,mapCredentialsToAuthResult
FNDA:1,inferProviderFromUser
DA:6,2
DA:13,8
DA:26,8
DA:27,0
DA:29,8
DA:30,8
DA:36,1
DA:37,1
DA:38,1
DA:39,1
DA:40,0
LF:11
LH:9
BRDA:6,0,0,1
BRDA:6,0,1,1
BRDA:15,1,0,8
BRDA:15,1,1,0
BRDA:26,2,0,0
BRDA:26,2,1,8
BRDA:36,3,0,1
BRDA:36,3,1,0
BRDA:37,4,0,0
BRDA:37,4,1,1
BRDA:38,5,0,0
BRDA:38,5,1,1
BRDA:39,6,0,1
BRDA:39,6,1,0
BRF:14
BRH:8
end_of_record
TN:
SF:src\infrastructure\config\env.ts
FN:22,trimEnv
FN:31,getAuth0PublicConfig
FN:54,tryGetAuth0PublicConfig
FN:62,getAppEnv
FNF:4
FNH:4
FNDA:40,trimEnv
FNDA:12,getAuth0PublicConfig
FNDA:7,tryGetAuth0PublicConfig
FNDA:4,getAppEnv
DA:23,40
DA:24,14
DA:25,14
DA:32,12
DA:33,12
DA:34,12
DA:36,12
DA:37,12
DA:38,12
DA:40,12
DA:41,6
DA:46,6
DA:55,7
DA:56,7
DA:58,5
DA:63,4
LF:16
LH:16
BRDA:23,0,0,26
BRDA:23,0,1,14
BRDA:25,1,0,14
BRDA:25,1,1,0
BRDA:37,2,0,6
BRDA:37,2,1,6
BRDA:38,3,0,5
BRDA:38,3,1,7
BRDA:40,4,0,6
BRDA:40,4,1,6
BRDA:49,5,0,1
BRDA:49,5,1,5
BRDA:64,6,0,4
BRDA:64,6,1,4
BRF:14
BRH:13
end_of_record
TN:
SF:src\infrastructure\logging\logger.ts
FN:7,(anonymous_0)
FN:28,setLogSink
FN:32,resetLogSink
FN:36,write
FN:41,(anonymous_4)
FN:42,(anonymous_5)
FN:43,(anonymous_6)
FN:44,(anonymous_7)
FNF:8
FNH:4
FNDA:2,(anonymous_0)
FNDA:0,setLogSink
FNDA:0,resetLogSink
FNDA:2,write
FNDA:0,(anonymous_4)
FNDA:1,(anonymous_5)
FNDA:1,(anonymous_6)
FNDA:0,(anonymous_7)
DA:7,10
DA:8,2
DA:9,2
DA:11,0
DA:12,0
DA:14,1
DA:15,1
DA:17,1
DA:18,1
DA:20,0
DA:21,0
DA:25,10
DA:29,0
DA:33,0
DA:37,2
DA:40,10
DA:41,0
DA:42,1
DA:43,1
DA:44,0
LF:20
LH:12
BRDA:8,0,0,0
BRDA:8,0,1,2
BRDA:9,1,0,0
BRDA:9,1,1,1
BRDA:9,1,2,1
BRDA:9,1,3,0
BRDA:11,2,0,0
BRDA:11,2,1,0
BRDA:14,3,0,1
BRDA:14,3,1,0
BRDA:37,4,0,0
BRDA:37,4,1,2
BRF:12
BRH:5
end_of_record
TN:
SF:src\infrastructure\logging\redaction.ts
FN:23,redactKey
FN:25,(anonymous_1)
FN:28,redactString
FN:36,redact
FN:51,redactMessage
FNF:5
FNH:5
FNDA:8,redactKey
FNDA:81,(anonymous_1)
FNDA:6,redactString
FNDA:7,redact
FNDA:4,redactMessage
DA:1,11
DA:19,11
DA:21,11
DA:24,8
DA:25,81
DA:29,6
DA:37,7
DA:38,7
DA:39,5
DA:40,4
DA:41,4
DA:42,4
DA:43,4
DA:44,8
DA:46,4
DA:48,0
DA:52,4
LF:17
LH:16
BRDA:25,0,0,81
BRDA:25,0,1,77
BRDA:37,1,0,0
BRDA:37,1,1,7
BRDA:38,2,0,2
BRDA:38,2,1,5
BRDA:39,3,0,1
BRDA:39,3,1,4
BRDA:39,4,0,5
BRDA:39,4,1,5
BRDA:40,5,0,0
BRDA:40,5,1,4
BRDA:41,6,0,4
BRDA:41,6,1,0
BRDA:44,7,0,4
BRDA:44,7,1,4
BRF:16
BRH:13
end_of_record
TN:
SF:src\infrastructure\storage\CredentialsManager.ts
FN:32,(anonymous_0)
FN:34,(anonymous_1)
FN:38,(anonymous_2)
FN:47,(anonymous_3)
FN:51,(anonymous_4)
FNF:5
FNH:5
FNDA:20,(anonymous_0)
FNDA:8,(anonymous_1)
FNDA:2,(anonymous_2)
FNDA:4,(anonymous_3)
FNDA:3,(anonymous_4)
DA:35,8
DA:44,2
DA:48,4
DA:52,3
LF:4
LH:4
BRF:0
BRH:0
end_of_record
TN:
SF:src\infrastructure\storage\clearLegacySession.ts
FN:13,clearLegacySession
FNF:1
FNH:1
FNDA:6,clearLegacySession
DA:7,11
DA:14,6
DA:15,6
LF:3
LH:3
BRF:0
BRH:0
end_of_record
TN:
SF:src\presentation\components\ConsentCheckbox.tsx
FN:16,ConsentCheckbox
FN:33,(anonymous_1)
FNF:2
FNH:2
FNDA:11,ConsentCheckbox
FNDA:1,(anonymous_1)
DA:25,11
DA:33,1
DA:65,3
LF:3
LH:3
BRDA:19,0,0,0
BRDA:21,1,0,0
BRDA:37,2,0,11
BRDA:37,2,1,0
BRDA:37,3,0,11
BRDA:37,3,1,0
BRDA:38,4,0,0
BRDA:38,4,1,11
BRDA:42,5,0,11
BRDA:42,5,1,0
BRDA:43,6,0,11
BRDA:43,6,1,0
BRDA:56,7,0,2
BRDA:56,7,1,9
BRF:14
BRH:7
end_of_record
TN:
SF:src\presentation\components\ErrorBanner.tsx
FN:17,ErrorBanner
FNF:1
FNH:1
FNDA:15,ErrorBanner
DA:18,15
DA:25,6
LF:2
LH:2
BRF:0
BRH:0
end_of_record
TN:
SF:src\presentation\components\PasswordStrengthMeter.tsx
FN:16,barColor
FN:23,PasswordStrengthMeter
FN:35,(anonymous_2)
FNF:3
FNH:3
FNDA:36,barColor
FNDA:24,PasswordStrengthMeter
FNDA:36,(anonymous_2)
DA:17,36
DA:18,21
DA:19,16
DA:20,16
DA:24,24
DA:25,24
DA:26,24
DA:28,24
DA:29,15
DA:32,9
DA:36,36
DA:57,1
LF:12
LH:12
BRDA:17,0,0,15
BRDA:17,0,1,21
BRDA:18,1,0,5
BRDA:18,1,1,16
BRDA:19,2,0,0
BRDA:19,2,1,16
BRDA:28,3,0,15
BRDA:28,3,1,9
BRDA:45,4,0,9
BRDA:45,4,1,5
BRDA:46,5,0,9
BRDA:46,5,1,0
BRDA:47,6,0,9
BRDA:47,6,1,4
BRDA:49,7,0,9
BRDA:49,7,1,0
BRF:16
BRH:13
end_of_record
TN:
SF:src\presentation\components\PhoneNumberField.tsx
FN:20,PhoneNumberField
FN:31,(anonymous_1)
FN:39,(anonymous_2)
FNF:3
FNH:3
FNDA:3,PhoneNumberField
FNDA:1,(anonymous_1)
FNDA:4,(anonymous_2)
DA:19,1
DA:21,3
DA:32,1
DA:40,4
DA:68,1
DA:70,1
LF:6
LH:6
BRDA:22,0,0,2
BRDA:22,0,1,1
BRF:2
BRH:2
end_of_record
TN:
SF:src\presentation\components\SocialAuthButtons.tsx
FN:13,SocialAuthButtons
FN:24,(anonymous_1)
FN:31,(anonymous_2)
FNF:3
FNH:3
FNDA:37,SocialAuthButtons
FNDA:3,(anonymous_1)
FNDA:2,(anonymous_2)
DA:19,37
DA:24,3
DA:31,2
DA:39,3
LF:4
LH:4
BRDA:16,0,0,37
BRDA:17,1,0,37
BRF:2
BRH:2
end_of_record
TN:
SF:src\presentation\components\VerificationCodeInput.tsx
FN:25,VerificationCodeInput
FN:39,(anonymous_1)
FN:43,(anonymous_2)
FN:58,(anonymous_3)
FN:61,(anonymous_4)
FN:84,(anonymous_5)
FN:85,(anonymous_6)
FN:89,(anonymous_7)
FN:90,(anonymous_8)
FNF:9
FNH:5
FNDA:20,VerificationCodeInput
FNDA:20,(anonymous_1)
FNDA:8,(anonymous_2)
FNDA:0,(anonymous_3)
FNDA:120,(anonymous_4)
FNDA:0,(anonymous_5)
FNDA:2,(anonymous_6)
FNDA:0,(anonymous_7)
FNDA:0,(anonymous_8)
DA:32,20
DA:33,20
DA:34,20
DA:35,20
DA:36,20
DA:37,20
DA:39,20
DA:40,20
DA:43,20
DA:44,8
DA:45,2
DA:46,2
DA:47,2
DA:48,2
DA:50,6
DA:53,20
DA:58,0
DA:62,120
DA:63,120
DA:64,120
DA:84,0
DA:86,2
DA:87,2
DA:89,0
DA:91,0
DA:104,2
LF:26
LH:22
BRDA:30,0,0,0
BRDA:44,1,0,2
BRDA:44,1,1,6
BRDA:45,2,0,0
BRDA:45,2,1,2
BRDA:63,3,0,120
BRDA:63,3,1,0
BRDA:67,4,0,120
BRDA:67,4,1,0
BRDA:70,5,0,120
BRDA:70,5,1,84
BRDA:71,6,0,36
BRDA:71,6,1,84
BRDA:91,7,0,0
BRDA:91,7,1,0
BRDA:91,8,0,0
BRDA:91,8,1,0
BRF:17
BRH:9
end_of_record
TN:
SF:src\presentation\screens\ForgotPasswordCodeScreen.tsx
FN:33,ForgotPasswordCodeScreen
FN:54,(anonymous_1)
FN:58,(anonymous_2)
FN:60,(anonymous_3)
FN:66,(anonymous_4)
FN:69,(anonymous_5)
FN:74,(anonymous_6)
FN:94,(anonymous_7)
FN:119,(anonymous_8)
FN:180,(anonymous_9)
FN:205,(anonymous_10)
FNF:11
FNH:8
FNDA:6,ForgotPasswordCodeScreen
FNDA:3,(anonymous_1)
FNDA:3,(anonymous_2)
FNDA:3,(anonymous_3)
FNDA:3,(anonymous_4)
FNDA:0,(anonymous_5)
FNDA:0,(anonymous_6)
FNDA:1,(anonymous_7)
FNDA:1,(anonymous_8)
FNDA:1,(anonymous_9)
FNDA:0,(anonymous_10)
DA:24,1
DA:25,1
DA:27,1
DA:40,6
DA:41,6
DA:42,6
DA:43,6
DA:44,6
DA:45,6
DA:47,6
DA:48,6
DA:49,6
DA:50,6
DA:51,6
DA:52,6
DA:54,6
DA:55,3
DA:58,6
DA:59,3
DA:60,3
DA:61,3
DA:62,3
DA:64,3
DA:65,3
DA:66,3
DA:69,6
DA:70,0
DA:71,0
DA:74,6
DA:75,0
DA:76,0
DA:77,0
DA:78,0
DA:79,0
DA:80,0
DA:81,0
DA:82,0
DA:93,6
DA:95,1
DA:96,1
DA:97,1
DA:98,1
DA:99,1
DA:100,1
DA:101,1
DA:102,1
DA:103,0
DA:104,0
DA:107,1
DA:112,1
DA:113,1
DA:119,6
DA:120,1
DA:121,1
DA:123,0
DA:127,6
DA:128,6
DA:130,6
DA:133,6
DA:135,6
DA:181,1
DA:206,0
DA:218,1
LF:63
LH:49
BRDA:45,0,0,0
BRDA:45,0,1,6
BRDA:75,1,0,0
BRDA:75,1,1,0
BRDA:75,2,0,0
BRDA:75,2,1,0
BRDA:75,2,2,0
BRDA:79,3,0,0
BRDA:79,3,1,0
BRDA:95,4,0,0
BRDA:95,4,1,1
BRDA:95,5,0,1
BRDA:95,5,1,1
BRDA:95,5,2,1
BRDA:102,6,0,0
BRDA:102,6,1,1
BRDA:120,7,0,1
BRDA:120,7,1,0
BRDA:128,8,0,6
BRDA:128,8,1,5
BRDA:128,8,2,5
BRDA:128,8,3,0
BRDA:130,9,0,5
BRDA:130,9,1,1
BRDA:130,10,0,6
BRDA:130,10,1,6
BRDA:133,11,0,6
BRDA:133,11,1,5
BRDA:133,11,2,0
BRDA:141,12,0,6
BRDA:141,12,1,0
BRDA:171,13,0,6
BRDA:171,13,1,0
BRDA:178,14,0,6
BRDA:178,14,1,5
BRDA:188,15,0,0
BRDA:188,15,1,6
BRDA:188,16,0,6
BRDA:188,16,1,0
BRDA:193,17,0,0
BRDA:193,17,1,6
BRF:41
BRH:23
end_of_record
TN:
SF:src\presentation\screens\ForgotPasswordNewScreen.tsx
FN:44,ForgotPasswordNewScreen
FN:61,(anonymous_1)
FN:65,(anonymous_2)
FN:76,(anonymous_3)
FN:167,(anonymous_4)
FN:171,(anonymous_5)
FN:183,(anonymous_6)
FN:187,(anonymous_7)
FN:212,(anonymous_8)
FNF:9
FNH:6
FNDA:5,ForgotPasswordNewScreen
FNDA:2,(anonymous_1)
FNDA:0,(anonymous_2)
FNDA:2,(anonymous_3)
FNDA:1,(anonymous_4)
FNDA:0,(anonymous_5)
FNDA:1,(anonymous_6)
FNDA:0,(anonymous_7)
FNDA:2,(anonymous_8)
DA:27,1
DA:28,1
DA:30,1
DA:32,1
DA:34,1
DA:45,5
DA:46,5
DA:47,5
DA:48,5
DA:52,5
DA:53,5
DA:55,5
DA:56,5
DA:57,5
DA:58,5
DA:59,5
DA:61,5
DA:62,2
DA:65,5
DA:66,0
DA:67,0
DA:69,0
DA:76,5
DA:77,2
DA:78,2
DA:79,2
DA:81,2
DA:82,2
DA:83,1
DA:88,1
DA:90,1
DA:91,0
DA:92,0
DA:95,1
DA:96,1
DA:97,1
DA:98,1
DA:99,1
DA:105,1
DA:117,5
DA:118,5
DA:120,5
DA:168,1
DA:169,1
DA:171,0
DA:184,1
DA:185,1
DA:188,0
DA:213,2
DA:225,1
LF:50
LH:43
BRDA:53,0,0,0
BRDA:53,0,1,5
BRDA:66,1,0,0
BRDA:66,1,1,0
BRDA:71,2,0,0
BRDA:71,2,1,0
BRDA:77,3,0,0
BRDA:77,3,1,2
BRDA:77,4,0,2
BRDA:77,4,1,2
BRDA:82,5,0,1
BRDA:82,5,1,1
BRDA:84,6,0,1
BRDA:84,6,1,0
BRDA:90,7,0,0
BRDA:90,7,1,1
BRDA:98,8,0,1
BRDA:98,8,1,0
BRDA:101,9,0,1
BRDA:101,9,1,0
BRDA:117,10,0,5
BRDA:117,10,1,4
BRDA:117,10,2,4
BRDA:118,11,0,1
BRDA:118,11,1,4
BRDA:126,12,0,5
BRDA:126,12,1,0
BRDA:169,13,0,1
BRDA:169,13,1,0
BRDA:185,14,0,1
BRDA:185,14,1,0
BRDA:200,15,0,1
BRDA:200,15,1,4
BRF:33
BRH:20
end_of_record
TN:
SF:src\presentation\screens\ForgotPasswordScreen.tsx
FN:46,ForgotPasswordScreen
FN:59,(anonymous_1)
FN:73,(anonymous_2)
FN:148,(anonymous_3)
FN:152,(anonymous_4)
FN:175,(anonymous_5)
FN:185,(anonymous_6)
FNF:7
FNH:5
FNDA:7,ForgotPasswordScreen
FNDA:2,(anonymous_1)
FNDA:3,(anonymous_2)
FNDA:2,(anonymous_3)
FNDA:0,(anonymous_4)
FNDA:3,(anonymous_5)
FNDA:0,(anonymous_6)
DA:33,1
DA:36,1
DA:37,1
DA:38,1
DA:39,1
DA:40,1
DA:47,7
DA:48,7
DA:49,7
DA:50,7
DA:51,7
DA:52,7
DA:53,7
DA:55,7
DA:56,7
DA:57,7
DA:59,7
DA:60,2
DA:63,7
DA:64,7
DA:65,7
DA:66,7
DA:67,7
DA:68,7
DA:70,7
DA:71,7
DA:73,7
DA:74,3
DA:75,3
DA:77,3
DA:78,3
DA:79,1
DA:80,1
DA:82,2
DA:84,2
DA:85,2
DA:86,2
DA:89,2
DA:90,1
DA:96,2
DA:100,7
DA:149,2
DA:150,2
DA:153,0
DA:176,3
DA:185,0
DA:201,1
LF:47
LH:45
BRDA:74,0,0,0
BRDA:74,0,1,3
BRDA:74,1,0,3
BRDA:74,1,1,3
BRDA:78,2,0,1
BRDA:78,2,1,2
BRDA:89,3,0,1
BRDA:89,3,1,1
BRDA:106,4,0,7
BRDA:106,4,1,0
BRDA:150,5,0,1
BRDA:150,5,1,1
BRDA:163,6,0,1
BRDA:163,6,1,6
BRF:14
BRH:12
end_of_record
TN:
SF:src\presentation\screens\ForgotPasswordSuccessScreen.tsx
FN:22,ForgotPasswordSuccessScreen
FN:26,(anonymous_1)
FN:30,(anonymous_2)
FN:38,(anonymous_3)
FNF:4
FNH:3
FNDA:2,ForgotPasswordSuccessScreen
FNDA:2,(anonymous_1)
FNDA:0,(anonymous_2)
FNDA:1,(anonymous_3)
DA:15,1
DA:16,1
DA:17,1
DA:23,2
DA:24,2
DA:26,2
DA:27,2
DA:30,2
DA:31,0
DA:32,0
DA:34,0
DA:38,2
DA:39,1
DA:42,2
DA:98,1
LF:15
LH:12
BRDA:31,0,0,0
BRDA:31,0,1,0
BRF:2
BRH:0
end_of_record
TN:
SF:src\presentation\screens\HomeScreen.tsx
FN:9,HomeScreen
FN:24,(anonymous_1)
FNF:2
FNH:2
FNDA:5,HomeScreen
FNDA:1,(anonymous_1)
DA:10,5
DA:12,5
DA:25,1
DA:36,1
LF:4
LH:4
BRDA:16,0,0,0
BRDA:16,0,1,5
BRF:2
BRH:1
end_of_record
TN:
SF:src\presentation\screens\SignInScreen.tsx
FN:49,SignInScreen
FN:79,(anonymous_1)
FN:91,(anonymous_2)
FN:98,(anonymous_3)
FN:130,(anonymous_4)
FN:193,(anonymous_5)
FN:197,(anonymous_6)
FN:210,(anonymous_7)
FN:214,(anonymous_8)
FN:240,(anonymous_9)
FN:253,(anonymous_10)
FN:257,(anonymous_11)
FN:279,(anonymous_12)
FN:286,(anonymous_13)
FN:292,(anonymous_14)
FNF:15
FNH:12
FNDA:39,SignInScreen
FNDA:17,(anonymous_1)
FNDA:12,(anonymous_2)
FNDA:8,(anonymous_3)
FNDA:5,(anonymous_4)
FNDA:6,(anonymous_5)
FNDA:0,(anonymous_6)
FNDA:3,(anonymous_7)
FNDA:0,(anonymous_8)
FNDA:1,(anonymous_9)
FNDA:1,(anonymous_10)
FNDA:0,(anonymous_11)
FNDA:8,(anonymous_12)
FNDA:5,(anonymous_13)
FNDA:1,(anonymous_14)
DA:42,3
DA:50,39
DA:56,39
DA:57,39
DA:58,39
DA:59,39
DA:60,39
DA:61,39
DA:62,39
DA:63,39
DA:65,39
DA:66,39
DA:67,39
DA:68,39
DA:69,39
DA:70,39
DA:71,39
DA:72,39
DA:74,39
DA:75,39
DA:76,39
DA:77,39
DA:79,39
DA:80,17
DA:83,39
DA:84,39
DA:85,39
DA:86,39
DA:87,39
DA:88,39
DA:89,39
DA:91,39
DA:92,12
DA:93,12
DA:94,12
DA:95,12
DA:98,39
DA:99,8
DA:100,7
DA:102,7
DA:103,7
DA:105,7
DA:106,3
DA:108,4
DA:111,7
DA:112,4
DA:114,3
DA:117,7
DA:118,4
DA:121,3
DA:122,3
DA:123,3
DA:125,3
DA:129,39
DA:131,5
DA:132,5
DA:134,5
DA:135,2
DA:136,2
DA:139,3
DA:144,39
DA:194,6
DA:195,6
DA:197,0
DA:211,3
DA:212,3
DA:215,0
DA:240,1
DA:254,1
DA:255,1
DA:257,0
DA:280,8
DA:286,5
DA:292,1
DA:308,3
LF:75
LH:72
BRDA:74,0,0,39
BRDA:74,0,1,39
BRDA:75,1,0,39
BRDA:75,1,1,39
BRDA:75,1,2,38
BRDA:75,1,3,37
BRDA:76,2,0,0
BRDA:76,2,1,39
BRDA:76,3,0,39
BRDA:76,3,1,39
BRDA:77,4,0,39
BRDA:77,4,1,34
BRDA:99,5,0,1
BRDA:99,5,1,7
BRDA:99,6,0,8
BRDA:99,6,1,7
BRDA:105,7,0,3
BRDA:105,7,1,4
BRDA:111,8,0,4
BRDA:111,8,1,3
BRDA:117,9,0,4
BRDA:117,9,1,3
BRDA:117,10,0,7
BRDA:117,10,1,4
BRDA:131,11,0,0
BRDA:131,11,1,5
BRDA:134,12,0,2
BRDA:134,12,1,3
BRDA:150,13,0,39
BRDA:150,13,1,0
BRDA:195,14,0,0
BRDA:195,14,1,6
BRDA:212,15,0,0
BRDA:212,15,1,3
BRDA:247,16,0,11
BRDA:247,16,1,28
BRDA:262,17,0,2
BRDA:262,17,1,37
BRF:38
BRH:33
end_of_record
TN:
SF:src\presentation\screens\SignUpScreen.tsx
FN:36,SignUpScreen
FN:53,(anonymous_1)
FN:57,(anonymous_2)
FN:62,(anonymous_3)
FN:148,(anonymous_4)
FN:164,(anonymous_5)
FN:252,(anonymous_6)
FN:262,(anonymous_7)
FNF:8
FNH:8
FNDA:24,SignUpScreen
FNDA:5,(anonymous_1)
FNDA:7,(anonymous_2)
FNDA:7,(anonymous_3)
FNDA:1,(anonymous_4)
FNDA:96,(anonymous_5)
FNDA:7,(anonymous_6)
FNDA:1,(anonymous_7)
DA:27,1
DA:28,1
DA:29,1
DA:37,24
DA:38,24
DA:39,24
DA:40,24
DA:42,24
DA:43,24
DA:44,24
DA:45,24
DA:46,24
DA:47,24
DA:48,24
DA:50,24
DA:51,24
DA:53,24
DA:54,5
DA:57,24
DA:58,7
DA:59,7
DA:62,24
DA:63,7
DA:64,7
DA:66,7
DA:67,7
DA:68,1
DA:69,1
DA:71,6
DA:72,6
DA:73,1
DA:74,1
DA:76,5
DA:77,5
DA:78,1
DA:79,1
DA:81,4
DA:82,4
DA:83,2
DA:88,2
DA:90,2
DA:91,1
DA:92,1
DA:95,1
DA:96,1
DA:97,1
DA:104,1
DA:105,1
DA:108,1
DA:122,24
DA:149,1
DA:150,0
DA:152,1
DA:165,96
DA:253,7
DA:262,1
DA:279,1
DA:281,1
LF:58
LH:57
BRDA:50,0,0,24
BRDA:50,0,1,13
BRDA:50,0,2,13
BRDA:51,1,0,11
BRDA:51,1,1,13
BRDA:63,2,0,0
BRDA:63,2,1,7
BRDA:63,3,0,7
BRDA:63,3,1,7
BRDA:67,4,0,1
BRDA:67,4,1,6
BRDA:72,5,0,1
BRDA:72,5,1,5
BRDA:77,6,0,1
BRDA:77,6,1,4
BRDA:82,7,0,2
BRDA:82,7,1,2
BRDA:84,8,0,1
BRDA:84,8,1,1
BRDA:90,9,0,1
BRDA:90,9,1,1
BRDA:104,10,0,1
BRDA:104,10,1,0
BRDA:104,11,0,1
BRDA:104,11,1,1
BRDA:128,12,0,24
BRDA:128,12,1,0
BRDA:149,13,0,0
BRDA:149,13,1,1
BRDA:169,14,0,24
BRDA:169,14,1,72
BRDA:236,15,0,11
BRDA:236,15,1,13
BRF:33
BRH:29
end_of_record
TN:
SF:src\presentation\screens\TermsAndConditionsScreen.tsx
FN:26,TermsAndConditionsScreen
FN:35,(anonymous_1)
FN:39,(anonymous_2)
FN:51,(anonymous_3)
FN:58,(anonymous_4)
FN:66,(anonymous_5)
FN:114,(anonymous_6)
FN:144,(anonymous_7)
FN:146,(anonymous_8)
FN:169,(anonymous_9)
FN:179,(anonymous_10)
FN:189,(anonymous_11)
FNF:12
FNH:8
FNDA:13,TermsAndConditionsScreen
FNDA:4,(anonymous_1)
FNDA:0,(anonymous_2)
FNDA:0,(anonymous_3)
FNDA:1,(anonymous_4)
FNDA:2,(anonymous_5)
FNDA:52,(anonymous_6)
FNDA:1,(anonymous_7)
FNDA:1,(anonymous_8)
FNDA:2,(anonymous_9)
FNDA:0,(anonymous_10)
FNDA:0,(anonymous_11)
DA:17,1
DA:18,1
DA:20,1
DA:27,13
DA:28,13
DA:29,13
DA:30,13
DA:31,13
DA:32,13
DA:33,13
DA:35,13
DA:36,4
DA:39,13
DA:40,0
DA:41,0
DA:42,0
DA:44,0
DA:45,0
DA:47,0
DA:51,13
DA:52,0
DA:53,0
DA:54,0
DA:58,13
DA:59,1
DA:60,0
DA:61,0
DA:63,1
DA:66,13
DA:67,2
DA:68,1
DA:69,1
DA:71,1
DA:72,1
DA:73,1
DA:76,1
DA:77,1
DA:78,1
DA:81,0
DA:84,13
DA:115,52
DA:145,1
DA:146,1
DA:170,2
DA:180,0
DA:190,0
DA:204,1
LF:47
LH:33
BRDA:32,0,0,13
BRDA:32,0,1,10
BRDA:40,1,0,0
BRDA:40,1,1,0
BRDA:44,2,0,0
BRDA:44,2,1,0
BRDA:53,3,0,0
BRDA:53,3,1,0
BRDA:59,4,0,0
BRDA:59,4,1,1
BRDA:67,5,0,1
BRDA:67,5,1,1
BRDA:76,6,0,1
BRDA:76,6,1,0
BRDA:119,7,0,39
BRDA:119,7,1,13
BRDA:146,8,0,1
BRDA:146,8,1,1
BRDA:151,9,0,3
BRDA:151,9,1,10
BRDA:161,10,0,1
BRDA:161,10,1,12
BRF:22
BRH:14
end_of_record
TN:
SF:src\presentation\screens\TermsDocumentScreen.tsx
FN:22,TermsDocumentScreen
FN:26,(anonymous_1)
FN:30,(anonymous_2)
FN:71,(anonymous_3)
FNF:4
FNH:3
FNDA:1,TermsDocumentScreen
FNDA:1,(anonymous_1)
FNDA:0,(anonymous_2)
FNDA:11,(anonymous_3)
DA:14,1
DA:15,1
DA:16,1
DA:23,1
DA:24,1
DA:26,1
DA:27,1
DA:30,1
DA:31,0
DA:32,0
DA:33,0
DA:35,0
DA:38,1
DA:72,11
DA:73,2
DA:79,9
DA:80,5
DA:90,4
DA:102,1
LF:19
LH:15
BRDA:31,0,0,0
BRDA:31,0,1,0
BRDA:72,1,0,2
BRDA:72,1,1,9
BRDA:79,2,0,5
BRDA:79,2,1,4
BRF:6
BRH:4
end_of_record
TN:
SF:src\presentation\screens\VerifyPendingScreen.tsx
FN:36,VerifyPendingScreen
FN:54,(anonymous_1)
FN:56,(anonymous_2)
FN:61,(anonymous_3)
FN:63,(anonymous_4)
FN:69,(anonymous_5)
FN:72,(anonymous_6)
FN:77,(anonymous_7)
FN:98,(anonymous_8)
FN:148,(anonymous_9)
FN:160,(anonymous_10)
FN:185,(anonymous_11)
FN:210,(anonymous_12)
FNF:13
FNH:12
FNDA:14,VerifyPendingScreen
FNDA:3,(anonymous_1)
FNDA:3,(anonymous_2)
FNDA:3,(anonymous_3)
FNDA:107,(anonymous_4)
FNDA:3,(anonymous_5)
FNDA:1,(anonymous_6)
FNDA:1,(anonymous_7)
FNDA:1,(anonymous_8)
FNDA:0,(anonymous_9)
FNDA:56,(anonymous_10)
FNDA:1,(anonymous_11)
FNDA:1,(anonymous_12)
DA:23,1
DA:24,1
DA:26,1
DA:28,1
DA:45,14
DA:46,14
DA:47,14
DA:48,14
DA:49,14
DA:50,14
DA:51,14
DA:52,14
DA:54,14
DA:55,3
DA:56,3
DA:57,3
DA:61,14
DA:62,3
DA:63,3
DA:64,107
DA:65,107
DA:67,3
DA:68,3
DA:69,3
DA:72,14
DA:73,1
DA:74,1
DA:77,14
DA:78,1
DA:79,1
DA:80,1
DA:81,1
DA:82,1
DA:83,1
DA:84,1
DA:85,1
DA:97,14
DA:99,1
DA:100,1
DA:101,1
DA:102,1
DA:103,1
DA:104,1
DA:105,1
DA:107,1
DA:108,1
DA:114,14
DA:115,14
DA:117,14
DA:120,14
DA:121,14
DA:122,14
DA:124,14
DA:149,0
DA:161,56
DA:186,1
DA:211,1
DA:224,1
LF:58
LH:57
BRDA:78,0,0,0
BRDA:78,0,1,1
BRDA:78,1,0,1
BRDA:78,1,1,1
BRDA:78,1,2,1
BRDA:82,2,0,1
BRDA:82,2,1,0
BRDA:99,3,0,0
BRDA:99,3,1,1
BRDA:99,4,0,1
BRDA:99,4,1,1
BRDA:99,4,2,1
BRDA:115,5,0,14
BRDA:115,5,1,10
BRDA:115,5,2,10
BRDA:117,6,0,12
BRDA:117,6,1,2
BRDA:117,7,0,14
BRDA:117,7,1,13
BRDA:120,8,0,14
BRDA:120,8,1,13
BRDA:120,8,2,3
BRDA:121,9,0,14
BRDA:121,9,1,14
BRDA:130,10,0,14
BRDA:130,10,1,0
BRDA:165,11,0,28
BRDA:165,11,1,28
BRDA:177,12,0,14
BRDA:177,12,1,6
BRDA:183,13,0,14
BRDA:183,13,1,10
BRDA:193,14,0,1
BRDA:193,14,1,13
BRDA:193,15,0,14
BRDA:193,15,1,1
BRDA:198,16,0,0
BRDA:198,16,1,14
BRF:38
BRH:33
end_of_record
TN:
SF:src\presentation\screens\authLayout.ts
FNF:0
FNH:0
DA:5,4
DA:6,4
DA:7,4
DA:8,4
DA:9,4
DA:11,4
DA:13,4
DA:14,4
LF:8
LH:8
BRF:0
BRH:0
end_of_record
TN:
SF:src\presentation\utils\emailField.ts
FN:16,emailValidationMessage
FN:21,requireValidEmail
FN:33,optionalLoginHint
FNF:3
FNH:3
FNDA:7,emailValidationMessage
FNDA:12,requireValidEmail
FNDA:3,optionalLoginHint
DA:6,5
DA:17,7
DA:22,12
DA:23,12
DA:24,5
DA:26,7
DA:36,3
DA:37,2
DA:39,1
DA:40,1
DA:41,1
DA:43,0
LF:12
LH:11
BRDA:23,0,0,5
BRDA:23,0,1,7
BRDA:36,1,0,2
BRDA:36,1,1,1
BRDA:40,2,0,1
BRDA:40,2,1,0
BRF:6
BRH:5
end_of_record
TN:
SF:src\presentation\utils\passwordStrength.ts
FN:7,assessPasswordStrength
FN:23,passwordStrengthLabel
FN:37,passwordStrengthFilledBars
FNF:3
FNH:3
FNDA:24,assessPasswordStrength
FNDA:24,passwordStrengthLabel
FNDA:24,passwordStrengthFilledBars
DA:8,24
DA:9,24
DA:11,9
DA:12,9
DA:13,9
DA:14,9
DA:15,9
DA:16,9
DA:18,9
DA:19,4
DA:20,4
DA:24,24
DA:26,5
DA:28,0
DA:30,4
DA:32,15
DA:38,24
DA:40,5
DA:42,0
DA:44,4
DA:46,15
LF:21
LH:19
BRDA:8,0,0,24
BRDA:8,0,1,0
BRDA:9,1,0,15
BRDA:9,1,1,9
BRDA:12,2,0,6
BRDA:12,2,1,3
BRDA:13,3,0,2
BRDA:13,3,1,7
BRDA:14,4,0,4
BRDA:14,4,1,5
BRDA:14,5,0,9
BRDA:14,5,1,4
BRDA:15,6,0,4
BRDA:15,6,1,5
BRDA:16,7,0,4
BRDA:16,7,1,5
BRDA:18,8,0,5
BRDA:18,8,1,4
BRDA:19,9,0,0
BRDA:19,9,1,4
BRDA:24,10,0,5
BRDA:24,10,1,0
BRDA:24,10,2,4
BRDA:24,10,3,15
BRDA:38,11,0,5
BRDA:38,11,1,0
BRDA:38,11,2,4
BRDA:38,11,3,15
BRF:28
BRH:24
end_of_record
TN:
SF:src\presentation\utils\phoneField.ts
FN:10,resolveSignupPhone
FNF:1
FNH:1
FNDA:4,resolveSignupPhone
DA:14,4
DA:15,4
DA:16,4
DA:17,4
DA:18,2
DA:20,2
DA:21,1
DA:23,1
LF:8
LH:8
BRDA:12,0,0,3
BRDA:14,1,0,4
BRDA:14,1,1,1
BRDA:15,2,0,4
BRDA:15,2,1,1
BRDA:17,3,0,2
BRDA:17,3,1,2
BRDA:20,4,0,1
BRDA:20,4,1,1
BRF:9
BRH:9
end_of_record
TN:
SF:src\providers\ConsentProvider.tsx
FN:41,ConsentProvider
FN:55,(anonymous_1)
FN:58,(anonymous_2)
FN:61,(anonymous_3)
FN:64,(anonymous_4)
FN:72,(anonymous_5)
FN:82,(anonymous_6)
FN:91,(anonymous_7)
FN:98,(anonymous_8)
FN:128,useConsentConfig
FN:142,useConsentContext
FNF:11
FNH:10
FNDA:62,ConsentProvider
FNDA:29,(anonymous_1)
FNDA:29,(anonymous_2)
FNDA:29,(anonymous_3)
FNDA:29,(anonymous_4)
FNDA:4,(anonymous_5)
FNDA:2,(anonymous_6)
FNDA:1,(anonymous_7)
FNDA:62,(anonymous_8)
FNDA:0,useConsentConfig
FNDA:56,useConsentContext
DA:39,8
DA:50,62
DA:51,62
DA:52,62
DA:53,62
DA:55,62
DA:56,29
DA:57,29
DA:59,29
DA:62,29
DA:64,29
DA:65,29
DA:69,62
DA:70,62
DA:72,62
DA:73,4
DA:74,4
DA:75,4
DA:76,4
DA:77,4
DA:78,4
DA:81,62
DA:83,2
DA:84,2
DA:85,2
DA:91,62
DA:92,1
DA:93,1
DA:94,1
DA:97,62
DA:98,62
DA:124,62
DA:132,0
DA:133,0
DA:134,0
DA:136,0
DA:143,56
DA:144,56
DA:145,0
DA:147,56
LF:40
LH:35
BRDA:43,0,0,59
BRDA:59,1,0,29
BRDA:59,1,1,0
BRDA:62,2,0,29
BRDA:62,2,1,0
BRDA:84,3,0,2
BRDA:84,3,1,0
BRDA:103,4,0,62
BRDA:103,4,1,58
BRDA:133,5,0,0
BRDA:133,5,1,0
BRDA:144,6,0,0
BRDA:144,6,1,56
BRF:13
BRH:7
end_of_record
